Building DAG of jobs...
Using shell: /bin/bash
Provided cores: 1 (use --cores to define parallelism)
Rules claiming more threads will be scaled down.
Job stats:
job                               count    min threads    max threads
------------------------------  -------  -------------  -------------
add_annotations_from_alignment        3              1              1
add_annotations_from_ancestors        3              1              1
align_seqs                            1              1              1
all                                   1              1              1
clean_subset_summary                  3              1              1
clean_summary_document                2              1              1
compile_summary_document              3              1              1
create_annotation_file                3              1              1
create_dataset_summary                2              1              1
create_subset_document                3              1              1
create_subset_summary                 3              1              1
infer_tree                            1              1              1
run_grasp                             1              1              1
total                                29              1              1

Select jobs to execute...

[Thu Jun  2 07:49:28 2022]
rule create_dataset_summary:
    input: workflows/example_workflow/datasets/uniprot_ec_1_1_1_86_filtered_reviewed_yes/csv/custom/uniprot_ec_1_1_1_86_filtered_reviewed_yes_annotated.csv
    output: workflows/example_workflow/datasets/uniprot_ec_1_1_1_86_filtered_reviewed_yes/dataset_summary/temp/uniprot_ec_1_1_1_86_filtered_reviewed_yes_summary.ipynb
    log: workflows/example_workflow/datasets/uniprot_ec_1_1_1_86_filtered_reviewed_yes/dataset_summary/temp/uniprot_ec_1_1_1_86_filtered_reviewed_yes_summary.ipynb
    jobid: 24
    reason: Missing output files: workflows/example_workflow/datasets/uniprot_ec_1_1_1_86_filtered_reviewed_yes/dataset_summary/temp/uniprot_ec_1_1_1_86_filtered_reviewed_yes_summary.ipynb
    wildcards: dataset=uniprot_ec_1_1_1_86_filtered_reviewed_yes
    resources: tmpdir=/var/folders/xs/24s9hwqd191f2x7rhdy6_ryc0000gr/T

[Thu Jun  2 07:49:28 2022]
Error in rule create_dataset_summary:
    jobid: 24
    output: workflows/example_workflow/datasets/uniprot_ec_1_1_1_86_filtered_reviewed_yes/dataset_summary/temp/uniprot_ec_1_1_1_86_filtered_reviewed_yes_summary.ipynb
    log: workflows/example_workflow/datasets/uniprot_ec_1_1_1_86_filtered_reviewed_yes/dataset_summary/temp/uniprot_ec_1_1_1_86_filtered_reviewed_yes_summary.ipynb (check log file(s) for error message)

RuleException:
CalledProcessError in line 297 of /Users/uqgfoley/Documents/asr_curation_moved/asr_curation/Snakefile:
Command 'set -euo pipefail;  jupyter-nbconvert --log-level ERROR --execute --output /Users/uqgfoley/Documents/asr_curation_moved/asr_curation/workflows/example_workflow/datasets/uniprot_ec_1_1_1_86_filtered_reviewed_yes/dataset_summary/temp/uniprot_ec_1_1_1_86_filtered_reviewed_yes_summary.ipynb --to notebook --ExecutePreprocessor.timeout=-1 /Users/uqgfoley/Documents/asr_curation_moved/asr_curation/.snakemake/scripts/tmp7uaydexh.create_summary_document.py.ipynb' returned non-zero exit status 127.
  File "/Users/uqgfoley/Documents/asr_curation_moved/asr_curation/Snakefile", line 297, in __rule_create_dataset_summary
  File "/Users/uqgfoley/opt/miniconda3/envs/asr_curation241/lib/python3.10/concurrent/futures/thread.py", line 58, in run
Removing output files of failed job create_dataset_summary since they might be corrupted:
workflows/example_workflow/datasets/uniprot_ec_1_1_1_86_filtered_reviewed_yes/dataset_summary/temp/uniprot_ec_1_1_1_86_filtered_reviewed_yes_summary.ipynb
Job failed, going on with independent jobs.
Select jobs to execute...

[Thu Jun  2 07:49:28 2022]
rule add_annotations_from_alignment:
    input: workflows/example_workflow/datasets/uniprot_ec_2_2_1_6_AND_reviewed_yes/subsets/swissprot/uniprot_ec_2_2_1_6_AND_reviewed_yes_swissprot.aln, workflows/example_workflow/datasets/uniprot_ec_2_2_1_6_AND_reviewed_yes/subsets/swissprot/csv/uniprot_ec_2_2_1_6_AND_reviewed_yes_swissprot.csv
    output: workflows/example_workflow/datasets/uniprot_ec_2_2_1_6_AND_reviewed_yes/subsets/swissprot/csv/uniprot_ec_2_2_1_6_AND_reviewed_yes_swissprot_alignment.csv
    jobid: 14
    reason: Code has changed since last execution
    wildcards: dataset=uniprot_ec_2_2_1_6_AND_reviewed_yes, subset=swissprot
    resources: tmpdir=/var/folders/xs/24s9hwqd191f2x7rhdy6_ryc0000gr/T

[Thu Jun  2 07:49:29 2022]
Finished job 14.
1 of 29 steps (3%) done
Select jobs to execute...

[Thu Jun  2 07:49:29 2022]
rule add_annotations_from_ancestors:
    input: workflows/example_workflow/datasets/uniprot_ec_2_2_1_6_AND_reviewed_yes/subsets/swissprot/csv/uniprot_ec_2_2_1_6_AND_reviewed_yes_swissprot_alignment.csv, workflows/example_workflow/datasets/uniprot_ec_2_2_1_6_AND_reviewed_yes/subsets/swissprot/grasp_results/GRASP_ancestors.fasta
    output: workflows/example_workflow/datasets/uniprot_ec_2_2_1_6_AND_reviewed_yes/subsets/swissprot/csv/uniprot_ec_2_2_1_6_AND_reviewed_yes_swissprot_ancestors.csv
    jobid: 43
    reason: Input files updated by another job: workflows/example_workflow/datasets/uniprot_ec_2_2_1_6_AND_reviewed_yes/subsets/swissprot/csv/uniprot_ec_2_2_1_6_AND_reviewed_yes_swissprot_alignment.csv
    wildcards: dataset=uniprot_ec_2_2_1_6_AND_reviewed_yes, subset=swissprot
    resources: tmpdir=/var/folders/xs/24s9hwqd191f2x7rhdy6_ryc0000gr/T

[Thu Jun  2 07:49:29 2022]
Finished job 43.
2 of 29 steps (7%) done
Select jobs to execute...

[Thu Jun  2 07:49:29 2022]
rule create_subset_summary:
    input: workflows/example_workflow/datasets/uniprot_ec_2_2_1_6_AND_reviewed_yes/subsets/swissprot/uniprot_ec_2_2_1_6_AND_reviewed_yes_swissprot.aln, workflows/example_workflow/datasets/uniprot_ec_2_2_1_6_AND_reviewed_yes/subsets/swissprot/csv/uniprot_ec_2_2_1_6_AND_reviewed_yes_swissprot_ancestors.csv
    output: workflows/example_workflow/datasets/uniprot_ec_2_2_1_6_AND_reviewed_yes/dataset_summary/uniprot_ec_2_2_1_6_AND_reviewed_yes/subsets/swissprot/temp/swissprot_subset_summary.ipynb
    log: workflows/example_workflow/datasets/uniprot_ec_2_2_1_6_AND_reviewed_yes/dataset_summary/uniprot_ec_2_2_1_6_AND_reviewed_yes/subsets/swissprot/temp/swissprot_subset_summary.ipynb
    jobid: 42
    reason: Missing output files: workflows/example_workflow/datasets/uniprot_ec_2_2_1_6_AND_reviewed_yes/dataset_summary/uniprot_ec_2_2_1_6_AND_reviewed_yes/subsets/swissprot/temp/swissprot_subset_summary.ipynb; Input files updated by another job: workflows/example_workflow/datasets/uniprot_ec_2_2_1_6_AND_reviewed_yes/subsets/swissprot/csv/uniprot_ec_2_2_1_6_AND_reviewed_yes_swissprot_ancestors.csv
    wildcards: dataset=uniprot_ec_2_2_1_6_AND_reviewed_yes, subset=swissprot
    resources: tmpdir=/var/folders/xs/24s9hwqd191f2x7rhdy6_ryc0000gr/T

[Thu Jun  2 07:49:29 2022]
Error in rule create_subset_summary:
    jobid: 42
    output: workflows/example_workflow/datasets/uniprot_ec_2_2_1_6_AND_reviewed_yes/dataset_summary/uniprot_ec_2_2_1_6_AND_reviewed_yes/subsets/swissprot/temp/swissprot_subset_summary.ipynb
    log: workflows/example_workflow/datasets/uniprot_ec_2_2_1_6_AND_reviewed_yes/dataset_summary/uniprot_ec_2_2_1_6_AND_reviewed_yes/subsets/swissprot/temp/swissprot_subset_summary.ipynb (check log file(s) for error message)

RuleException:
CalledProcessError in line 320 of /Users/uqgfoley/Documents/asr_curation_moved/asr_curation/Snakefile:
Command 'set -euo pipefail;  jupyter-nbconvert --log-level ERROR --execute --output /Users/uqgfoley/Documents/asr_curation_moved/asr_curation/workflows/example_workflow/datasets/uniprot_ec_2_2_1_6_AND_reviewed_yes/dataset_summary/uniprot_ec_2_2_1_6_AND_reviewed_yes/subsets/swissprot/temp/swissprot_subset_summary.ipynb --to notebook --ExecutePreprocessor.timeout=-1 /Users/uqgfoley/Documents/asr_curation_moved/asr_curation/.snakemake/scripts/tmpl9w8dkqg.create_subset_document.py.ipynb' returned non-zero exit status 127.
  File "/Users/uqgfoley/Documents/asr_curation_moved/asr_curation/Snakefile", line 320, in __rule_create_subset_summary
  File "/Users/uqgfoley/opt/miniconda3/envs/asr_curation241/lib/python3.10/concurrent/futures/thread.py", line 58, in run
Removing output files of failed job create_subset_summary since they might be corrupted:
workflows/example_workflow/datasets/uniprot_ec_2_2_1_6_AND_reviewed_yes/dataset_summary/uniprot_ec_2_2_1_6_AND_reviewed_yes/subsets/swissprot/temp/swissprot_subset_summary.ipynb
Job failed, going on with independent jobs.
Select jobs to execute...

[Thu Jun  2 07:49:29 2022]
rule create_dataset_summary:
    input: workflows/example_workflow/datasets/uniprot_ec_2_2_1_6_AND_reviewed_yes/csv/custom/uniprot_ec_2_2_1_6_AND_reviewed_yes_annotated.csv
    output: workflows/example_workflow/datasets/uniprot_ec_2_2_1_6_AND_reviewed_yes/dataset_summary/temp/uniprot_ec_2_2_1_6_AND_reviewed_yes_summary.ipynb
    log: workflows/example_workflow/datasets/uniprot_ec_2_2_1_6_AND_reviewed_yes/dataset_summary/temp/uniprot_ec_2_2_1_6_AND_reviewed_yes_summary.ipynb
    jobid: 40
    reason: Missing output files: workflows/example_workflow/datasets/uniprot_ec_2_2_1_6_AND_reviewed_yes/dataset_summary/temp/uniprot_ec_2_2_1_6_AND_reviewed_yes_summary.ipynb
    wildcards: dataset=uniprot_ec_2_2_1_6_AND_reviewed_yes
    resources: tmpdir=/var/folders/xs/24s9hwqd191f2x7rhdy6_ryc0000gr/T

[Thu Jun  2 07:49:29 2022]
Error in rule create_dataset_summary:
    jobid: 40
    output: workflows/example_workflow/datasets/uniprot_ec_2_2_1_6_AND_reviewed_yes/dataset_summary/temp/uniprot_ec_2_2_1_6_AND_reviewed_yes_summary.ipynb
    log: workflows/example_workflow/datasets/uniprot_ec_2_2_1_6_AND_reviewed_yes/dataset_summary/temp/uniprot_ec_2_2_1_6_AND_reviewed_yes_summary.ipynb (check log file(s) for error message)

RuleException:
CalledProcessError in line 297 of /Users/uqgfoley/Documents/asr_curation_moved/asr_curation/Snakefile:
Command 'set -euo pipefail;  jupyter-nbconvert --log-level ERROR --execute --output /Users/uqgfoley/Documents/asr_curation_moved/asr_curation/workflows/example_workflow/datasets/uniprot_ec_2_2_1_6_AND_reviewed_yes/dataset_summary/temp/uniprot_ec_2_2_1_6_AND_reviewed_yes_summary.ipynb --to notebook --ExecutePreprocessor.timeout=-1 /Users/uqgfoley/Documents/asr_curation_moved/asr_curation/.snakemake/scripts/tmpjpmj3c6a.create_summary_document.py.ipynb' returned non-zero exit status 127.
  File "/Users/uqgfoley/Documents/asr_curation_moved/asr_curation/Snakefile", line 297, in __rule_create_dataset_summary
  File "/Users/uqgfoley/opt/miniconda3/envs/asr_curation241/lib/python3.10/concurrent/futures/thread.py", line 58, in run
Removing output files of failed job create_dataset_summary since they might be corrupted:
workflows/example_workflow/datasets/uniprot_ec_2_2_1_6_AND_reviewed_yes/dataset_summary/temp/uniprot_ec_2_2_1_6_AND_reviewed_yes_summary.ipynb
Job failed, going on with independent jobs.
Select jobs to execute...

[Thu Jun  2 07:49:29 2022]
rule create_annotation_file:
    input: workflows/example_workflow/datasets/uniprot_ec_2_2_1_6_AND_reviewed_yes/subsets/swissprot/csv/uniprot_ec_2_2_1_6_AND_reviewed_yes_swissprot_alignment.csv
    output: workflows/example_workflow/datasets/uniprot_ec_2_2_1_6_AND_reviewed_yes/subsets/swissprot/csv/uniprot_ec_2_2_1_6_AND_reviewed_yes_swissprot_annotations.txt
    jobid: 13
    reason: Input files updated by another job: workflows/example_workflow/datasets/uniprot_ec_2_2_1_6_AND_reviewed_yes/subsets/swissprot/csv/uniprot_ec_2_2_1_6_AND_reviewed_yes_swissprot_alignment.csv
    wildcards: dataset=uniprot_ec_2_2_1_6_AND_reviewed_yes, subset=swissprot
    resources: tmpdir=/var/folders/xs/24s9hwqd191f2x7rhdy6_ryc0000gr/T

[Thu Jun  2 07:49:30 2022]
Finished job 13.
3 of 29 steps (10%) done
Select jobs to execute...

[Thu Jun  2 07:49:30 2022]
rule add_annotations_from_alignment:
    input: workflows/example_workflow/datasets/uniprot_ec_1_1_1_86_filtered_reviewed_yes/subsets/4loop/uniprot_ec_1_1_1_86_filtered_reviewed_yes_4loop.aln, workflows/example_workflow/datasets/uniprot_ec_1_1_1_86_filtered_reviewed_yes/subsets/4loop/csv/uniprot_ec_1_1_1_86_filtered_reviewed_yes_4loop.csv
    output: workflows/example_workflow/datasets/uniprot_ec_1_1_1_86_filtered_reviewed_yes/subsets/4loop/csv/uniprot_ec_1_1_1_86_filtered_reviewed_yes_4loop_alignment.csv
    jobid: 2
    reason: Missing output files: workflows/example_workflow/datasets/uniprot_ec_1_1_1_86_filtered_reviewed_yes/subsets/4loop/csv/uniprot_ec_1_1_1_86_filtered_reviewed_yes_4loop_alignment.csv
    wildcards: dataset=uniprot_ec_1_1_1_86_filtered_reviewed_yes, subset=4loop
    resources: tmpdir=/var/folders/xs/24s9hwqd191f2x7rhdy6_ryc0000gr/T

[Thu Jun  2 07:49:31 2022]
Finished job 2.
4 of 29 steps (14%) done
Select jobs to execute...

[Thu Jun  2 07:49:31 2022]
rule add_annotations_from_ancestors:
    input: workflows/example_workflow/datasets/uniprot_ec_1_1_1_86_filtered_reviewed_yes/subsets/4loop/csv/uniprot_ec_1_1_1_86_filtered_reviewed_yes_4loop_alignment.csv, workflows/example_workflow/datasets/uniprot_ec_1_1_1_86_filtered_reviewed_yes/subsets/4loop/grasp_results/GRASP_ancestors.fasta
    output: workflows/example_workflow/datasets/uniprot_ec_1_1_1_86_filtered_reviewed_yes/subsets/4loop/csv/uniprot_ec_1_1_1_86_filtered_reviewed_yes_4loop_ancestors.csv
    jobid: 27
    reason: Missing output files: workflows/example_workflow/datasets/uniprot_ec_1_1_1_86_filtered_reviewed_yes/subsets/4loop/csv/uniprot_ec_1_1_1_86_filtered_reviewed_yes_4loop_ancestors.csv; Input files updated by another job: workflows/example_workflow/datasets/uniprot_ec_1_1_1_86_filtered_reviewed_yes/subsets/4loop/csv/uniprot_ec_1_1_1_86_filtered_reviewed_yes_4loop_alignment.csv
    wildcards: dataset=uniprot_ec_1_1_1_86_filtered_reviewed_yes, subset=4loop
    resources: tmpdir=/var/folders/xs/24s9hwqd191f2x7rhdy6_ryc0000gr/T

[Thu Jun  2 07:49:31 2022]
Finished job 27.
5 of 29 steps (17%) done
Select jobs to execute...

[Thu Jun  2 07:49:31 2022]
rule create_subset_summary:
    input: workflows/example_workflow/datasets/uniprot_ec_1_1_1_86_filtered_reviewed_yes/subsets/4loop/uniprot_ec_1_1_1_86_filtered_reviewed_yes_4loop.aln, workflows/example_workflow/datasets/uniprot_ec_1_1_1_86_filtered_reviewed_yes/subsets/4loop/csv/uniprot_ec_1_1_1_86_filtered_reviewed_yes_4loop_ancestors.csv
    output: workflows/example_workflow/datasets/uniprot_ec_1_1_1_86_filtered_reviewed_yes/dataset_summary/uniprot_ec_1_1_1_86_filtered_reviewed_yes/subsets/4loop/temp/4loop_subset_summary.ipynb
    log: workflows/example_workflow/datasets/uniprot_ec_1_1_1_86_filtered_reviewed_yes/dataset_summary/uniprot_ec_1_1_1_86_filtered_reviewed_yes/subsets/4loop/temp/4loop_subset_summary.ipynb
    jobid: 26
    reason: Missing output files: workflows/example_workflow/datasets/uniprot_ec_1_1_1_86_filtered_reviewed_yes/dataset_summary/uniprot_ec_1_1_1_86_filtered_reviewed_yes/subsets/4loop/temp/4loop_subset_summary.ipynb; Input files updated by another job: workflows/example_workflow/datasets/uniprot_ec_1_1_1_86_filtered_reviewed_yes/subsets/4loop/csv/uniprot_ec_1_1_1_86_filtered_reviewed_yes_4loop_ancestors.csv
    wildcards: dataset=uniprot_ec_1_1_1_86_filtered_reviewed_yes, subset=4loop
    resources: tmpdir=/var/folders/xs/24s9hwqd191f2x7rhdy6_ryc0000gr/T

[Thu Jun  2 07:49:31 2022]
Error in rule create_subset_summary:
    jobid: 26
    output: workflows/example_workflow/datasets/uniprot_ec_1_1_1_86_filtered_reviewed_yes/dataset_summary/uniprot_ec_1_1_1_86_filtered_reviewed_yes/subsets/4loop/temp/4loop_subset_summary.ipynb
    log: workflows/example_workflow/datasets/uniprot_ec_1_1_1_86_filtered_reviewed_yes/dataset_summary/uniprot_ec_1_1_1_86_filtered_reviewed_yes/subsets/4loop/temp/4loop_subset_summary.ipynb (check log file(s) for error message)

RuleException:
CalledProcessError in line 320 of /Users/uqgfoley/Documents/asr_curation_moved/asr_curation/Snakefile:
Command 'set -euo pipefail;  jupyter-nbconvert --log-level ERROR --execute --output /Users/uqgfoley/Documents/asr_curation_moved/asr_curation/workflows/example_workflow/datasets/uniprot_ec_1_1_1_86_filtered_reviewed_yes/dataset_summary/uniprot_ec_1_1_1_86_filtered_reviewed_yes/subsets/4loop/temp/4loop_subset_summary.ipynb --to notebook --ExecutePreprocessor.timeout=-1 /Users/uqgfoley/Documents/asr_curation_moved/asr_curation/.snakemake/scripts/tmpvhl44i5j.create_subset_document.py.ipynb' returned non-zero exit status 127.
  File "/Users/uqgfoley/Documents/asr_curation_moved/asr_curation/Snakefile", line 320, in __rule_create_subset_summary
  File "/Users/uqgfoley/opt/miniconda3/envs/asr_curation241/lib/python3.10/concurrent/futures/thread.py", line 58, in run
Removing output files of failed job create_subset_summary since they might be corrupted:
workflows/example_workflow/datasets/uniprot_ec_1_1_1_86_filtered_reviewed_yes/dataset_summary/uniprot_ec_1_1_1_86_filtered_reviewed_yes/subsets/4loop/temp/4loop_subset_summary.ipynb
Job failed, going on with independent jobs.
Select jobs to execute...

[Thu Jun  2 07:49:31 2022]
rule create_annotation_file:
    input: workflows/example_workflow/datasets/uniprot_ec_1_1_1_86_filtered_reviewed_yes/subsets/4loop/csv/uniprot_ec_1_1_1_86_filtered_reviewed_yes_4loop_alignment.csv
    output: workflows/example_workflow/datasets/uniprot_ec_1_1_1_86_filtered_reviewed_yes/subsets/4loop/csv/uniprot_ec_1_1_1_86_filtered_reviewed_yes_4loop_annotations.txt
    jobid: 1
    reason: Missing output files: workflows/example_workflow/datasets/uniprot_ec_1_1_1_86_filtered_reviewed_yes/subsets/4loop/csv/uniprot_ec_1_1_1_86_filtered_reviewed_yes_4loop_annotations.txt; Input files updated by another job: workflows/example_workflow/datasets/uniprot_ec_1_1_1_86_filtered_reviewed_yes/subsets/4loop/csv/uniprot_ec_1_1_1_86_filtered_reviewed_yes_4loop_alignment.csv
    wildcards: dataset=uniprot_ec_1_1_1_86_filtered_reviewed_yes, subset=4loop
    resources: tmpdir=/var/folders/xs/24s9hwqd191f2x7rhdy6_ryc0000gr/T

[Thu Jun  2 07:49:32 2022]
Finished job 1.
6 of 29 steps (21%) done
Select jobs to execute...

[Thu Jun  2 07:49:32 2022]
rule align_seqs:
    input: workflows/example_workflow/datasets/uniprot_ec_1_1_1_86_filtered_reviewed_yes/subsets/7loop/uniprot_ec_1_1_1_86_filtered_reviewed_yes_7loop.fasta
    output: workflows/example_workflow/datasets/uniprot_ec_1_1_1_86_filtered_reviewed_yes/subsets/7loop/uniprot_ec_1_1_1_86_filtered_reviewed_yes_7loop.aln
    jobid: 11
    reason: Missing output files: workflows/example_workflow/datasets/uniprot_ec_1_1_1_86_filtered_reviewed_yes/subsets/7loop/uniprot_ec_1_1_1_86_filtered_reviewed_yes_7loop.aln
    wildcards: dataset=uniprot_ec_1_1_1_86_filtered_reviewed_yes, subset=7loop
    resources: tmpdir=/var/folders/xs/24s9hwqd191f2x7rhdy6_ryc0000gr/T

[Thu Jun  2 07:49:32 2022]
Error in rule align_seqs:
    jobid: 11
    output: workflows/example_workflow/datasets/uniprot_ec_1_1_1_86_filtered_reviewed_yes/subsets/7loop/uniprot_ec_1_1_1_86_filtered_reviewed_yes_7loop.aln
    shell:
        mafft --reorder workflows/example_workflow/datasets/uniprot_ec_1_1_1_86_filtered_reviewed_yes/subsets/7loop/uniprot_ec_1_1_1_86_filtered_reviewed_yes_7loop.fasta > workflows/example_workflow/datasets/uniprot_ec_1_1_1_86_filtered_reviewed_yes/subsets/7loop/uniprot_ec_1_1_1_86_filtered_reviewed_yes_7loop.aln
        (one of the commands exited with non-zero exit code; note that snakemake uses bash strict mode!)

Removing output files of failed job align_seqs since they might be corrupted:
workflows/example_workflow/datasets/uniprot_ec_1_1_1_86_filtered_reviewed_yes/subsets/7loop/uniprot_ec_1_1_1_86_filtered_reviewed_yes_7loop.aln
Job failed, going on with independent jobs.
Exiting because a job execution failed. Look above for error message
BUG: Out of jobs ready to be started, but not all files built yet. Please check https://github.com/snakemake/snakemake/issues/823 for more information.
Remaining jobs:
 - clean_subset_summary: workflows/example_workflow/datasets/uniprot_ec_2_2_1_6_AND_reviewed_yes/dataset_summary/uniprot_ec_2_2_1_6_AND_reviewed_yes/subsets/swissprot/swissprot_subset_summary_cleaned.ipynb
 - create_subset_summary: workflows/example_workflow/datasets/uniprot_ec_1_1_1_86_filtered_reviewed_yes/dataset_summary/uniprot_ec_1_1_1_86_filtered_reviewed_yes/subsets/4loop/temp/4loop_subset_summary.ipynb
 - align_seqs: workflows/example_workflow/datasets/uniprot_ec_1_1_1_86_filtered_reviewed_yes/subsets/7loop/uniprot_ec_1_1_1_86_filtered_reviewed_yes_7loop.aln
 - add_annotations_from_ancestors: workflows/example_workflow/datasets/uniprot_ec_1_1_1_86_filtered_reviewed_yes/subsets/7loop/csv/uniprot_ec_1_1_1_86_filtered_reviewed_yes_7loop_ancestors.csv
 - create_subset_summary: workflows/example_workflow/datasets/uniprot_ec_2_2_1_6_AND_reviewed_yes/dataset_summary/uniprot_ec_2_2_1_6_AND_reviewed_yes/subsets/swissprot/temp/swissprot_subset_summary.ipynb
 - run_grasp: workflows/example_workflow/datasets/uniprot_ec_1_1_1_86_filtered_reviewed_yes/subsets/7loop/grasp_results, workflows/example_workflow/datasets/uniprot_ec_1_1_1_86_filtered_reviewed_yes/subsets/7loop/grasp_results/GRASP_ancestors.fasta, workflows/example_workflow/datasets/uniprot_ec_1_1_1_86_filtered_reviewed_yes/subsets/7loop/grasp_results/GRASP_ancestors.nwk
 - all: 
 - infer_tree: workflows/example_workflow/datasets/uniprot_ec_1_1_1_86_filtered_reviewed_yes/subsets/7loop/uniprot_ec_1_1_1_86_filtered_reviewed_yes_7loop.nwk
 - compile_summary_document: workflows/example_workflow/datasets/uniprot_ec_1_1_1_86_filtered_reviewed_yes/dataset_summary/4loop/_build/html/index.html
 - compile_summary_document: workflows/example_workflow/datasets/uniprot_ec_2_2_1_6_AND_reviewed_yes/dataset_summary/swissprot/_build/html/index.html
 - create_subset_document: workflows/example_workflow/datasets/uniprot_ec_1_1_1_86_filtered_reviewed_yes/dataset_summary/4loop/_config.yml, workflows/example_workflow/datasets/uniprot_ec_1_1_1_86_filtered_reviewed_yes/dataset_summary/4loop/_toc.yml
 - compile_summary_document: workflows/example_workflow/datasets/uniprot_ec_1_1_1_86_filtered_reviewed_yes/dataset_summary/7loop/_build/html/index.html
 - create_subset_document: workflows/example_workflow/datasets/uniprot_ec_2_2_1_6_AND_reviewed_yes/dataset_summary/swissprot/_config.yml, workflows/example_workflow/datasets/uniprot_ec_2_2_1_6_AND_reviewed_yes/dataset_summary/swissprot/_toc.yml
 - clean_summary_document: workflows/example_workflow/datasets/uniprot_ec_1_1_1_86_filtered_reviewed_yes/dataset_summary/uniprot_ec_1_1_1_86_filtered_reviewed_yes_summary_cleaned.ipynb
 - create_subset_document: workflows/example_workflow/datasets/uniprot_ec_1_1_1_86_filtered_reviewed_yes/dataset_summary/7loop/_config.yml, workflows/example_workflow/datasets/uniprot_ec_1_1_1_86_filtered_reviewed_yes/dataset_summary/7loop/_toc.yml
 - clean_summary_document: workflows/example_workflow/datasets/uniprot_ec_2_2_1_6_AND_reviewed_yes/dataset_summary/uniprot_ec_2_2_1_6_AND_reviewed_yes_summary_cleaned.ipynb
 - create_dataset_summary: workflows/example_workflow/datasets/uniprot_ec_1_1_1_86_filtered_reviewed_yes/dataset_summary/temp/uniprot_ec_1_1_1_86_filtered_reviewed_yes_summary.ipynb
 - create_annotation_file: workflows/example_workflow/datasets/uniprot_ec_1_1_1_86_filtered_reviewed_yes/subsets/7loop/csv/uniprot_ec_1_1_1_86_filtered_reviewed_yes_7loop_annotations.txt
 - clean_subset_summary: workflows/example_workflow/datasets/uniprot_ec_1_1_1_86_filtered_reviewed_yes/dataset_summary/uniprot_ec_1_1_1_86_filtered_reviewed_yes/subsets/7loop/7loop_subset_summary_cleaned.ipynb
 - create_dataset_summary: workflows/example_workflow/datasets/uniprot_ec_2_2_1_6_AND_reviewed_yes/dataset_summary/temp/uniprot_ec_2_2_1_6_AND_reviewed_yes_summary.ipynb
 - clean_subset_summary: workflows/example_workflow/datasets/uniprot_ec_1_1_1_86_filtered_reviewed_yes/dataset_summary/uniprot_ec_1_1_1_86_filtered_reviewed_yes/subsets/4loop/4loop_subset_summary_cleaned.ipynb
 - add_annotations_from_alignment: workflows/example_workflow/datasets/uniprot_ec_1_1_1_86_filtered_reviewed_yes/subsets/7loop/csv/uniprot_ec_1_1_1_86_filtered_reviewed_yes_7loop_alignment.csv
 - create_subset_summary: workflows/example_workflow/datasets/uniprot_ec_1_1_1_86_filtered_reviewed_yes/dataset_summary/uniprot_ec_1_1_1_86_filtered_reviewed_yes/subsets/7loop/temp/7loop_subset_summary.ipynb
Complete log: .snakemake/log/2022-06-02T074928.391426.snakemake.log
