Building DAG of jobs...
Using shell: /bin/bash
Provided cores: 1 (use --cores to define parallelism)
Rules claiming more threads will be scaled down.
Job stats:
job                               count    min threads    max threads
------------------------------  -------  -------------  -------------
add_annotations_from_alignment        1              1              1
add_annotations_from_ancestors        1              1              1
align_seqs                            1              1              1
all                                   1              1              1
clean_subset_summary                  3              1              1
clean_summary_document                2              1              1
compile_summary_document              3              1              1
create_annotation_file                1              1              1
create_dataset_summary                2              1              1
create_subset_document                3              1              1
create_subset_summary                 3              1              1
infer_tree                            1              1              1
run_grasp                             1              1              1
total                                23              1              1

Select jobs to execute...

[Thu Jun  2 08:02:23 2022]
rule create_dataset_summary:
    input: workflows/example_workflow/datasets/uniprot_ec_1_1_1_86_filtered_reviewed_yes/csv/custom/uniprot_ec_1_1_1_86_filtered_reviewed_yes_annotated.csv
    output: workflows/example_workflow/datasets/uniprot_ec_1_1_1_86_filtered_reviewed_yes/dataset_summary/temp/uniprot_ec_1_1_1_86_filtered_reviewed_yes_summary.ipynb
    log: workflows/example_workflow/datasets/uniprot_ec_1_1_1_86_filtered_reviewed_yes/dataset_summary/temp/uniprot_ec_1_1_1_86_filtered_reviewed_yes_summary.ipynb
    jobid: 24
    reason: Missing output files: workflows/example_workflow/datasets/uniprot_ec_1_1_1_86_filtered_reviewed_yes/dataset_summary/temp/uniprot_ec_1_1_1_86_filtered_reviewed_yes_summary.ipynb
    wildcards: dataset=uniprot_ec_1_1_1_86_filtered_reviewed_yes
    resources: tmpdir=/var/folders/xs/24s9hwqd191f2x7rhdy6_ryc0000gr/T

[Thu Jun  2 08:02:56 2022]
Finished job 24.
1 of 23 steps (4%) done
Select jobs to execute...

[Thu Jun  2 08:02:56 2022]
rule create_subset_summary:
    input: workflows/example_workflow/datasets/uniprot_ec_2_2_1_6_AND_reviewed_yes/subsets/swissprot/uniprot_ec_2_2_1_6_AND_reviewed_yes_swissprot.aln, workflows/example_workflow/datasets/uniprot_ec_2_2_1_6_AND_reviewed_yes/subsets/swissprot/csv/uniprot_ec_2_2_1_6_AND_reviewed_yes_swissprot_ancestors.csv
    output: workflows/example_workflow/datasets/uniprot_ec_2_2_1_6_AND_reviewed_yes/dataset_summary/uniprot_ec_2_2_1_6_AND_reviewed_yes/subsets/swissprot/temp/swissprot_subset_summary.ipynb
    log: workflows/example_workflow/datasets/uniprot_ec_2_2_1_6_AND_reviewed_yes/dataset_summary/uniprot_ec_2_2_1_6_AND_reviewed_yes/subsets/swissprot/temp/swissprot_subset_summary.ipynb
    jobid: 42
    reason: Missing output files: workflows/example_workflow/datasets/uniprot_ec_2_2_1_6_AND_reviewed_yes/dataset_summary/uniprot_ec_2_2_1_6_AND_reviewed_yes/subsets/swissprot/temp/swissprot_subset_summary.ipynb
    wildcards: dataset=uniprot_ec_2_2_1_6_AND_reviewed_yes, subset=swissprot
    resources: tmpdir=/var/folders/xs/24s9hwqd191f2x7rhdy6_ryc0000gr/T

Terminating processes on user request, this might take some time.
[Thu Jun  2 08:04:29 2022]
Error in rule create_subset_summary:
    jobid: 42
    output: workflows/example_workflow/datasets/uniprot_ec_2_2_1_6_AND_reviewed_yes/dataset_summary/uniprot_ec_2_2_1_6_AND_reviewed_yes/subsets/swissprot/temp/swissprot_subset_summary.ipynb
    log: workflows/example_workflow/datasets/uniprot_ec_2_2_1_6_AND_reviewed_yes/dataset_summary/uniprot_ec_2_2_1_6_AND_reviewed_yes/subsets/swissprot/temp/swissprot_subset_summary.ipynb (check log file(s) for error message)

RuleException:
CalledProcessError in line 320 of /Users/uqgfoley/Documents/asr_curation_moved/asr_curation/Snakefile:
Command 'set -euo pipefail;  jupyter-nbconvert --log-level ERROR --execute --output /Users/uqgfoley/Documents/asr_curation_moved/asr_curation/workflows/example_workflow/datasets/uniprot_ec_2_2_1_6_AND_reviewed_yes/dataset_summary/uniprot_ec_2_2_1_6_AND_reviewed_yes/subsets/swissprot/temp/swissprot_subset_summary.ipynb --to notebook --ExecutePreprocessor.timeout=-1 /Users/uqgfoley/Documents/asr_curation_moved/asr_curation/.snakemake/scripts/tmp9gsbvynf.create_subset_document.py.ipynb' died with <Signals.SIGINT: 2>.
  File "/Users/uqgfoley/Documents/asr_curation_moved/asr_curation/Snakefile", line 320, in __rule_create_subset_summary
  File "/Users/uqgfoley/opt/miniconda3/envs/asr_curation241/lib/python3.10/concurrent/futures/thread.py", line 58, in run
Complete log: .snakemake/log/2022-06-02T080222.900256.snakemake.log
