Building DAG of jobs...
Using shell: /bin/bash
Provided cores: 1 (use --cores to define parallelism)
Rules claiming more threads will be scaled down.
Job stats:
job                               count    min threads    max threads
------------------------------  -------  -------------  -------------
add_annotations_from_alignment        2              1              1
add_custom_annotations                1              1              1
align_seqs                            2              1              1
all                                   1              1              1
clean_subset_summary                  2              1              1
clean_summary_document                1              1              1
compile_summary_document              2              1              1
create_annotation_file                2              1              1
create_annotations                    1              1              1
create_dataset_summary                1              1              1
create_subset_document                2              1              1
create_subset_summary                 2              1              1
create_subsets                        2              1              1
get_brenda_annotations                1              1              1
get_uniprot_annotations               1              1              1
total                                23              1              1

Select jobs to execute...

[Fri Jun  3 13:27:35 2022]
rule create_annotations:
    input: workflows/example_workflow/fasta/uniprot_ec_1_1_1_86_filtered_reviewed_yes.fasta
    output: workflows/example_workflow/datasets/uniprot_ec_1_1_1_86_filtered_reviewed_yes/csv/original/uniprot_ec_1_1_1_86_filtered_reviewed_yes_original.csv
    jobid: 8
    reason: Missing output files: workflows/example_workflow/datasets/uniprot_ec_1_1_1_86_filtered_reviewed_yes/csv/original/uniprot_ec_1_1_1_86_filtered_reviewed_yes_original.csv
    wildcards: dataset=uniprot_ec_1_1_1_86_filtered_reviewed_yes
    resources: tmpdir=/var/folders/xs/24s9hwqd191f2x7rhdy6_ryc0000gr/T

[Fri Jun  3 13:27:36 2022]
Error in rule create_annotations:
    jobid: 8
    output: workflows/example_workflow/datasets/uniprot_ec_1_1_1_86_filtered_reviewed_yes/csv/original/uniprot_ec_1_1_1_86_filtered_reviewed_yes_original.csv

RuleException:
CalledProcessError in line 118 of /Users/uqgfoley/Documents/asr_curation_moved/asr_curation/Snakefile:
Command 'set -euo pipefail;  /Users/uqgfoley/opt/miniconda3/envs/asr_curation241/bin/python /Users/uqgfoley/Documents/asr_curation_moved/asr_curation/.snakemake/scripts/tmp_jrt5k89.create_annotations.py' returned non-zero exit status 120.
  File "/Users/uqgfoley/Documents/asr_curation_moved/asr_curation/Snakefile", line 118, in __rule_create_annotations
  File "/Users/uqgfoley/opt/miniconda3/envs/asr_curation241/lib/python3.10/concurrent/futures/thread.py", line 58, in run
Shutting down, this might take some time.
Exiting because a job execution failed. Look above for error message
Complete log: .snakemake/log/2022-06-03T132735.745081.snakemake.log
