Building DAG of jobs...
Using shell: /bin/bash
Provided cores: 1 (use --cores to define parallelism)
Rules claiming more threads will be scaled down.
Job stats:
job                               count    min threads    max threads
------------------------------  -------  -------------  -------------
add_annotations_from_alignment        2              1              1
align_seqs                            1              1              1
all                                   1              1              1
clean_subset_summary                  2              1              1
compile_summary_document              2              1              1
create_annotation_file                2              1              1
create_subset_document                2              1              1
create_subset_summary                 2              1              1
total                                14              1              1

Select jobs to execute...

[Thu Jun  2 18:29:55 2022]
rule add_annotations_from_alignment:
    input: workflows/example_workflow/datasets/uniprot_ec_1_1_1_86_filtered_reviewed_yes/subsets/eukaryotic_kari/uniprot_ec_1_1_1_86_filtered_reviewed_yes_eukaryotic_kari.aln, workflows/example_workflow/datasets/uniprot_ec_1_1_1_86_filtered_reviewed_yes/subsets/eukaryotic_kari/csv/uniprot_ec_1_1_1_86_filtered_reviewed_yes_eukaryotic_kari.csv
    output: workflows/example_workflow/datasets/uniprot_ec_1_1_1_86_filtered_reviewed_yes/subsets/eukaryotic_kari/csv/uniprot_ec_1_1_1_86_filtered_reviewed_yes_eukaryotic_kari_alignment.csv
    jobid: 2
    reason: Missing output files: workflows/example_workflow/datasets/uniprot_ec_1_1_1_86_filtered_reviewed_yes/subsets/eukaryotic_kari/csv/uniprot_ec_1_1_1_86_filtered_reviewed_yes_eukaryotic_kari_alignment.csv
    wildcards: dataset=uniprot_ec_1_1_1_86_filtered_reviewed_yes, subset=eukaryotic_kari
    resources: tmpdir=/var/folders/xs/24s9hwqd191f2x7rhdy6_ryc0000gr/T

[Thu Jun  2 18:29:56 2022]
Finished job 2.
1 of 14 steps (7%) done
Select jobs to execute...

[Thu Jun  2 18:29:56 2022]
rule create_subset_summary:
    input: workflows/example_workflow/datasets/uniprot_ec_1_1_1_86_filtered_reviewed_yes/subsets/eukaryotic_kari/uniprot_ec_1_1_1_86_filtered_reviewed_yes_eukaryotic_kari.aln, workflows/example_workflow/datasets/uniprot_ec_1_1_1_86_filtered_reviewed_yes/subsets/eukaryotic_kari/csv/uniprot_ec_1_1_1_86_filtered_reviewed_yes_eukaryotic_kari_alignment.csv
    output: workflows/example_workflow/datasets/uniprot_ec_1_1_1_86_filtered_reviewed_yes/dataset_summary/uniprot_ec_1_1_1_86_filtered_reviewed_yes/subsets/eukaryotic_kari/temp/eukaryotic_kari_subset_summary.ipynb
    log: workflows/example_workflow/datasets/uniprot_ec_1_1_1_86_filtered_reviewed_yes/dataset_summary/uniprot_ec_1_1_1_86_filtered_reviewed_yes/subsets/eukaryotic_kari/temp/eukaryotic_kari_subset_summary.ipynb
    jobid: 18
    reason: Missing output files: workflows/example_workflow/datasets/uniprot_ec_1_1_1_86_filtered_reviewed_yes/dataset_summary/uniprot_ec_1_1_1_86_filtered_reviewed_yes/subsets/eukaryotic_kari/temp/eukaryotic_kari_subset_summary.ipynb; Input files updated by another job: workflows/example_workflow/datasets/uniprot_ec_1_1_1_86_filtered_reviewed_yes/subsets/eukaryotic_kari/csv/uniprot_ec_1_1_1_86_filtered_reviewed_yes_eukaryotic_kari_alignment.csv
    wildcards: dataset=uniprot_ec_1_1_1_86_filtered_reviewed_yes, subset=eukaryotic_kari
    resources: tmpdir=/var/folders/xs/24s9hwqd191f2x7rhdy6_ryc0000gr/T

[Thu Jun  2 18:30:22 2022]
Finished job 18.
2 of 14 steps (14%) done
Select jobs to execute...

[Thu Jun  2 18:30:22 2022]
rule clean_subset_summary:
    input: workflows/example_workflow/datasets/uniprot_ec_1_1_1_86_filtered_reviewed_yes/dataset_summary/uniprot_ec_1_1_1_86_filtered_reviewed_yes/subsets/eukaryotic_kari/temp/eukaryotic_kari_subset_summary.ipynb
    output: workflows/example_workflow/datasets/uniprot_ec_1_1_1_86_filtered_reviewed_yes/dataset_summary/uniprot_ec_1_1_1_86_filtered_reviewed_yes/subsets/eukaryotic_kari/eukaryotic_kari_subset_summary_cleaned.ipynb
    jobid: 17
    reason: Missing output files: workflows/example_workflow/datasets/uniprot_ec_1_1_1_86_filtered_reviewed_yes/dataset_summary/uniprot_ec_1_1_1_86_filtered_reviewed_yes/subsets/eukaryotic_kari/eukaryotic_kari_subset_summary_cleaned.ipynb; Input files updated by another job: workflows/example_workflow/datasets/uniprot_ec_1_1_1_86_filtered_reviewed_yes/dataset_summary/uniprot_ec_1_1_1_86_filtered_reviewed_yes/subsets/eukaryotic_kari/temp/eukaryotic_kari_subset_summary.ipynb
    wildcards: dataset=uniprot_ec_1_1_1_86_filtered_reviewed_yes, subset=eukaryotic_kari
    resources: tmpdir=/var/folders/xs/24s9hwqd191f2x7rhdy6_ryc0000gr/T

[Thu Jun  2 18:30:22 2022]
Finished job 17.
3 of 14 steps (21%) done
Select jobs to execute...

[Thu Jun  2 18:30:22 2022]
rule create_subset_document:
    input: workflows/example_workflow/datasets/uniprot_ec_1_1_1_86_filtered_reviewed_yes/dataset_summary/uniprot_ec_1_1_1_86_filtered_reviewed_yes_summary_cleaned.ipynb, workflows/example_workflow/datasets/uniprot_ec_1_1_1_86_filtered_reviewed_yes/dataset_summary/uniprot_ec_1_1_1_86_filtered_reviewed_yes/subsets/eukaryotic_kari/eukaryotic_kari_subset_summary_cleaned.ipynb
    output: workflows/example_workflow/datasets/uniprot_ec_1_1_1_86_filtered_reviewed_yes/dataset_summary/eukaryotic_kari/_config.yml, workflows/example_workflow/datasets/uniprot_ec_1_1_1_86_filtered_reviewed_yes/dataset_summary/eukaryotic_kari/_toc.yml
    jobid: 14
    reason: Missing output files: workflows/example_workflow/datasets/uniprot_ec_1_1_1_86_filtered_reviewed_yes/dataset_summary/eukaryotic_kari/_config.yml; Input files updated by another job: workflows/example_workflow/datasets/uniprot_ec_1_1_1_86_filtered_reviewed_yes/dataset_summary/uniprot_ec_1_1_1_86_filtered_reviewed_yes/subsets/eukaryotic_kari/eukaryotic_kari_subset_summary_cleaned.ipynb
    wildcards: dataset=uniprot_ec_1_1_1_86_filtered_reviewed_yes, subset=eukaryotic_kari
    resources: tmpdir=/var/folders/xs/24s9hwqd191f2x7rhdy6_ryc0000gr/T

[Thu Jun  2 18:30:23 2022]
Finished job 14.
4 of 14 steps (29%) done
Select jobs to execute...

[Thu Jun  2 18:30:23 2022]
rule create_annotation_file:
    input: workflows/example_workflow/datasets/uniprot_ec_1_1_1_86_filtered_reviewed_yes/subsets/eukaryotic_kari/csv/uniprot_ec_1_1_1_86_filtered_reviewed_yes_eukaryotic_kari_alignment.csv
    output: workflows/example_workflow/datasets/uniprot_ec_1_1_1_86_filtered_reviewed_yes/subsets/eukaryotic_kari/csv/uniprot_ec_1_1_1_86_filtered_reviewed_yes_eukaryotic_kari_annotations.txt
    jobid: 1
    reason: Missing output files: workflows/example_workflow/datasets/uniprot_ec_1_1_1_86_filtered_reviewed_yes/subsets/eukaryotic_kari/csv/uniprot_ec_1_1_1_86_filtered_reviewed_yes_eukaryotic_kari_annotations.txt; Input files updated by another job: workflows/example_workflow/datasets/uniprot_ec_1_1_1_86_filtered_reviewed_yes/subsets/eukaryotic_kari/csv/uniprot_ec_1_1_1_86_filtered_reviewed_yes_eukaryotic_kari_alignment.csv
    wildcards: dataset=uniprot_ec_1_1_1_86_filtered_reviewed_yes, subset=eukaryotic_kari
    resources: tmpdir=/var/folders/xs/24s9hwqd191f2x7rhdy6_ryc0000gr/T

[Thu Jun  2 18:30:23 2022]
Finished job 1.
5 of 14 steps (36%) done
Select jobs to execute...

[Thu Jun  2 18:30:23 2022]
rule compile_summary_document:
    input: workflows/example_workflow/datasets/uniprot_ec_1_1_1_86_filtered_reviewed_yes/dataset_summary/eukaryotic_kari/_config.yml
    output: workflows/example_workflow/datasets/uniprot_ec_1_1_1_86_filtered_reviewed_yes/dataset_summary/eukaryotic_kari/_build/html/index.html
    jobid: 13
    reason: Missing output files: workflows/example_workflow/datasets/uniprot_ec_1_1_1_86_filtered_reviewed_yes/dataset_summary/eukaryotic_kari/_build/html/index.html; Input files updated by another job: workflows/example_workflow/datasets/uniprot_ec_1_1_1_86_filtered_reviewed_yes/dataset_summary/eukaryotic_kari/_config.yml
    wildcards: dataset=uniprot_ec_1_1_1_86_filtered_reviewed_yes, subset=eukaryotic_kari
    resources: tmpdir=/var/folders/xs/24s9hwqd191f2x7rhdy6_ryc0000gr/T

[Thu Jun  2 18:31:13 2022]
Finished job 13.
6 of 14 steps (43%) done
Select jobs to execute...

[Thu Jun  2 18:31:13 2022]
rule align_seqs:
    input: workflows/example_workflow/datasets/uniprot_ec_1_1_1_86_filtered_reviewed_yes/subsets/classI_kari/uniprot_ec_1_1_1_86_filtered_reviewed_yes_classI_kari.fasta
    output: workflows/example_workflow/datasets/uniprot_ec_1_1_1_86_filtered_reviewed_yes/subsets/classI_kari/uniprot_ec_1_1_1_86_filtered_reviewed_yes_classI_kari.aln
    jobid: 11
    reason: Missing output files: workflows/example_workflow/datasets/uniprot_ec_1_1_1_86_filtered_reviewed_yes/subsets/classI_kari/uniprot_ec_1_1_1_86_filtered_reviewed_yes_classI_kari.aln
    wildcards: dataset=uniprot_ec_1_1_1_86_filtered_reviewed_yes, subset=classI_kari
    resources: tmpdir=/var/folders/xs/24s9hwqd191f2x7rhdy6_ryc0000gr/T

[Thu Jun  2 18:31:13 2022]
Error in rule align_seqs:
    jobid: 11
    output: workflows/example_workflow/datasets/uniprot_ec_1_1_1_86_filtered_reviewed_yes/subsets/classI_kari/uniprot_ec_1_1_1_86_filtered_reviewed_yes_classI_kari.aln
    shell:
        mafft --reorder workflows/example_workflow/datasets/uniprot_ec_1_1_1_86_filtered_reviewed_yes/subsets/classI_kari/uniprot_ec_1_1_1_86_filtered_reviewed_yes_classI_kari.fasta > workflows/example_workflow/datasets/uniprot_ec_1_1_1_86_filtered_reviewed_yes/subsets/classI_kari/uniprot_ec_1_1_1_86_filtered_reviewed_yes_classI_kari.aln
        (one of the commands exited with non-zero exit code; note that snakemake uses bash strict mode!)

Removing output files of failed job align_seqs since they might be corrupted:
workflows/example_workflow/datasets/uniprot_ec_1_1_1_86_filtered_reviewed_yes/subsets/classI_kari/uniprot_ec_1_1_1_86_filtered_reviewed_yes_classI_kari.aln
Job failed, going on with independent jobs.
Exiting because a job execution failed. Look above for error message
BUG: Out of jobs ready to be started, but not all files built yet. Please check https://github.com/snakemake/snakemake/issues/823 for more information.
Remaining jobs:
 - create_annotation_file: workflows/example_workflow/datasets/uniprot_ec_1_1_1_86_filtered_reviewed_yes/subsets/classI_kari/csv/uniprot_ec_1_1_1_86_filtered_reviewed_yes_classI_kari_annotations.txt
 - align_seqs: workflows/example_workflow/datasets/uniprot_ec_1_1_1_86_filtered_reviewed_yes/subsets/classI_kari/uniprot_ec_1_1_1_86_filtered_reviewed_yes_classI_kari.aln
 - all: 
 - compile_summary_document: workflows/example_workflow/datasets/uniprot_ec_1_1_1_86_filtered_reviewed_yes/dataset_summary/classI_kari/_build/html/index.html
 - clean_subset_summary: workflows/example_workflow/datasets/uniprot_ec_1_1_1_86_filtered_reviewed_yes/dataset_summary/uniprot_ec_1_1_1_86_filtered_reviewed_yes/subsets/classI_kari/classI_kari_subset_summary_cleaned.ipynb
 - add_annotations_from_alignment: workflows/example_workflow/datasets/uniprot_ec_1_1_1_86_filtered_reviewed_yes/subsets/classI_kari/csv/uniprot_ec_1_1_1_86_filtered_reviewed_yes_classI_kari_alignment.csv
 - create_subset_document: workflows/example_workflow/datasets/uniprot_ec_1_1_1_86_filtered_reviewed_yes/dataset_summary/classI_kari/_config.yml, workflows/example_workflow/datasets/uniprot_ec_1_1_1_86_filtered_reviewed_yes/dataset_summary/classI_kari/_toc.yml
 - create_subset_summary: workflows/example_workflow/datasets/uniprot_ec_1_1_1_86_filtered_reviewed_yes/dataset_summary/uniprot_ec_1_1_1_86_filtered_reviewed_yes/subsets/classI_kari/temp/classI_kari_subset_summary.ipynb
Complete log: .snakemake/log/2022-06-02T182955.324898.snakemake.log
