Building DAG of jobs...
Using shell: /bin/bash
Provided cores: 1 (use --cores to define parallelism)
Rules claiming more threads will be scaled down.
Job stats:
job                               count    min threads    max threads
------------------------------  -------  -------------  -------------
add_annotations_from_alignment        3              1              1
add_annotations_from_ancestors        3              1              1
add_custom_annotations                2              1              1
align_seqs                            3              1              1
all                                   1              1              1
clean_subset_summary                  3              1              1
clean_summary_document                2              1              1
compile_summary_document              3              1              1
create_annotation_file                3              1              1
create_annotations                    2              1              1
create_dataset_summary                2              1              1
create_subset_document                3              1              1
create_subset_summary                 3              1              1
create_subsets                        3              1              1
get_brenda_annotations                2              1              1
get_uniprot_annotations               2              1              1
infer_tree                            3              1              1
run_grasp                             3              1              1
total                                46              1              1

Select jobs to execute...

[Mon May 30 15:50:06 2022]
rule create_annotations:
    input: workflows/example_workflow/fasta/uniprot_ec_1_1_1_86_filtered_reviewed_yes.fasta
    output: workflows/example_workflow/datasets/uniprot_ec_1_1_1_86_filtered_reviewed_yes/csv/original/uniprot_ec_1_1_1_86_filtered_reviewed_yes_original.csv
    jobid: 8
    reason: Missing output files: workflows/example_workflow/datasets/uniprot_ec_1_1_1_86_filtered_reviewed_yes/csv/original/uniprot_ec_1_1_1_86_filtered_reviewed_yes_original.csv
    wildcards: dataset=uniprot_ec_1_1_1_86_filtered_reviewed_yes
    resources: tmpdir=/var/folders/xs/24s9hwqd191f2x7rhdy6_ryc0000gr/T

[Mon May 30 15:50:08 2022]
Finished job 8.
1 of 46 steps (2%) done
Select jobs to execute...

[Mon May 30 15:50:08 2022]
rule get_uniprot_annotations:
    input: workflows/example_workflow/datasets/uniprot_ec_1_1_1_86_filtered_reviewed_yes/csv/original/uniprot_ec_1_1_1_86_filtered_reviewed_yes_original.csv
    output: workflows/example_workflow/datasets/uniprot_ec_1_1_1_86_filtered_reviewed_yes/csv/uniprot/uniprot_ec_1_1_1_86_filtered_reviewed_yes_uniprot.csv
    jobid: 7
    reason: Missing output files: workflows/example_workflow/datasets/uniprot_ec_1_1_1_86_filtered_reviewed_yes/csv/uniprot/uniprot_ec_1_1_1_86_filtered_reviewed_yes_uniprot.csv; Input files updated by another job: workflows/example_workflow/datasets/uniprot_ec_1_1_1_86_filtered_reviewed_yes/csv/original/uniprot_ec_1_1_1_86_filtered_reviewed_yes_original.csv
    wildcards: dataset=uniprot_ec_1_1_1_86_filtered_reviewed_yes
    resources: tmpdir=/var/folders/xs/24s9hwqd191f2x7rhdy6_ryc0000gr/T

[Mon May 30 15:50:38 2022]
Finished job 7.
2 of 46 steps (4%) done
Select jobs to execute...

[Mon May 30 15:50:38 2022]
rule get_brenda_annotations:
    input: workflows/example_workflow/datasets/uniprot_ec_1_1_1_86_filtered_reviewed_yes/csv/uniprot/uniprot_ec_1_1_1_86_filtered_reviewed_yes_uniprot.csv
    output: workflows/example_workflow/datasets/uniprot_ec_1_1_1_86_filtered_reviewed_yes/csv/brenda/uniprot_ec_1_1_1_86_filtered_reviewed_yes_brenda.csv
    jobid: 6
    reason: Missing output files: workflows/example_workflow/datasets/uniprot_ec_1_1_1_86_filtered_reviewed_yes/csv/brenda/uniprot_ec_1_1_1_86_filtered_reviewed_yes_brenda.csv; Input files updated by another job: workflows/example_workflow/datasets/uniprot_ec_1_1_1_86_filtered_reviewed_yes/csv/uniprot/uniprot_ec_1_1_1_86_filtered_reviewed_yes_uniprot.csv
    wildcards: dataset=uniprot_ec_1_1_1_86_filtered_reviewed_yes
    resources: tmpdir=/var/folders/xs/24s9hwqd191f2x7rhdy6_ryc0000gr/T

[Mon May 30 15:50:52 2022]
Error in rule get_brenda_annotations:
    jobid: 6
    output: workflows/example_workflow/datasets/uniprot_ec_1_1_1_86_filtered_reviewed_yes/csv/brenda/uniprot_ec_1_1_1_86_filtered_reviewed_yes_brenda.csv

RuleException:
CalledProcessError in line 224 of /Users/uqgfoley/Documents/asr_curation_moved/asr_curation/Snakefile:
Command 'set -euo pipefail;  /Users/uqgfoley/opt/miniconda3/envs/asr_curation22/bin/python /Users/uqgfoley/Documents/asr_curation_moved/asr_curation/.snakemake/scripts/tmpxfjp3qaa.get_brenda_annotations.py' returned non-zero exit status 1.
  File "/Users/uqgfoley/Documents/asr_curation_moved/asr_curation/Snakefile", line 224, in __rule_get_brenda_annotations
  File "/Users/uqgfoley/opt/miniconda3/envs/asr_curation22/lib/python3.8/concurrent/futures/thread.py", line 57, in run
Shutting down, this might take some time.
Exiting because a job execution failed. Look above for error message
Complete log: .snakemake/log/2022-05-30T155006.295406.snakemake.log
