Building DAG of jobs...
Using shell: /bin/bash
Provided cores: 1 (use --cores to define parallelism)
Rules claiming more threads will be scaled down.
Job stats:
job           count    min threads    max threads
----------  -------  -------------  -------------
all               1              1              1
infer_tree        3              1              1
run_grasp         3              1              1
total             7              1              1

Select jobs to execute...

[Mon Jun  6 10:35:03 2022]
rule infer_tree:
    input: workflows/example_workflow/datasets/kari_example_ec_1_1_1_86/subsets/classI_kari/kari_example_ec_1_1_1_86_classI_kari.aln
    output: workflows/example_workflow/datasets/kari_example_ec_1_1_1_86/subsets/classI_kari/kari_example_ec_1_1_1_86_classI_kari.nwk
    jobid: 37
    reason: Missing output files: workflows/example_workflow/datasets/kari_example_ec_1_1_1_86/subsets/classI_kari/kari_example_ec_1_1_1_86_classI_kari.nwk
    wildcards: dataset=kari_example_ec_1_1_1_86, subset=classI_kari
    resources: tmpdir=/var/folders/xs/24s9hwqd191f2x7rhdy6_ryc0000gr/T

[Mon Jun  6 10:35:04 2022]
Finished job 37.
1 of 7 steps (14%) done
Select jobs to execute...

[Mon Jun  6 10:35:04 2022]
rule run_grasp:
    input: workflows/example_workflow/datasets/kari_example_ec_1_1_1_86/subsets/classI_kari/kari_example_ec_1_1_1_86_classI_kari.aln, workflows/example_workflow/datasets/kari_example_ec_1_1_1_86/subsets/classI_kari/kari_example_ec_1_1_1_86_classI_kari.nwk
    output: workflows/example_workflow/datasets/kari_example_ec_1_1_1_86/subsets/classI_kari/grasp_results, workflows/example_workflow/datasets/kari_example_ec_1_1_1_86/subsets/classI_kari/grasp_results/GRASP_ancestors.fasta, workflows/example_workflow/datasets/kari_example_ec_1_1_1_86/subsets/classI_kari/grasp_results/GRASP_ancestors.nwk
    jobid: 36
    reason: Missing output files: workflows/example_workflow/datasets/kari_example_ec_1_1_1_86/subsets/classI_kari/grasp_results/GRASP_ancestors.fasta; Input files updated by another job: workflows/example_workflow/datasets/kari_example_ec_1_1_1_86/subsets/classI_kari/kari_example_ec_1_1_1_86_classI_kari.nwk
    wildcards: dataset=kari_example_ec_1_1_1_86, subset=classI_kari
    resources: tmpdir=/var/folders/xs/24s9hwqd191f2x7rhdy6_ryc0000gr/T

[Mon Jun  6 10:35:09 2022]
Finished job 36.
2 of 7 steps (29%) done
Select jobs to execute...

[Mon Jun  6 10:35:09 2022]
rule infer_tree:
    input: workflows/example_workflow/datasets/kari_example_ec_1_1_1_86/subsets/eukaryotic_kari/kari_example_ec_1_1_1_86_eukaryotic_kari.aln
    output: workflows/example_workflow/datasets/kari_example_ec_1_1_1_86/subsets/eukaryotic_kari/kari_example_ec_1_1_1_86_eukaryotic_kari.nwk
    jobid: 35
    reason: Missing output files: workflows/example_workflow/datasets/kari_example_ec_1_1_1_86/subsets/eukaryotic_kari/kari_example_ec_1_1_1_86_eukaryotic_kari.nwk
    wildcards: dataset=kari_example_ec_1_1_1_86, subset=eukaryotic_kari
    resources: tmpdir=/var/folders/xs/24s9hwqd191f2x7rhdy6_ryc0000gr/T

[Mon Jun  6 10:35:09 2022]
Finished job 35.
3 of 7 steps (43%) done
Select jobs to execute...

[Mon Jun  6 10:35:09 2022]
rule run_grasp:
    input: workflows/example_workflow/datasets/kari_example_ec_1_1_1_86/subsets/eukaryotic_kari/kari_example_ec_1_1_1_86_eukaryotic_kari.aln, workflows/example_workflow/datasets/kari_example_ec_1_1_1_86/subsets/eukaryotic_kari/kari_example_ec_1_1_1_86_eukaryotic_kari.nwk
    output: workflows/example_workflow/datasets/kari_example_ec_1_1_1_86/subsets/eukaryotic_kari/grasp_results, workflows/example_workflow/datasets/kari_example_ec_1_1_1_86/subsets/eukaryotic_kari/grasp_results/GRASP_ancestors.fasta, workflows/example_workflow/datasets/kari_example_ec_1_1_1_86/subsets/eukaryotic_kari/grasp_results/GRASP_ancestors.nwk
    jobid: 34
    reason: Missing output files: workflows/example_workflow/datasets/kari_example_ec_1_1_1_86/subsets/eukaryotic_kari/grasp_results/GRASP_ancestors.fasta; Input files updated by another job: workflows/example_workflow/datasets/kari_example_ec_1_1_1_86/subsets/eukaryotic_kari/kari_example_ec_1_1_1_86_eukaryotic_kari.nwk
    wildcards: dataset=kari_example_ec_1_1_1_86, subset=eukaryotic_kari
    resources: tmpdir=/var/folders/xs/24s9hwqd191f2x7rhdy6_ryc0000gr/T

[Mon Jun  6 10:35:10 2022]
Finished job 34.
4 of 7 steps (57%) done
Select jobs to execute...

[Mon Jun  6 10:35:10 2022]
rule infer_tree:
    input: workflows/example_workflow/datasets/als_example_ec_2_2_1_6/subsets/als_interpro_IPR012782/als_example_ec_2_2_1_6_als_interpro_IPR012782.aln
    output: workflows/example_workflow/datasets/als_example_ec_2_2_1_6/subsets/als_interpro_IPR012782/als_example_ec_2_2_1_6_als_interpro_IPR012782.nwk
    jobid: 39
    reason: Missing output files: workflows/example_workflow/datasets/als_example_ec_2_2_1_6/subsets/als_interpro_IPR012782/als_example_ec_2_2_1_6_als_interpro_IPR012782.nwk
    wildcards: dataset=als_example_ec_2_2_1_6, subset=als_interpro_IPR012782
    resources: tmpdir=/var/folders/xs/24s9hwqd191f2x7rhdy6_ryc0000gr/T

[Mon Jun  6 10:35:10 2022]
Finished job 39.
5 of 7 steps (71%) done
Select jobs to execute...

[Mon Jun  6 10:35:10 2022]
rule run_grasp:
    input: workflows/example_workflow/datasets/als_example_ec_2_2_1_6/subsets/als_interpro_IPR012782/als_example_ec_2_2_1_6_als_interpro_IPR012782.aln, workflows/example_workflow/datasets/als_example_ec_2_2_1_6/subsets/als_interpro_IPR012782/als_example_ec_2_2_1_6_als_interpro_IPR012782.nwk
    output: workflows/example_workflow/datasets/als_example_ec_2_2_1_6/subsets/als_interpro_IPR012782/grasp_results, workflows/example_workflow/datasets/als_example_ec_2_2_1_6/subsets/als_interpro_IPR012782/grasp_results/GRASP_ancestors.fasta, workflows/example_workflow/datasets/als_example_ec_2_2_1_6/subsets/als_interpro_IPR012782/grasp_results/GRASP_ancestors.nwk
    jobid: 38
    reason: Missing output files: workflows/example_workflow/datasets/als_example_ec_2_2_1_6/subsets/als_interpro_IPR012782/grasp_results/GRASP_ancestors.fasta; Input files updated by another job: workflows/example_workflow/datasets/als_example_ec_2_2_1_6/subsets/als_interpro_IPR012782/als_example_ec_2_2_1_6_als_interpro_IPR012782.nwk
    wildcards: dataset=als_example_ec_2_2_1_6, subset=als_interpro_IPR012782
    resources: tmpdir=/var/folders/xs/24s9hwqd191f2x7rhdy6_ryc0000gr/T

[Mon Jun  6 10:35:11 2022]
Finished job 38.
6 of 7 steps (86%) done
Select jobs to execute...

[Mon Jun  6 10:35:11 2022]
localrule all:
    input: workflows/example_workflow/datasets/kari_example_ec_1_1_1_86/dataset_summary/eukaryotic_kari/_build/html/index.html, workflows/example_workflow/datasets/kari_example_ec_1_1_1_86/dataset_summary/classI_kari/_build/html/index.html, workflows/example_workflow/datasets/als_example_ec_2_2_1_6/dataset_summary/als_interpro_IPR012782/_build/html/index.html, workflows/example_workflow/datasets/kari_example_ec_1_1_1_86/subsets/eukaryotic_kari/grasp_results/GRASP_ancestors.fasta, workflows/example_workflow/datasets/kari_example_ec_1_1_1_86/subsets/eukaryotic_kari/grasp_results/GRASP_ancestors.fasta, workflows/example_workflow/datasets/kari_example_ec_1_1_1_86/subsets/eukaryotic_kari/grasp_results/GRASP_ancestors.fasta, workflows/example_workflow/datasets/kari_example_ec_1_1_1_86/subsets/eukaryotic_kari/grasp_results/GRASP_ancestors.fasta, workflows/example_workflow/datasets/kari_example_ec_1_1_1_86/subsets/eukaryotic_kari/grasp_results/GRASP_ancestors.fasta, workflows/example_workflow/datasets/kari_example_ec_1_1_1_86/subsets/classI_kari/grasp_results/GRASP_ancestors.fasta, workflows/example_workflow/datasets/kari_example_ec_1_1_1_86/subsets/classI_kari/grasp_results/GRASP_ancestors.fasta, workflows/example_workflow/datasets/kari_example_ec_1_1_1_86/subsets/classI_kari/grasp_results/GRASP_ancestors.fasta, workflows/example_workflow/datasets/kari_example_ec_1_1_1_86/subsets/classI_kari/grasp_results/GRASP_ancestors.fasta, workflows/example_workflow/datasets/kari_example_ec_1_1_1_86/subsets/classI_kari/grasp_results/GRASP_ancestors.fasta, workflows/example_workflow/datasets/als_example_ec_2_2_1_6/subsets/als_interpro_IPR012782/grasp_results/GRASP_ancestors.fasta, workflows/example_workflow/datasets/als_example_ec_2_2_1_6/subsets/als_interpro_IPR012782/grasp_results/GRASP_ancestors.fasta, workflows/example_workflow/datasets/als_example_ec_2_2_1_6/subsets/als_interpro_IPR012782/grasp_results/GRASP_ancestors.fasta, workflows/example_workflow/datasets/als_example_ec_2_2_1_6/subsets/als_interpro_IPR012782/grasp_results/GRASP_ancestors.fasta, workflows/example_workflow/datasets/als_example_ec_2_2_1_6/subsets/als_interpro_IPR012782/grasp_results/GRASP_ancestors.fasta
    jobid: 0
    reason: Input files updated by another job: workflows/example_workflow/datasets/kari_example_ec_1_1_1_86/subsets/classI_kari/grasp_results/GRASP_ancestors.fasta, workflows/example_workflow/datasets/als_example_ec_2_2_1_6/subsets/als_interpro_IPR012782/grasp_results/GRASP_ancestors.fasta, workflows/example_workflow/datasets/kari_example_ec_1_1_1_86/subsets/eukaryotic_kari/grasp_results/GRASP_ancestors.fasta
    resources: tmpdir=/var/folders/xs/24s9hwqd191f2x7rhdy6_ryc0000gr/T

[Mon Jun  6 10:35:11 2022]
Finished job 0.
7 of 7 steps (100%) done
Complete log: .snakemake/log/2022-06-06T103503.828778.snakemake.log
