Building DAG of jobs...
Using shell: /bin/bash
Provided cores: 1 (use --cores to define parallelism)
Rules claiming more threads will be scaled down.
Job stats:
job                       count    min threads    max threads
----------------------  -------  -------------  -------------
all                           1              1              1
create_annotation_file        3              1              1
total                         4              1              1

Select jobs to execute...

[Mon Jun  6 17:52:49 2022]
rule create_annotation_file:
    input: workflows/example_workflow/datasets/kari_example_ec_1_1_1_86/subsets/classI_kari/csv/kari_example_ec_1_1_1_86_classI_kari_alignment.csv
    output: workflows/example_workflow/datasets/kari_example_ec_1_1_1_86/subsets/classI_kari/csv/kari_example_ec_1_1_1_86_classI_kari_annotations.txt
    jobid: 9
    reason: Missing output files: workflows/example_workflow/datasets/kari_example_ec_1_1_1_86/subsets/classI_kari/csv/kari_example_ec_1_1_1_86_classI_kari_annotations.txt
    wildcards: dataset=kari_example_ec_1_1_1_86, subset=classI_kari
    resources: tmpdir=/var/folders/xs/24s9hwqd191f2x7rhdy6_ryc0000gr/T

[Mon Jun  6 17:52:50 2022]
Finished job 9.
1 of 4 steps (25%) done
Select jobs to execute...

[Mon Jun  6 17:52:50 2022]
rule create_annotation_file:
    input: workflows/example_workflow/datasets/als_example_ec_2_2_1_6/subsets/als_interpro_IPR012782/csv/als_example_ec_2_2_1_6_als_interpro_IPR012782_alignment.csv
    output: workflows/example_workflow/datasets/als_example_ec_2_2_1_6/subsets/als_interpro_IPR012782/csv/als_example_ec_2_2_1_6_als_interpro_IPR012782_annotations.txt
    jobid: 13
    reason: Missing output files: workflows/example_workflow/datasets/als_example_ec_2_2_1_6/subsets/als_interpro_IPR012782/csv/als_example_ec_2_2_1_6_als_interpro_IPR012782_annotations.txt
    wildcards: dataset=als_example_ec_2_2_1_6, subset=als_interpro_IPR012782
    resources: tmpdir=/var/folders/xs/24s9hwqd191f2x7rhdy6_ryc0000gr/T

[Mon Jun  6 17:52:51 2022]
Finished job 13.
2 of 4 steps (50%) done
Select jobs to execute...

[Mon Jun  6 17:52:51 2022]
rule create_annotation_file:
    input: workflows/example_workflow/datasets/kari_example_ec_1_1_1_86/subsets/eukaryotic_kari/csv/kari_example_ec_1_1_1_86_eukaryotic_kari_alignment.csv
    output: workflows/example_workflow/datasets/kari_example_ec_1_1_1_86/subsets/eukaryotic_kari/csv/kari_example_ec_1_1_1_86_eukaryotic_kari_annotations.txt
    jobid: 1
    reason: Missing output files: workflows/example_workflow/datasets/kari_example_ec_1_1_1_86/subsets/eukaryotic_kari/csv/kari_example_ec_1_1_1_86_eukaryotic_kari_annotations.txt
    wildcards: dataset=kari_example_ec_1_1_1_86, subset=eukaryotic_kari
    resources: tmpdir=/var/folders/xs/24s9hwqd191f2x7rhdy6_ryc0000gr/T

[Mon Jun  6 17:52:51 2022]
Finished job 1.
3 of 4 steps (75%) done
Select jobs to execute...

[Mon Jun  6 17:52:51 2022]
localrule all:
    input: workflows/example_workflow/datasets/kari_example_ec_1_1_1_86/subsets/eukaryotic_kari/csv/kari_example_ec_1_1_1_86_eukaryotic_kari_annotations.txt, workflows/example_workflow/datasets/kari_example_ec_1_1_1_86/subsets/classI_kari/csv/kari_example_ec_1_1_1_86_classI_kari_annotations.txt, workflows/example_workflow/datasets/als_example_ec_2_2_1_6/subsets/als_interpro_IPR012782/csv/als_example_ec_2_2_1_6_als_interpro_IPR012782_annotations.txt, workflows/example_workflow/datasets/kari_example_ec_1_1_1_86/dataset_summary/eukaryotic_kari/_build/html/index.html, workflows/example_workflow/datasets/kari_example_ec_1_1_1_86/dataset_summary/classI_kari/_build/html/index.html, workflows/example_workflow/datasets/als_example_ec_2_2_1_6/dataset_summary/als_interpro_IPR012782/_build/html/index.html, workflows/example_workflow/datasets/kari_example_ec_1_1_1_86/subsets/eukaryotic_kari/grasp_results/GRASP_ancestors.fasta, workflows/example_workflow/datasets/kari_example_ec_1_1_1_86/subsets/eukaryotic_kari/grasp_results/GRASP_ancestors.fasta, workflows/example_workflow/datasets/kari_example_ec_1_1_1_86/subsets/eukaryotic_kari/grasp_results/GRASP_ancestors.fasta, workflows/example_workflow/datasets/kari_example_ec_1_1_1_86/subsets/eukaryotic_kari/grasp_results/GRASP_ancestors.fasta, workflows/example_workflow/datasets/kari_example_ec_1_1_1_86/subsets/eukaryotic_kari/grasp_results/GRASP_ancestors.fasta, workflows/example_workflow/datasets/kari_example_ec_1_1_1_86/subsets/classI_kari/grasp_results/GRASP_ancestors.fasta, workflows/example_workflow/datasets/kari_example_ec_1_1_1_86/subsets/classI_kari/grasp_results/GRASP_ancestors.fasta, workflows/example_workflow/datasets/kari_example_ec_1_1_1_86/subsets/classI_kari/grasp_results/GRASP_ancestors.fasta, workflows/example_workflow/datasets/kari_example_ec_1_1_1_86/subsets/classI_kari/grasp_results/GRASP_ancestors.fasta, workflows/example_workflow/datasets/kari_example_ec_1_1_1_86/subsets/classI_kari/grasp_results/GRASP_ancestors.fasta, workflows/example_workflow/datasets/als_example_ec_2_2_1_6/subsets/als_interpro_IPR012782/grasp_results/GRASP_ancestors.fasta, workflows/example_workflow/datasets/als_example_ec_2_2_1_6/subsets/als_interpro_IPR012782/grasp_results/GRASP_ancestors.fasta, workflows/example_workflow/datasets/als_example_ec_2_2_1_6/subsets/als_interpro_IPR012782/grasp_results/GRASP_ancestors.fasta, workflows/example_workflow/datasets/als_example_ec_2_2_1_6/subsets/als_interpro_IPR012782/grasp_results/GRASP_ancestors.fasta, workflows/example_workflow/datasets/als_example_ec_2_2_1_6/subsets/als_interpro_IPR012782/grasp_results/GRASP_ancestors.fasta
    jobid: 0
    reason: Input files updated by another job: workflows/example_workflow/datasets/kari_example_ec_1_1_1_86/subsets/classI_kari/csv/kari_example_ec_1_1_1_86_classI_kari_annotations.txt, workflows/example_workflow/datasets/kari_example_ec_1_1_1_86/subsets/eukaryotic_kari/csv/kari_example_ec_1_1_1_86_eukaryotic_kari_annotations.txt, workflows/example_workflow/datasets/als_example_ec_2_2_1_6/subsets/als_interpro_IPR012782/csv/als_example_ec_2_2_1_6_als_interpro_IPR012782_annotations.txt
    resources: tmpdir=/var/folders/xs/24s9hwqd191f2x7rhdy6_ryc0000gr/T

[Mon Jun  6 17:52:51 2022]
Finished job 0.
4 of 4 steps (100%) done
Complete log: .snakemake/log/2022-06-06T175249.536737.snakemake.log
