Building DAG of jobs...
Using shell: /bin/bash
Provided cores: 1 (use --cores to define parallelism)
Rules claiming more threads will be scaled down.
Job stats:
job                               count    min threads    max threads
------------------------------  -------  -------------  -------------
add_annotations_from_alignment        1              1              1
add_annotations_from_ancestors        1              1              1
align_seqs                            1              1              1
all                                   1              1              1
clean_subset_summary                  1              1              1
clean_summary_document                1              1              1
compile_summary_document              1              1              1
create_annotation_file                1              1              1
create_dataset_summary                1              1              1
create_subset_document                1              1              1
create_subset_summary                 1              1              1
infer_tree                            1              1              1
run_grasp                             1              1              1
total                                13              1              1

Select jobs to execute...

[Thu Jun  2 09:15:22 2022]
rule create_dataset_summary:
    input: workflows/example_workflow/datasets/uniprot_ec_2_2_1_6_AND_reviewed_yes/csv/custom/uniprot_ec_2_2_1_6_AND_reviewed_yes_annotated.csv
    output: workflows/example_workflow/datasets/uniprot_ec_2_2_1_6_AND_reviewed_yes/dataset_summary/temp/uniprot_ec_2_2_1_6_AND_reviewed_yes_summary.ipynb
    log: workflows/example_workflow/datasets/uniprot_ec_2_2_1_6_AND_reviewed_yes/dataset_summary/temp/uniprot_ec_2_2_1_6_AND_reviewed_yes_summary.ipynb
    jobid: 12
    reason: Missing output files: workflows/example_workflow/datasets/uniprot_ec_2_2_1_6_AND_reviewed_yes/dataset_summary/temp/uniprot_ec_2_2_1_6_AND_reviewed_yes_summary.ipynb
    wildcards: dataset=uniprot_ec_2_2_1_6_AND_reviewed_yes
    resources: tmpdir=/var/folders/xs/24s9hwqd191f2x7rhdy6_ryc0000gr/T

[Thu Jun  2 09:17:18 2022]
Finished job 12.
1 of 13 steps (8%) done
Select jobs to execute...

[Thu Jun  2 09:17:18 2022]
rule clean_summary_document:
    input: workflows/example_workflow/datasets/uniprot_ec_2_2_1_6_AND_reviewed_yes/dataset_summary/temp/uniprot_ec_2_2_1_6_AND_reviewed_yes_summary.ipynb
    output: workflows/example_workflow/datasets/uniprot_ec_2_2_1_6_AND_reviewed_yes/dataset_summary/uniprot_ec_2_2_1_6_AND_reviewed_yes_summary_cleaned.ipynb
    jobid: 11
    reason: Missing output files: workflows/example_workflow/datasets/uniprot_ec_2_2_1_6_AND_reviewed_yes/dataset_summary/uniprot_ec_2_2_1_6_AND_reviewed_yes_summary_cleaned.ipynb; Input files updated by another job: workflows/example_workflow/datasets/uniprot_ec_2_2_1_6_AND_reviewed_yes/dataset_summary/temp/uniprot_ec_2_2_1_6_AND_reviewed_yes_summary.ipynb
    wildcards: dataset=uniprot_ec_2_2_1_6_AND_reviewed_yes
    resources: tmpdir=/var/folders/xs/24s9hwqd191f2x7rhdy6_ryc0000gr/T

[Thu Jun  2 09:17:18 2022]
Finished job 11.
2 of 13 steps (15%) done
Select jobs to execute...

[Thu Jun  2 09:17:18 2022]
rule align_seqs:
    input: workflows/example_workflow/datasets/uniprot_ec_2_2_1_6_AND_reviewed_yes/subsets/swissprot/uniprot_ec_2_2_1_6_AND_reviewed_yes_swissprot.fasta
    output: workflows/example_workflow/datasets/uniprot_ec_2_2_1_6_AND_reviewed_yes/subsets/swissprot/uniprot_ec_2_2_1_6_AND_reviewed_yes_swissprot.aln
    jobid: 3
    reason: Missing output files: workflows/example_workflow/datasets/uniprot_ec_2_2_1_6_AND_reviewed_yes/subsets/swissprot/uniprot_ec_2_2_1_6_AND_reviewed_yes_swissprot.aln
    wildcards: dataset=uniprot_ec_2_2_1_6_AND_reviewed_yes, subset=swissprot
    resources: tmpdir=/var/folders/xs/24s9hwqd191f2x7rhdy6_ryc0000gr/T

[Thu Jun  2 09:17:19 2022]
Finished job 3.
3 of 13 steps (23%) done
Select jobs to execute...

[Thu Jun  2 09:17:19 2022]
rule add_annotations_from_alignment:
    input: workflows/example_workflow/datasets/uniprot_ec_2_2_1_6_AND_reviewed_yes/subsets/swissprot/uniprot_ec_2_2_1_6_AND_reviewed_yes_swissprot.aln, workflows/example_workflow/datasets/uniprot_ec_2_2_1_6_AND_reviewed_yes/subsets/swissprot/csv/uniprot_ec_2_2_1_6_AND_reviewed_yes_swissprot.csv
    output: workflows/example_workflow/datasets/uniprot_ec_2_2_1_6_AND_reviewed_yes/subsets/swissprot/csv/uniprot_ec_2_2_1_6_AND_reviewed_yes_swissprot_alignment.csv
    jobid: 2
    reason: Missing output files: workflows/example_workflow/datasets/uniprot_ec_2_2_1_6_AND_reviewed_yes/subsets/swissprot/csv/uniprot_ec_2_2_1_6_AND_reviewed_yes_swissprot_alignment.csv; Input files updated by another job: workflows/example_workflow/datasets/uniprot_ec_2_2_1_6_AND_reviewed_yes/subsets/swissprot/uniprot_ec_2_2_1_6_AND_reviewed_yes_swissprot.aln
    wildcards: dataset=uniprot_ec_2_2_1_6_AND_reviewed_yes, subset=swissprot
    resources: tmpdir=/var/folders/xs/24s9hwqd191f2x7rhdy6_ryc0000gr/T

[Thu Jun  2 09:17:19 2022]
Finished job 2.
4 of 13 steps (31%) done
Select jobs to execute...

[Thu Jun  2 09:17:19 2022]
rule create_annotation_file:
    input: workflows/example_workflow/datasets/uniprot_ec_2_2_1_6_AND_reviewed_yes/subsets/swissprot/csv/uniprot_ec_2_2_1_6_AND_reviewed_yes_swissprot_alignment.csv
    output: workflows/example_workflow/datasets/uniprot_ec_2_2_1_6_AND_reviewed_yes/subsets/swissprot/csv/uniprot_ec_2_2_1_6_AND_reviewed_yes_swissprot_annotations.txt
    jobid: 1
    reason: Missing output files: workflows/example_workflow/datasets/uniprot_ec_2_2_1_6_AND_reviewed_yes/subsets/swissprot/csv/uniprot_ec_2_2_1_6_AND_reviewed_yes_swissprot_annotations.txt; Input files updated by another job: workflows/example_workflow/datasets/uniprot_ec_2_2_1_6_AND_reviewed_yes/subsets/swissprot/csv/uniprot_ec_2_2_1_6_AND_reviewed_yes_swissprot_alignment.csv
    wildcards: dataset=uniprot_ec_2_2_1_6_AND_reviewed_yes, subset=swissprot
    resources: tmpdir=/var/folders/xs/24s9hwqd191f2x7rhdy6_ryc0000gr/T

[Thu Jun  2 09:17:20 2022]
Finished job 1.
5 of 13 steps (38%) done
Select jobs to execute...

[Thu Jun  2 09:17:20 2022]
rule infer_tree:
    input: workflows/example_workflow/datasets/uniprot_ec_2_2_1_6_AND_reviewed_yes/subsets/swissprot/uniprot_ec_2_2_1_6_AND_reviewed_yes_swissprot.aln
    output: workflows/example_workflow/datasets/uniprot_ec_2_2_1_6_AND_reviewed_yes/subsets/swissprot/uniprot_ec_2_2_1_6_AND_reviewed_yes_swissprot.nwk
    jobid: 17
    reason: Missing output files: workflows/example_workflow/datasets/uniprot_ec_2_2_1_6_AND_reviewed_yes/subsets/swissprot/uniprot_ec_2_2_1_6_AND_reviewed_yes_swissprot.nwk; Input files updated by another job: workflows/example_workflow/datasets/uniprot_ec_2_2_1_6_AND_reviewed_yes/subsets/swissprot/uniprot_ec_2_2_1_6_AND_reviewed_yes_swissprot.aln
    wildcards: dataset=uniprot_ec_2_2_1_6_AND_reviewed_yes, subset=swissprot
    resources: tmpdir=/var/folders/xs/24s9hwqd191f2x7rhdy6_ryc0000gr/T

[Thu Jun  2 09:17:23 2022]
Finished job 17.
6 of 13 steps (46%) done
Select jobs to execute...

[Thu Jun  2 09:17:23 2022]
rule run_grasp:
    input: workflows/example_workflow/datasets/uniprot_ec_2_2_1_6_AND_reviewed_yes/subsets/swissprot/uniprot_ec_2_2_1_6_AND_reviewed_yes_swissprot.aln, workflows/example_workflow/datasets/uniprot_ec_2_2_1_6_AND_reviewed_yes/subsets/swissprot/uniprot_ec_2_2_1_6_AND_reviewed_yes_swissprot.nwk
    output: workflows/example_workflow/datasets/uniprot_ec_2_2_1_6_AND_reviewed_yes/subsets/swissprot/grasp_results, workflows/example_workflow/datasets/uniprot_ec_2_2_1_6_AND_reviewed_yes/subsets/swissprot/grasp_results/GRASP_ancestors.fasta, workflows/example_workflow/datasets/uniprot_ec_2_2_1_6_AND_reviewed_yes/subsets/swissprot/grasp_results/GRASP_ancestors.nwk
    jobid: 16
    reason: Missing output files: workflows/example_workflow/datasets/uniprot_ec_2_2_1_6_AND_reviewed_yes/subsets/swissprot/grasp_results/GRASP_ancestors.fasta; Input files updated by another job: workflows/example_workflow/datasets/uniprot_ec_2_2_1_6_AND_reviewed_yes/subsets/swissprot/uniprot_ec_2_2_1_6_AND_reviewed_yes_swissprot.aln, workflows/example_workflow/datasets/uniprot_ec_2_2_1_6_AND_reviewed_yes/subsets/swissprot/uniprot_ec_2_2_1_6_AND_reviewed_yes_swissprot.nwk
    wildcards: dataset=uniprot_ec_2_2_1_6_AND_reviewed_yes, subset=swissprot
    resources: tmpdir=/var/folders/xs/24s9hwqd191f2x7rhdy6_ryc0000gr/T

[Thu Jun  2 09:17:31 2022]
Finished job 16.
7 of 13 steps (54%) done
Select jobs to execute...

[Thu Jun  2 09:17:31 2022]
rule add_annotations_from_ancestors:
    input: workflows/example_workflow/datasets/uniprot_ec_2_2_1_6_AND_reviewed_yes/subsets/swissprot/csv/uniprot_ec_2_2_1_6_AND_reviewed_yes_swissprot_alignment.csv, workflows/example_workflow/datasets/uniprot_ec_2_2_1_6_AND_reviewed_yes/subsets/swissprot/grasp_results/GRASP_ancestors.fasta
    output: workflows/example_workflow/datasets/uniprot_ec_2_2_1_6_AND_reviewed_yes/subsets/swissprot/csv/uniprot_ec_2_2_1_6_AND_reviewed_yes_swissprot_ancestors.csv
    jobid: 15
    reason: Missing output files: workflows/example_workflow/datasets/uniprot_ec_2_2_1_6_AND_reviewed_yes/subsets/swissprot/csv/uniprot_ec_2_2_1_6_AND_reviewed_yes_swissprot_ancestors.csv; Input files updated by another job: workflows/example_workflow/datasets/uniprot_ec_2_2_1_6_AND_reviewed_yes/subsets/swissprot/grasp_results/GRASP_ancestors.fasta, workflows/example_workflow/datasets/uniprot_ec_2_2_1_6_AND_reviewed_yes/subsets/swissprot/csv/uniprot_ec_2_2_1_6_AND_reviewed_yes_swissprot_alignment.csv
    wildcards: dataset=uniprot_ec_2_2_1_6_AND_reviewed_yes, subset=swissprot
    resources: tmpdir=/var/folders/xs/24s9hwqd191f2x7rhdy6_ryc0000gr/T

[Thu Jun  2 09:17:32 2022]
Finished job 15.
8 of 13 steps (62%) done
Select jobs to execute...

[Thu Jun  2 09:17:32 2022]
rule create_subset_summary:
    input: workflows/example_workflow/datasets/uniprot_ec_2_2_1_6_AND_reviewed_yes/subsets/swissprot/uniprot_ec_2_2_1_6_AND_reviewed_yes_swissprot.aln, workflows/example_workflow/datasets/uniprot_ec_2_2_1_6_AND_reviewed_yes/subsets/swissprot/csv/uniprot_ec_2_2_1_6_AND_reviewed_yes_swissprot_ancestors.csv
    output: workflows/example_workflow/datasets/uniprot_ec_2_2_1_6_AND_reviewed_yes/dataset_summary/uniprot_ec_2_2_1_6_AND_reviewed_yes/subsets/swissprot/temp/swissprot_subset_summary.ipynb
    log: workflows/example_workflow/datasets/uniprot_ec_2_2_1_6_AND_reviewed_yes/dataset_summary/uniprot_ec_2_2_1_6_AND_reviewed_yes/subsets/swissprot/temp/swissprot_subset_summary.ipynb
    jobid: 14
    reason: Missing output files: workflows/example_workflow/datasets/uniprot_ec_2_2_1_6_AND_reviewed_yes/dataset_summary/uniprot_ec_2_2_1_6_AND_reviewed_yes/subsets/swissprot/temp/swissprot_subset_summary.ipynb; Input files updated by another job: workflows/example_workflow/datasets/uniprot_ec_2_2_1_6_AND_reviewed_yes/subsets/swissprot/uniprot_ec_2_2_1_6_AND_reviewed_yes_swissprot.aln, workflows/example_workflow/datasets/uniprot_ec_2_2_1_6_AND_reviewed_yes/subsets/swissprot/csv/uniprot_ec_2_2_1_6_AND_reviewed_yes_swissprot_ancestors.csv
    wildcards: dataset=uniprot_ec_2_2_1_6_AND_reviewed_yes, subset=swissprot
    resources: tmpdir=/var/folders/xs/24s9hwqd191f2x7rhdy6_ryc0000gr/T

[Thu Jun  2 09:19:23 2022]
Finished job 14.
9 of 13 steps (69%) done
Select jobs to execute...

[Thu Jun  2 09:19:23 2022]
rule clean_subset_summary:
    input: workflows/example_workflow/datasets/uniprot_ec_2_2_1_6_AND_reviewed_yes/dataset_summary/uniprot_ec_2_2_1_6_AND_reviewed_yes/subsets/swissprot/temp/swissprot_subset_summary.ipynb
    output: workflows/example_workflow/datasets/uniprot_ec_2_2_1_6_AND_reviewed_yes/dataset_summary/uniprot_ec_2_2_1_6_AND_reviewed_yes/subsets/swissprot/swissprot_subset_summary_cleaned.ipynb
    jobid: 13
    reason: Missing output files: workflows/example_workflow/datasets/uniprot_ec_2_2_1_6_AND_reviewed_yes/dataset_summary/uniprot_ec_2_2_1_6_AND_reviewed_yes/subsets/swissprot/swissprot_subset_summary_cleaned.ipynb; Input files updated by another job: workflows/example_workflow/datasets/uniprot_ec_2_2_1_6_AND_reviewed_yes/dataset_summary/uniprot_ec_2_2_1_6_AND_reviewed_yes/subsets/swissprot/temp/swissprot_subset_summary.ipynb
    wildcards: dataset=uniprot_ec_2_2_1_6_AND_reviewed_yes, subset=swissprot
    resources: tmpdir=/var/folders/xs/24s9hwqd191f2x7rhdy6_ryc0000gr/T

[Thu Jun  2 09:19:23 2022]
Finished job 13.
10 of 13 steps (77%) done
Select jobs to execute...

[Thu Jun  2 09:19:23 2022]
rule create_subset_document:
    input: workflows/example_workflow/datasets/uniprot_ec_2_2_1_6_AND_reviewed_yes/dataset_summary/uniprot_ec_2_2_1_6_AND_reviewed_yes_summary_cleaned.ipynb, workflows/example_workflow/datasets/uniprot_ec_2_2_1_6_AND_reviewed_yes/dataset_summary/uniprot_ec_2_2_1_6_AND_reviewed_yes/subsets/swissprot/swissprot_subset_summary_cleaned.ipynb
    output: workflows/example_workflow/datasets/uniprot_ec_2_2_1_6_AND_reviewed_yes/dataset_summary/swissprot/_config.yml, workflows/example_workflow/datasets/uniprot_ec_2_2_1_6_AND_reviewed_yes/dataset_summary/swissprot/_toc.yml
    jobid: 10
    reason: Missing output files: workflows/example_workflow/datasets/uniprot_ec_2_2_1_6_AND_reviewed_yes/dataset_summary/swissprot/_config.yml; Input files updated by another job: workflows/example_workflow/datasets/uniprot_ec_2_2_1_6_AND_reviewed_yes/dataset_summary/uniprot_ec_2_2_1_6_AND_reviewed_yes/subsets/swissprot/swissprot_subset_summary_cleaned.ipynb, workflows/example_workflow/datasets/uniprot_ec_2_2_1_6_AND_reviewed_yes/dataset_summary/uniprot_ec_2_2_1_6_AND_reviewed_yes_summary_cleaned.ipynb
    wildcards: dataset=uniprot_ec_2_2_1_6_AND_reviewed_yes, subset=swissprot
    resources: tmpdir=/var/folders/xs/24s9hwqd191f2x7rhdy6_ryc0000gr/T

[Thu Jun  2 09:19:23 2022]
Finished job 10.
11 of 13 steps (85%) done
Select jobs to execute...

[Thu Jun  2 09:19:23 2022]
rule compile_summary_document:
    input: workflows/example_workflow/datasets/uniprot_ec_2_2_1_6_AND_reviewed_yes/dataset_summary/swissprot/_config.yml
    output: workflows/example_workflow/datasets/uniprot_ec_2_2_1_6_AND_reviewed_yes/dataset_summary/swissprot/_build/html/index.html
    jobid: 9
    reason: Missing output files: workflows/example_workflow/datasets/uniprot_ec_2_2_1_6_AND_reviewed_yes/dataset_summary/swissprot/_build/html/index.html; Input files updated by another job: workflows/example_workflow/datasets/uniprot_ec_2_2_1_6_AND_reviewed_yes/dataset_summary/swissprot/_config.yml
    wildcards: dataset=uniprot_ec_2_2_1_6_AND_reviewed_yes, subset=swissprot
    resources: tmpdir=/var/folders/xs/24s9hwqd191f2x7rhdy6_ryc0000gr/T

[Thu Jun  2 09:19:23 2022]
Error in rule compile_summary_document:
    jobid: 9
    output: workflows/example_workflow/datasets/uniprot_ec_2_2_1_6_AND_reviewed_yes/dataset_summary/swissprot/_build/html/index.html
    shell:
        jb build workflows/example_workflow/datasets/uniprot_ec_2_2_1_6_AND_reviewed_yes/dataset_summary/swissprot
        (one of the commands exited with non-zero exit code; note that snakemake uses bash strict mode!)

Job failed, going on with independent jobs.
Exiting because a job execution failed. Look above for error message
BUG: Out of jobs ready to be started, but not all files built yet. Please check https://github.com/snakemake/snakemake/issues/823 for more information.
Remaining jobs:
 - compile_summary_document: workflows/example_workflow/datasets/uniprot_ec_2_2_1_6_AND_reviewed_yes/dataset_summary/swissprot/_build/html/index.html
 - all: 
Complete log: .snakemake/log/2022-06-02T091522.498674.snakemake.log
