Building DAG of jobs...
Using shell: /bin/bash
Provided cores: 1 (use --cores to define parallelism)
Rules claiming more threads will be scaled down.
Job stats:
job                         count    min threads    max threads
------------------------  -------  -------------  -------------
all                             1              1              1
clean_subset_summary            1              1              1
compile_summary_document        1              1              1
create_subset_document          1              1              1
create_subset_summary           1              1              1
total                           5              1              1

Select jobs to execute...

[Thu Jun  2 15:37:38 2022]
rule create_subset_summary:
    input: workflows/example_workflow/datasets/uniprot_ec_2_2_1_6_AND_reviewed_yes/subsets/als_interpro_IPR012782/uniprot_ec_2_2_1_6_AND_reviewed_yes_als_interpro_IPR012782.aln, workflows/example_workflow/datasets/uniprot_ec_2_2_1_6_AND_reviewed_yes/subsets/als_interpro_IPR012782/csv/uniprot_ec_2_2_1_6_AND_reviewed_yes_als_interpro_IPR012782_alignment.csv
    output: workflows/example_workflow/datasets/uniprot_ec_2_2_1_6_AND_reviewed_yes/dataset_summary/uniprot_ec_2_2_1_6_AND_reviewed_yes/subsets/als_interpro_IPR012782/temp/als_interpro_IPR012782_subset_summary.ipynb
    log: workflows/example_workflow/datasets/uniprot_ec_2_2_1_6_AND_reviewed_yes/dataset_summary/uniprot_ec_2_2_1_6_AND_reviewed_yes/subsets/als_interpro_IPR012782/temp/als_interpro_IPR012782_subset_summary.ipynb
    jobid: 14
    reason: Missing output files: workflows/example_workflow/datasets/uniprot_ec_2_2_1_6_AND_reviewed_yes/dataset_summary/uniprot_ec_2_2_1_6_AND_reviewed_yes/subsets/als_interpro_IPR012782/temp/als_interpro_IPR012782_subset_summary.ipynb
    wildcards: dataset=uniprot_ec_2_2_1_6_AND_reviewed_yes, subset=als_interpro_IPR012782
    resources: tmpdir=/var/folders/xs/24s9hwqd191f2x7rhdy6_ryc0000gr/T

[Thu Jun  2 15:38:06 2022]
Finished job 14.
1 of 5 steps (20%) done
Select jobs to execute...

[Thu Jun  2 15:38:06 2022]
rule clean_subset_summary:
    input: workflows/example_workflow/datasets/uniprot_ec_2_2_1_6_AND_reviewed_yes/dataset_summary/uniprot_ec_2_2_1_6_AND_reviewed_yes/subsets/als_interpro_IPR012782/temp/als_interpro_IPR012782_subset_summary.ipynb
    output: workflows/example_workflow/datasets/uniprot_ec_2_2_1_6_AND_reviewed_yes/dataset_summary/uniprot_ec_2_2_1_6_AND_reviewed_yes/subsets/als_interpro_IPR012782/als_interpro_IPR012782_subset_summary_cleaned.ipynb
    jobid: 13
    reason: Missing output files: workflows/example_workflow/datasets/uniprot_ec_2_2_1_6_AND_reviewed_yes/dataset_summary/uniprot_ec_2_2_1_6_AND_reviewed_yes/subsets/als_interpro_IPR012782/als_interpro_IPR012782_subset_summary_cleaned.ipynb; Input files updated by another job: workflows/example_workflow/datasets/uniprot_ec_2_2_1_6_AND_reviewed_yes/dataset_summary/uniprot_ec_2_2_1_6_AND_reviewed_yes/subsets/als_interpro_IPR012782/temp/als_interpro_IPR012782_subset_summary.ipynb
    wildcards: dataset=uniprot_ec_2_2_1_6_AND_reviewed_yes, subset=als_interpro_IPR012782
    resources: tmpdir=/var/folders/xs/24s9hwqd191f2x7rhdy6_ryc0000gr/T

[Thu Jun  2 15:38:07 2022]
Finished job 13.
2 of 5 steps (40%) done
Select jobs to execute...

[Thu Jun  2 15:38:07 2022]
rule create_subset_document:
    input: workflows/example_workflow/datasets/uniprot_ec_2_2_1_6_AND_reviewed_yes/dataset_summary/uniprot_ec_2_2_1_6_AND_reviewed_yes_summary_cleaned.ipynb, workflows/example_workflow/datasets/uniprot_ec_2_2_1_6_AND_reviewed_yes/dataset_summary/uniprot_ec_2_2_1_6_AND_reviewed_yes/subsets/als_interpro_IPR012782/als_interpro_IPR012782_subset_summary_cleaned.ipynb
    output: workflows/example_workflow/datasets/uniprot_ec_2_2_1_6_AND_reviewed_yes/dataset_summary/als_interpro_IPR012782/_config.yml, workflows/example_workflow/datasets/uniprot_ec_2_2_1_6_AND_reviewed_yes/dataset_summary/als_interpro_IPR012782/_toc.yml
    jobid: 10
    reason: Missing output files: workflows/example_workflow/datasets/uniprot_ec_2_2_1_6_AND_reviewed_yes/dataset_summary/als_interpro_IPR012782/_config.yml; Input files updated by another job: workflows/example_workflow/datasets/uniprot_ec_2_2_1_6_AND_reviewed_yes/dataset_summary/uniprot_ec_2_2_1_6_AND_reviewed_yes/subsets/als_interpro_IPR012782/als_interpro_IPR012782_subset_summary_cleaned.ipynb
    wildcards: dataset=uniprot_ec_2_2_1_6_AND_reviewed_yes, subset=als_interpro_IPR012782
    resources: tmpdir=/var/folders/xs/24s9hwqd191f2x7rhdy6_ryc0000gr/T

[Thu Jun  2 15:38:07 2022]
Finished job 10.
3 of 5 steps (60%) done
Select jobs to execute...

[Thu Jun  2 15:38:07 2022]
rule compile_summary_document:
    input: workflows/example_workflow/datasets/uniprot_ec_2_2_1_6_AND_reviewed_yes/dataset_summary/als_interpro_IPR012782/_config.yml
    output: workflows/example_workflow/datasets/uniprot_ec_2_2_1_6_AND_reviewed_yes/dataset_summary/als_interpro_IPR012782/_build/html/index.html
    jobid: 9
    reason: Missing output files: workflows/example_workflow/datasets/uniprot_ec_2_2_1_6_AND_reviewed_yes/dataset_summary/als_interpro_IPR012782/_build/html/index.html; Input files updated by another job: workflows/example_workflow/datasets/uniprot_ec_2_2_1_6_AND_reviewed_yes/dataset_summary/als_interpro_IPR012782/_config.yml
    wildcards: dataset=uniprot_ec_2_2_1_6_AND_reviewed_yes, subset=als_interpro_IPR012782
    resources: tmpdir=/var/folders/xs/24s9hwqd191f2x7rhdy6_ryc0000gr/T

[Thu Jun  2 15:39:07 2022]
Finished job 9.
4 of 5 steps (80%) done
Select jobs to execute...

[Thu Jun  2 15:39:07 2022]
localrule all:
    input: workflows/example_workflow/datasets/uniprot_ec_2_2_1_6_AND_reviewed_yes/subsets/als_interpro_IPR012782/csv/uniprot_ec_2_2_1_6_AND_reviewed_yes_als_interpro_IPR012782_annotations.txt, workflows/example_workflow/datasets/uniprot_ec_2_2_1_6_AND_reviewed_yes/dataset_summary/als_interpro_IPR012782/_build/html/index.html
    jobid: 0
    reason: Input files updated by another job: workflows/example_workflow/datasets/uniprot_ec_2_2_1_6_AND_reviewed_yes/dataset_summary/als_interpro_IPR012782/_build/html/index.html
    resources: tmpdir=/var/folders/xs/24s9hwqd191f2x7rhdy6_ryc0000gr/T

[Thu Jun  2 15:39:07 2022]
Finished job 0.
5 of 5 steps (100%) done
Complete log: .snakemake/log/2022-06-02T153738.087810.snakemake.log
