Building DAG of jobs...
Using shell: /bin/bash
Provided cores: 1 (use --cores to define parallelism)
Rules claiming more threads will be scaled down.
Job stats:
job                               count    min threads    max threads
------------------------------  -------  -------------  -------------
add_annotations_from_ancestors        1              1              1
all                                   1              1              1
clean_subset_summary                  1              1              1
compile_summary_document              1              1              1
create_subset_document                1              1              1
create_subset_summary                 1              1              1
total                                 6              1              1

Select jobs to execute...

[Thu Jun  2 12:59:30 2022]
rule add_annotations_from_ancestors:
    input: workflows/example_workflow/datasets/uniprot_ec_2_2_1_6_AND_reviewed_yes/subsets/als_interpro_IPR012782/csv/uniprot_ec_2_2_1_6_AND_reviewed_yes_als_interpro_IPR012782_alignment.csv, workflows/example_workflow/datasets/uniprot_ec_2_2_1_6_AND_reviewed_yes/subsets/als_interpro_IPR012782/grasp_results/GRASP_ancestors.fasta
    output: workflows/example_workflow/datasets/uniprot_ec_2_2_1_6_AND_reviewed_yes/subsets/als_interpro_IPR012782/csv/uniprot_ec_2_2_1_6_AND_reviewed_yes_als_interpro_IPR012782_ancestors.csv
    jobid: 15
    reason: Missing output files: workflows/example_workflow/datasets/uniprot_ec_2_2_1_6_AND_reviewed_yes/subsets/als_interpro_IPR012782/csv/uniprot_ec_2_2_1_6_AND_reviewed_yes_als_interpro_IPR012782_ancestors.csv
    wildcards: dataset=uniprot_ec_2_2_1_6_AND_reviewed_yes, subset=als_interpro_IPR012782
    resources: tmpdir=/var/folders/xs/24s9hwqd191f2x7rhdy6_ryc0000gr/T

[Thu Jun  2 12:59:31 2022]
Error in rule add_annotations_from_ancestors:
    jobid: 15
    output: workflows/example_workflow/datasets/uniprot_ec_2_2_1_6_AND_reviewed_yes/subsets/als_interpro_IPR012782/csv/uniprot_ec_2_2_1_6_AND_reviewed_yes_als_interpro_IPR012782_ancestors.csv

RuleException:
CalledProcessError in line 261 of /Users/uqgfoley/Documents/asr_curation_moved/asr_curation/Snakefile:
Command 'set -euo pipefail;  /Users/uqgfoley/opt/miniconda3/envs/asr_curation241/bin/python /Users/uqgfoley/Documents/asr_curation_moved/asr_curation/.snakemake/scripts/tmpe05_nrj6.add_annotations_from_ancestors.py' returned non-zero exit status 1.
  File "/Users/uqgfoley/Documents/asr_curation_moved/asr_curation/Snakefile", line 261, in __rule_add_annotations_from_ancestors
  File "/Users/uqgfoley/opt/miniconda3/envs/asr_curation241/lib/python3.10/concurrent/futures/thread.py", line 58, in run
Job failed, going on with independent jobs.
Exiting because a job execution failed. Look above for error message
BUG: Out of jobs ready to be started, but not all files built yet. Please check https://github.com/snakemake/snakemake/issues/823 for more information.
Remaining jobs:
 - compile_summary_document: workflows/example_workflow/datasets/uniprot_ec_2_2_1_6_AND_reviewed_yes/dataset_summary/als_interpro_IPR012782/_build/html/index.html
 - clean_subset_summary: workflows/example_workflow/datasets/uniprot_ec_2_2_1_6_AND_reviewed_yes/dataset_summary/uniprot_ec_2_2_1_6_AND_reviewed_yes/subsets/als_interpro_IPR012782/als_interpro_IPR012782_subset_summary_cleaned.ipynb
 - all: 
 - add_annotations_from_ancestors: workflows/example_workflow/datasets/uniprot_ec_2_2_1_6_AND_reviewed_yes/subsets/als_interpro_IPR012782/csv/uniprot_ec_2_2_1_6_AND_reviewed_yes_als_interpro_IPR012782_ancestors.csv
 - create_subset_document: workflows/example_workflow/datasets/uniprot_ec_2_2_1_6_AND_reviewed_yes/dataset_summary/als_interpro_IPR012782/_config.yml, workflows/example_workflow/datasets/uniprot_ec_2_2_1_6_AND_reviewed_yes/dataset_summary/als_interpro_IPR012782/_toc.yml
 - create_subset_summary: workflows/example_workflow/datasets/uniprot_ec_2_2_1_6_AND_reviewed_yes/dataset_summary/uniprot_ec_2_2_1_6_AND_reviewed_yes/subsets/als_interpro_IPR012782/temp/als_interpro_IPR012782_subset_summary.ipynb
Complete log: .snakemake/log/2022-06-02T125930.355660.snakemake.log
