Building DAG of jobs...
Using shell: /bin/bash
Provided cores: 1 (use --cores to define parallelism)
Rules claiming more threads will be scaled down.
Job stats:
job                               count    min threads    max threads
------------------------------  -------  -------------  -------------
add_annotations_from_alignment        2              1              1
add_custom_annotations                1              1              1
align_seqs                            2              1              1
all                                   1              1              1
clean_subset_summary                  2              1              1
clean_summary_document                1              1              1
compile_summary_document              3              1              1
create_annotation_file                2              1              1
create_dataset_summary                1              1              1
create_subset_document                2              1              1
create_subset_summary                 2              1              1
create_subsets                        1              1              1
get_brenda_annotations                1              1              1
get_uniprot_annotations               1              1              1
total                                22              1              1

Select jobs to execute...

[Mon Jun  6 09:25:06 2022]
rule get_uniprot_annotations:
    input: workflows/example_workflow/datasets/uniprot_ec_2_2_1_6_AND_reviewed_yes/csv/original/uniprot_ec_2_2_1_6_AND_reviewed_yes_original.csv
    output: workflows/example_workflow/datasets/uniprot_ec_2_2_1_6_AND_reviewed_yes/csv/uniprot/uniprot_ec_2_2_1_6_AND_reviewed_yes_uniprot.csv
    jobid: 19
    reason: Missing output files: workflows/example_workflow/datasets/uniprot_ec_2_2_1_6_AND_reviewed_yes/csv/uniprot/uniprot_ec_2_2_1_6_AND_reviewed_yes_uniprot.csv
    wildcards: dataset=uniprot_ec_2_2_1_6_AND_reviewed_yes
    resources: tmpdir=/var/folders/xs/24s9hwqd191f2x7rhdy6_ryc0000gr/T

[Mon Jun  6 09:25:17 2022]
Finished job 19.
1 of 22 steps (5%) done
Select jobs to execute...

[Mon Jun  6 09:25:17 2022]
rule get_brenda_annotations:
    input: workflows/example_workflow/datasets/uniprot_ec_2_2_1_6_AND_reviewed_yes/csv/uniprot/uniprot_ec_2_2_1_6_AND_reviewed_yes_uniprot.csv
    output: workflows/example_workflow/datasets/uniprot_ec_2_2_1_6_AND_reviewed_yes/csv/brenda/uniprot_ec_2_2_1_6_AND_reviewed_yes_brenda.csv
    jobid: 18
    reason: Missing output files: workflows/example_workflow/datasets/uniprot_ec_2_2_1_6_AND_reviewed_yes/csv/brenda/uniprot_ec_2_2_1_6_AND_reviewed_yes_brenda.csv; Input files updated by another job: workflows/example_workflow/datasets/uniprot_ec_2_2_1_6_AND_reviewed_yes/csv/uniprot/uniprot_ec_2_2_1_6_AND_reviewed_yes_uniprot.csv
    wildcards: dataset=uniprot_ec_2_2_1_6_AND_reviewed_yes
    resources: tmpdir=/var/folders/xs/24s9hwqd191f2x7rhdy6_ryc0000gr/T

[Mon Jun  6 09:25:28 2022]
Finished job 18.
2 of 22 steps (9%) done
Select jobs to execute...

[Mon Jun  6 09:25:28 2022]
rule add_custom_annotations:
    input: workflows/example_workflow/datasets/uniprot_ec_2_2_1_6_AND_reviewed_yes/csv/brenda/uniprot_ec_2_2_1_6_AND_reviewed_yes_brenda.csv
    output: workflows/example_workflow/datasets/uniprot_ec_2_2_1_6_AND_reviewed_yes/csv/custom/uniprot_ec_2_2_1_6_AND_reviewed_yes_annotated.csv
    jobid: 17
    reason: Missing output files: workflows/example_workflow/datasets/uniprot_ec_2_2_1_6_AND_reviewed_yes/csv/custom/uniprot_ec_2_2_1_6_AND_reviewed_yes_annotated.csv; Input files updated by another job: workflows/example_workflow/datasets/uniprot_ec_2_2_1_6_AND_reviewed_yes/csv/brenda/uniprot_ec_2_2_1_6_AND_reviewed_yes_brenda.csv
    wildcards: dataset=uniprot_ec_2_2_1_6_AND_reviewed_yes
    resources: tmpdir=/var/folders/xs/24s9hwqd191f2x7rhdy6_ryc0000gr/T

[Mon Jun  6 09:25:29 2022]
Finished job 17.
3 of 22 steps (14%) done
Select jobs to execute...

[Mon Jun  6 09:25:29 2022]
rule create_subsets:
    input: workflows/example_workflow/subset_rules/uniprot_ec_2_2_1_6_AND_reviewed_yes.subset, workflows/example_workflow/datasets/uniprot_ec_2_2_1_6_AND_reviewed_yes/csv/custom/uniprot_ec_2_2_1_6_AND_reviewed_yes_annotated.csv
    output: workflows/example_workflow/datasets/uniprot_ec_2_2_1_6_AND_reviewed_yes/subsets/als_interpro_IPR012782/uniprot_ec_2_2_1_6_AND_reviewed_yes_als_interpro_IPR012782.fasta, workflows/example_workflow/datasets/uniprot_ec_2_2_1_6_AND_reviewed_yes/subsets/als_interpro_IPR012782/csv/uniprot_ec_2_2_1_6_AND_reviewed_yes_als_interpro_IPR012782.csv
    jobid: 16
    reason: Missing output files: workflows/example_workflow/datasets/uniprot_ec_2_2_1_6_AND_reviewed_yes/subsets/als_interpro_IPR012782/csv/uniprot_ec_2_2_1_6_AND_reviewed_yes_als_interpro_IPR012782.csv, workflows/example_workflow/datasets/uniprot_ec_2_2_1_6_AND_reviewed_yes/subsets/als_interpro_IPR012782/uniprot_ec_2_2_1_6_AND_reviewed_yes_als_interpro_IPR012782.fasta; Input files updated by another job: workflows/example_workflow/datasets/uniprot_ec_2_2_1_6_AND_reviewed_yes/csv/custom/uniprot_ec_2_2_1_6_AND_reviewed_yes_annotated.csv
    wildcards: dataset=uniprot_ec_2_2_1_6_AND_reviewed_yes, subset=als_interpro_IPR012782
    resources: tmpdir=/var/folders/xs/24s9hwqd191f2x7rhdy6_ryc0000gr/T

[Mon Jun  6 09:25:29 2022]
Finished job 16.
4 of 22 steps (18%) done
Select jobs to execute...

[Mon Jun  6 09:25:29 2022]
rule create_dataset_summary:
    input: workflows/example_workflow/datasets/uniprot_ec_2_2_1_6_AND_reviewed_yes/csv/custom/uniprot_ec_2_2_1_6_AND_reviewed_yes_annotated.csv
    output: workflows/example_workflow/datasets/uniprot_ec_2_2_1_6_AND_reviewed_yes/dataset_summary/temp/uniprot_ec_2_2_1_6_AND_reviewed_yes_summary.ipynb
    log: workflows/example_workflow/datasets/uniprot_ec_2_2_1_6_AND_reviewed_yes/dataset_summary/temp/uniprot_ec_2_2_1_6_AND_reviewed_yes_summary.ipynb
    jobid: 34
    reason: Missing output files: workflows/example_workflow/datasets/uniprot_ec_2_2_1_6_AND_reviewed_yes/dataset_summary/temp/uniprot_ec_2_2_1_6_AND_reviewed_yes_summary.ipynb; Input files updated by another job: workflows/example_workflow/datasets/uniprot_ec_2_2_1_6_AND_reviewed_yes/csv/custom/uniprot_ec_2_2_1_6_AND_reviewed_yes_annotated.csv
    wildcards: dataset=uniprot_ec_2_2_1_6_AND_reviewed_yes
    resources: tmpdir=/var/folders/xs/24s9hwqd191f2x7rhdy6_ryc0000gr/T

[Mon Jun  6 09:27:23 2022]
Finished job 34.
5 of 22 steps (23%) done
Select jobs to execute...

[Mon Jun  6 09:27:23 2022]
rule clean_summary_document:
    input: workflows/example_workflow/datasets/uniprot_ec_2_2_1_6_AND_reviewed_yes/dataset_summary/temp/uniprot_ec_2_2_1_6_AND_reviewed_yes_summary.ipynb
    output: workflows/example_workflow/datasets/uniprot_ec_2_2_1_6_AND_reviewed_yes/dataset_summary/uniprot_ec_2_2_1_6_AND_reviewed_yes_summary_cleaned.ipynb
    jobid: 33
    reason: Missing output files: workflows/example_workflow/datasets/uniprot_ec_2_2_1_6_AND_reviewed_yes/dataset_summary/uniprot_ec_2_2_1_6_AND_reviewed_yes_summary_cleaned.ipynb; Input files updated by another job: workflows/example_workflow/datasets/uniprot_ec_2_2_1_6_AND_reviewed_yes/dataset_summary/temp/uniprot_ec_2_2_1_6_AND_reviewed_yes_summary.ipynb
    wildcards: dataset=uniprot_ec_2_2_1_6_AND_reviewed_yes
    resources: tmpdir=/var/folders/xs/24s9hwqd191f2x7rhdy6_ryc0000gr/T

[Mon Jun  6 09:27:24 2022]
Finished job 33.
6 of 22 steps (27%) done
Select jobs to execute...

[Mon Jun  6 09:27:24 2022]
rule align_seqs:
    input: workflows/example_workflow/datasets/uniprot_ec_1_1_1_86_filtered_reviewed_yes/subsets/eukaryotic_kari/uniprot_ec_1_1_1_86_filtered_reviewed_yes_eukaryotic_kari.fasta
    output: workflows/example_workflow/datasets/uniprot_ec_1_1_1_86_filtered_reviewed_yes/subsets/eukaryotic_kari/uniprot_ec_1_1_1_86_filtered_reviewed_yes_eukaryotic_kari.aln
    jobid: 3
    reason: Missing output files: workflows/example_workflow/datasets/uniprot_ec_1_1_1_86_filtered_reviewed_yes/subsets/eukaryotic_kari/uniprot_ec_1_1_1_86_filtered_reviewed_yes_eukaryotic_kari.aln
    wildcards: dataset=uniprot_ec_1_1_1_86_filtered_reviewed_yes, subset=eukaryotic_kari
    resources: tmpdir=/var/folders/xs/24s9hwqd191f2x7rhdy6_ryc0000gr/T

[Mon Jun  6 09:27:24 2022]
Finished job 3.
7 of 22 steps (32%) done
Select jobs to execute...

[Mon Jun  6 09:27:24 2022]
rule add_annotations_from_alignment:
    input: workflows/example_workflow/datasets/uniprot_ec_1_1_1_86_filtered_reviewed_yes/subsets/eukaryotic_kari/uniprot_ec_1_1_1_86_filtered_reviewed_yes_eukaryotic_kari.aln, workflows/example_workflow/datasets/uniprot_ec_1_1_1_86_filtered_reviewed_yes/subsets/eukaryotic_kari/csv/uniprot_ec_1_1_1_86_filtered_reviewed_yes_eukaryotic_kari.csv
    output: workflows/example_workflow/datasets/uniprot_ec_1_1_1_86_filtered_reviewed_yes/subsets/eukaryotic_kari/csv/uniprot_ec_1_1_1_86_filtered_reviewed_yes_eukaryotic_kari_alignment.csv
    jobid: 2
    reason: Missing output files: workflows/example_workflow/datasets/uniprot_ec_1_1_1_86_filtered_reviewed_yes/subsets/eukaryotic_kari/csv/uniprot_ec_1_1_1_86_filtered_reviewed_yes_eukaryotic_kari_alignment.csv; Input files updated by another job: workflows/example_workflow/datasets/uniprot_ec_1_1_1_86_filtered_reviewed_yes/subsets/eukaryotic_kari/uniprot_ec_1_1_1_86_filtered_reviewed_yes_eukaryotic_kari.aln
    wildcards: dataset=uniprot_ec_1_1_1_86_filtered_reviewed_yes, subset=eukaryotic_kari
    resources: tmpdir=/var/folders/xs/24s9hwqd191f2x7rhdy6_ryc0000gr/T

[Mon Jun  6 09:27:24 2022]
Finished job 2.
8 of 22 steps (36%) done
Select jobs to execute...

[Mon Jun  6 09:27:25 2022]
rule create_subset_summary:
    input: workflows/example_workflow/datasets/uniprot_ec_1_1_1_86_filtered_reviewed_yes/subsets/eukaryotic_kari/uniprot_ec_1_1_1_86_filtered_reviewed_yes_eukaryotic_kari.aln, workflows/example_workflow/datasets/uniprot_ec_1_1_1_86_filtered_reviewed_yes/subsets/eukaryotic_kari/csv/uniprot_ec_1_1_1_86_filtered_reviewed_yes_eukaryotic_kari_alignment.csv
    output: workflows/example_workflow/datasets/uniprot_ec_1_1_1_86_filtered_reviewed_yes/dataset_summary/uniprot_ec_1_1_1_86_filtered_reviewed_yes/subsets/eukaryotic_kari/temp/eukaryotic_kari_subset_summary.ipynb
    log: workflows/example_workflow/datasets/uniprot_ec_1_1_1_86_filtered_reviewed_yes/dataset_summary/uniprot_ec_1_1_1_86_filtered_reviewed_yes/subsets/eukaryotic_kari/temp/eukaryotic_kari_subset_summary.ipynb
    jobid: 26
    reason: Missing output files: workflows/example_workflow/datasets/uniprot_ec_1_1_1_86_filtered_reviewed_yes/dataset_summary/uniprot_ec_1_1_1_86_filtered_reviewed_yes/subsets/eukaryotic_kari/temp/eukaryotic_kari_subset_summary.ipynb; Input files updated by another job: workflows/example_workflow/datasets/uniprot_ec_1_1_1_86_filtered_reviewed_yes/subsets/eukaryotic_kari/csv/uniprot_ec_1_1_1_86_filtered_reviewed_yes_eukaryotic_kari_alignment.csv, workflows/example_workflow/datasets/uniprot_ec_1_1_1_86_filtered_reviewed_yes/subsets/eukaryotic_kari/uniprot_ec_1_1_1_86_filtered_reviewed_yes_eukaryotic_kari.aln
    wildcards: dataset=uniprot_ec_1_1_1_86_filtered_reviewed_yes, subset=eukaryotic_kari
    resources: tmpdir=/var/folders/xs/24s9hwqd191f2x7rhdy6_ryc0000gr/T

[Mon Jun  6 09:27:43 2022]
Finished job 26.
9 of 22 steps (41%) done
Select jobs to execute...

[Mon Jun  6 09:27:43 2022]
rule clean_subset_summary:
    input: workflows/example_workflow/datasets/uniprot_ec_1_1_1_86_filtered_reviewed_yes/dataset_summary/uniprot_ec_1_1_1_86_filtered_reviewed_yes/subsets/eukaryotic_kari/temp/eukaryotic_kari_subset_summary.ipynb
    output: workflows/example_workflow/datasets/uniprot_ec_1_1_1_86_filtered_reviewed_yes/dataset_summary/uniprot_ec_1_1_1_86_filtered_reviewed_yes/subsets/eukaryotic_kari/eukaryotic_kari_subset_summary_cleaned.ipynb
    jobid: 25
    reason: Missing output files: workflows/example_workflow/datasets/uniprot_ec_1_1_1_86_filtered_reviewed_yes/dataset_summary/uniprot_ec_1_1_1_86_filtered_reviewed_yes/subsets/eukaryotic_kari/eukaryotic_kari_subset_summary_cleaned.ipynb; Input files updated by another job: workflows/example_workflow/datasets/uniprot_ec_1_1_1_86_filtered_reviewed_yes/dataset_summary/uniprot_ec_1_1_1_86_filtered_reviewed_yes/subsets/eukaryotic_kari/temp/eukaryotic_kari_subset_summary.ipynb
    wildcards: dataset=uniprot_ec_1_1_1_86_filtered_reviewed_yes, subset=eukaryotic_kari
    resources: tmpdir=/var/folders/xs/24s9hwqd191f2x7rhdy6_ryc0000gr/T

[Mon Jun  6 09:27:43 2022]
Finished job 25.
10 of 22 steps (45%) done
Select jobs to execute...

[Mon Jun  6 09:27:43 2022]
rule create_subset_document:
    input: workflows/example_workflow/datasets/uniprot_ec_1_1_1_86_filtered_reviewed_yes/dataset_summary/uniprot_ec_1_1_1_86_filtered_reviewed_yes_summary_cleaned.ipynb, workflows/example_workflow/datasets/uniprot_ec_1_1_1_86_filtered_reviewed_yes/dataset_summary/uniprot_ec_1_1_1_86_filtered_reviewed_yes/subsets/eukaryotic_kari/eukaryotic_kari_subset_summary_cleaned.ipynb
    output: workflows/example_workflow/datasets/uniprot_ec_1_1_1_86_filtered_reviewed_yes/dataset_summary/eukaryotic_kari/_config.yml, workflows/example_workflow/datasets/uniprot_ec_1_1_1_86_filtered_reviewed_yes/dataset_summary/eukaryotic_kari/_toc.yml
    jobid: 22
    reason: Missing output files: workflows/example_workflow/datasets/uniprot_ec_1_1_1_86_filtered_reviewed_yes/dataset_summary/eukaryotic_kari/_config.yml; Input files updated by another job: workflows/example_workflow/datasets/uniprot_ec_1_1_1_86_filtered_reviewed_yes/dataset_summary/uniprot_ec_1_1_1_86_filtered_reviewed_yes/subsets/eukaryotic_kari/eukaryotic_kari_subset_summary_cleaned.ipynb
    wildcards: dataset=uniprot_ec_1_1_1_86_filtered_reviewed_yes, subset=eukaryotic_kari
    resources: tmpdir=/var/folders/xs/24s9hwqd191f2x7rhdy6_ryc0000gr/T

[Mon Jun  6 09:27:44 2022]
Finished job 22.
11 of 22 steps (50%) done
Select jobs to execute...

[Mon Jun  6 09:27:44 2022]
rule create_annotation_file:
    input: workflows/example_workflow/datasets/uniprot_ec_1_1_1_86_filtered_reviewed_yes/subsets/eukaryotic_kari/csv/uniprot_ec_1_1_1_86_filtered_reviewed_yes_eukaryotic_kari_alignment.csv
    output: workflows/example_workflow/datasets/uniprot_ec_1_1_1_86_filtered_reviewed_yes/subsets/eukaryotic_kari/csv/uniprot_ec_1_1_1_86_filtered_reviewed_yes_eukaryotic_kari_annotations.txt
    jobid: 1
    reason: Missing output files: workflows/example_workflow/datasets/uniprot_ec_1_1_1_86_filtered_reviewed_yes/subsets/eukaryotic_kari/csv/uniprot_ec_1_1_1_86_filtered_reviewed_yes_eukaryotic_kari_annotations.txt; Input files updated by another job: workflows/example_workflow/datasets/uniprot_ec_1_1_1_86_filtered_reviewed_yes/subsets/eukaryotic_kari/csv/uniprot_ec_1_1_1_86_filtered_reviewed_yes_eukaryotic_kari_alignment.csv
    wildcards: dataset=uniprot_ec_1_1_1_86_filtered_reviewed_yes, subset=eukaryotic_kari
    resources: tmpdir=/var/folders/xs/24s9hwqd191f2x7rhdy6_ryc0000gr/T

[Mon Jun  6 09:27:44 2022]
Finished job 1.
12 of 22 steps (55%) done
Select jobs to execute...

[Mon Jun  6 09:27:44 2022]
rule align_seqs:
    input: workflows/example_workflow/datasets/uniprot_ec_2_2_1_6_AND_reviewed_yes/subsets/als_interpro_IPR012782/uniprot_ec_2_2_1_6_AND_reviewed_yes_als_interpro_IPR012782.fasta
    output: workflows/example_workflow/datasets/uniprot_ec_2_2_1_6_AND_reviewed_yes/subsets/als_interpro_IPR012782/uniprot_ec_2_2_1_6_AND_reviewed_yes_als_interpro_IPR012782.aln
    jobid: 15
    reason: Missing output files: workflows/example_workflow/datasets/uniprot_ec_2_2_1_6_AND_reviewed_yes/subsets/als_interpro_IPR012782/uniprot_ec_2_2_1_6_AND_reviewed_yes_als_interpro_IPR012782.aln; Input files updated by another job: workflows/example_workflow/datasets/uniprot_ec_2_2_1_6_AND_reviewed_yes/subsets/als_interpro_IPR012782/uniprot_ec_2_2_1_6_AND_reviewed_yes_als_interpro_IPR012782.fasta
    wildcards: dataset=uniprot_ec_2_2_1_6_AND_reviewed_yes, subset=als_interpro_IPR012782
    resources: tmpdir=/var/folders/xs/24s9hwqd191f2x7rhdy6_ryc0000gr/T

[Mon Jun  6 09:27:44 2022]
Finished job 15.
13 of 22 steps (59%) done
Select jobs to execute...

[Mon Jun  6 09:27:44 2022]
rule add_annotations_from_alignment:
    input: workflows/example_workflow/datasets/uniprot_ec_2_2_1_6_AND_reviewed_yes/subsets/als_interpro_IPR012782/uniprot_ec_2_2_1_6_AND_reviewed_yes_als_interpro_IPR012782.aln, workflows/example_workflow/datasets/uniprot_ec_2_2_1_6_AND_reviewed_yes/subsets/als_interpro_IPR012782/csv/uniprot_ec_2_2_1_6_AND_reviewed_yes_als_interpro_IPR012782.csv
    output: workflows/example_workflow/datasets/uniprot_ec_2_2_1_6_AND_reviewed_yes/subsets/als_interpro_IPR012782/csv/uniprot_ec_2_2_1_6_AND_reviewed_yes_als_interpro_IPR012782_alignment.csv
    jobid: 14
    reason: Missing output files: workflows/example_workflow/datasets/uniprot_ec_2_2_1_6_AND_reviewed_yes/subsets/als_interpro_IPR012782/csv/uniprot_ec_2_2_1_6_AND_reviewed_yes_als_interpro_IPR012782_alignment.csv; Input files updated by another job: workflows/example_workflow/datasets/uniprot_ec_2_2_1_6_AND_reviewed_yes/subsets/als_interpro_IPR012782/csv/uniprot_ec_2_2_1_6_AND_reviewed_yes_als_interpro_IPR012782.csv, workflows/example_workflow/datasets/uniprot_ec_2_2_1_6_AND_reviewed_yes/subsets/als_interpro_IPR012782/uniprot_ec_2_2_1_6_AND_reviewed_yes_als_interpro_IPR012782.aln
    wildcards: dataset=uniprot_ec_2_2_1_6_AND_reviewed_yes, subset=als_interpro_IPR012782
    resources: tmpdir=/var/folders/xs/24s9hwqd191f2x7rhdy6_ryc0000gr/T

[Mon Jun  6 09:27:45 2022]
Finished job 14.
14 of 22 steps (64%) done
Select jobs to execute...

[Mon Jun  6 09:27:45 2022]
rule create_subset_summary:
    input: workflows/example_workflow/datasets/uniprot_ec_2_2_1_6_AND_reviewed_yes/subsets/als_interpro_IPR012782/uniprot_ec_2_2_1_6_AND_reviewed_yes_als_interpro_IPR012782.aln, workflows/example_workflow/datasets/uniprot_ec_2_2_1_6_AND_reviewed_yes/subsets/als_interpro_IPR012782/csv/uniprot_ec_2_2_1_6_AND_reviewed_yes_als_interpro_IPR012782_alignment.csv
    output: workflows/example_workflow/datasets/uniprot_ec_2_2_1_6_AND_reviewed_yes/dataset_summary/uniprot_ec_2_2_1_6_AND_reviewed_yes/subsets/als_interpro_IPR012782/temp/als_interpro_IPR012782_subset_summary.ipynb
    log: workflows/example_workflow/datasets/uniprot_ec_2_2_1_6_AND_reviewed_yes/dataset_summary/uniprot_ec_2_2_1_6_AND_reviewed_yes/subsets/als_interpro_IPR012782/temp/als_interpro_IPR012782_subset_summary.ipynb
    jobid: 36
    reason: Missing output files: workflows/example_workflow/datasets/uniprot_ec_2_2_1_6_AND_reviewed_yes/dataset_summary/uniprot_ec_2_2_1_6_AND_reviewed_yes/subsets/als_interpro_IPR012782/temp/als_interpro_IPR012782_subset_summary.ipynb; Input files updated by another job: workflows/example_workflow/datasets/uniprot_ec_2_2_1_6_AND_reviewed_yes/subsets/als_interpro_IPR012782/csv/uniprot_ec_2_2_1_6_AND_reviewed_yes_als_interpro_IPR012782_alignment.csv, workflows/example_workflow/datasets/uniprot_ec_2_2_1_6_AND_reviewed_yes/subsets/als_interpro_IPR012782/uniprot_ec_2_2_1_6_AND_reviewed_yes_als_interpro_IPR012782.aln
    wildcards: dataset=uniprot_ec_2_2_1_6_AND_reviewed_yes, subset=als_interpro_IPR012782
    resources: tmpdir=/var/folders/xs/24s9hwqd191f2x7rhdy6_ryc0000gr/T

[Mon Jun  6 09:28:11 2022]
Finished job 36.
15 of 22 steps (68%) done
Select jobs to execute...

[Mon Jun  6 09:28:11 2022]
rule clean_subset_summary:
    input: workflows/example_workflow/datasets/uniprot_ec_2_2_1_6_AND_reviewed_yes/dataset_summary/uniprot_ec_2_2_1_6_AND_reviewed_yes/subsets/als_interpro_IPR012782/temp/als_interpro_IPR012782_subset_summary.ipynb
    output: workflows/example_workflow/datasets/uniprot_ec_2_2_1_6_AND_reviewed_yes/dataset_summary/uniprot_ec_2_2_1_6_AND_reviewed_yes/subsets/als_interpro_IPR012782/als_interpro_IPR012782_subset_summary_cleaned.ipynb
    jobid: 35
    reason: Missing output files: workflows/example_workflow/datasets/uniprot_ec_2_2_1_6_AND_reviewed_yes/dataset_summary/uniprot_ec_2_2_1_6_AND_reviewed_yes/subsets/als_interpro_IPR012782/als_interpro_IPR012782_subset_summary_cleaned.ipynb; Input files updated by another job: workflows/example_workflow/datasets/uniprot_ec_2_2_1_6_AND_reviewed_yes/dataset_summary/uniprot_ec_2_2_1_6_AND_reviewed_yes/subsets/als_interpro_IPR012782/temp/als_interpro_IPR012782_subset_summary.ipynb
    wildcards: dataset=uniprot_ec_2_2_1_6_AND_reviewed_yes, subset=als_interpro_IPR012782
    resources: tmpdir=/var/folders/xs/24s9hwqd191f2x7rhdy6_ryc0000gr/T

[Mon Jun  6 09:28:12 2022]
Finished job 35.
16 of 22 steps (73%) done
Select jobs to execute...

[Mon Jun  6 09:28:12 2022]
rule create_subset_document:
    input: workflows/example_workflow/datasets/uniprot_ec_2_2_1_6_AND_reviewed_yes/dataset_summary/uniprot_ec_2_2_1_6_AND_reviewed_yes_summary_cleaned.ipynb, workflows/example_workflow/datasets/uniprot_ec_2_2_1_6_AND_reviewed_yes/dataset_summary/uniprot_ec_2_2_1_6_AND_reviewed_yes/subsets/als_interpro_IPR012782/als_interpro_IPR012782_subset_summary_cleaned.ipynb
    output: workflows/example_workflow/datasets/uniprot_ec_2_2_1_6_AND_reviewed_yes/dataset_summary/als_interpro_IPR012782/_config.yml, workflows/example_workflow/datasets/uniprot_ec_2_2_1_6_AND_reviewed_yes/dataset_summary/als_interpro_IPR012782/_toc.yml
    jobid: 32
    reason: Missing output files: workflows/example_workflow/datasets/uniprot_ec_2_2_1_6_AND_reviewed_yes/dataset_summary/als_interpro_IPR012782/_config.yml; Input files updated by another job: workflows/example_workflow/datasets/uniprot_ec_2_2_1_6_AND_reviewed_yes/dataset_summary/uniprot_ec_2_2_1_6_AND_reviewed_yes/subsets/als_interpro_IPR012782/als_interpro_IPR012782_subset_summary_cleaned.ipynb, workflows/example_workflow/datasets/uniprot_ec_2_2_1_6_AND_reviewed_yes/dataset_summary/uniprot_ec_2_2_1_6_AND_reviewed_yes_summary_cleaned.ipynb
    wildcards: dataset=uniprot_ec_2_2_1_6_AND_reviewed_yes, subset=als_interpro_IPR012782
    resources: tmpdir=/var/folders/xs/24s9hwqd191f2x7rhdy6_ryc0000gr/T

[Mon Jun  6 09:28:12 2022]
Finished job 32.
17 of 22 steps (77%) done
Select jobs to execute...

[Mon Jun  6 09:28:12 2022]
rule create_annotation_file:
    input: workflows/example_workflow/datasets/uniprot_ec_2_2_1_6_AND_reviewed_yes/subsets/als_interpro_IPR012782/csv/uniprot_ec_2_2_1_6_AND_reviewed_yes_als_interpro_IPR012782_alignment.csv
    output: workflows/example_workflow/datasets/uniprot_ec_2_2_1_6_AND_reviewed_yes/subsets/als_interpro_IPR012782/csv/uniprot_ec_2_2_1_6_AND_reviewed_yes_als_interpro_IPR012782_annotations.txt
    jobid: 13
    reason: Missing output files: workflows/example_workflow/datasets/uniprot_ec_2_2_1_6_AND_reviewed_yes/subsets/als_interpro_IPR012782/csv/uniprot_ec_2_2_1_6_AND_reviewed_yes_als_interpro_IPR012782_annotations.txt; Input files updated by another job: workflows/example_workflow/datasets/uniprot_ec_2_2_1_6_AND_reviewed_yes/subsets/als_interpro_IPR012782/csv/uniprot_ec_2_2_1_6_AND_reviewed_yes_als_interpro_IPR012782_alignment.csv
    wildcards: dataset=uniprot_ec_2_2_1_6_AND_reviewed_yes, subset=als_interpro_IPR012782
    resources: tmpdir=/var/folders/xs/24s9hwqd191f2x7rhdy6_ryc0000gr/T

[Mon Jun  6 09:28:13 2022]
Finished job 13.
18 of 22 steps (82%) done
Select jobs to execute...

[Mon Jun  6 09:28:13 2022]
rule compile_summary_document:
    input: workflows/example_workflow/datasets/uniprot_ec_1_1_1_86_filtered_reviewed_yes/dataset_summary/classI_kari/_config.yml
    output: workflows/example_workflow/datasets/uniprot_ec_1_1_1_86_filtered_reviewed_yes/dataset_summary/classI_kari/_build/html/index.html
    jobid: 27
    reason: Missing output files: workflows/example_workflow/datasets/uniprot_ec_1_1_1_86_filtered_reviewed_yes/dataset_summary/classI_kari/_build/html/index.html
    wildcards: dataset=uniprot_ec_1_1_1_86_filtered_reviewed_yes, subset=classI_kari
    resources: tmpdir=/var/folders/xs/24s9hwqd191f2x7rhdy6_ryc0000gr/T

[Mon Jun  6 09:28:13 2022]
Error in rule compile_summary_document:
    jobid: 27
    output: workflows/example_workflow/datasets/uniprot_ec_1_1_1_86_filtered_reviewed_yes/dataset_summary/classI_kari/_build/html/index.html
    shell:
        jb build workflows/example_workflow/datasets/uniprot_ec_1_1_1_86_filtered_reviewed_yes/dataset_summary/classI_kari
        (one of the commands exited with non-zero exit code; note that snakemake uses bash strict mode!)

Shutting down, this might take some time.
Exiting because a job execution failed. Look above for error message
Complete log: .snakemake/log/2022-06-06T092506.097603.snakemake.log
