Building DAG of jobs...
Using shell: /bin/bash
Provided cores: 1 (use --cores to define parallelism)
Rules claiming more threads will be scaled down.
Job stats:
job                               count    min threads    max threads
------------------------------  -------  -------------  -------------
add_annotations_from_alignment        1              1              1
add_annotations_from_ancestors        1              1              1
add_custom_annotations                1              1              1
align_seqs                            1              1              1
all                                   1              1              1
clean_subset_summary                  1              1              1
clean_summary_document                1              1              1
compile_summary_document              1              1              1
create_annotation_file                1              1              1
create_annotations                    1              1              1
create_dataset_summary                1              1              1
create_subset_document                1              1              1
create_subset_summary                 1              1              1
create_subsets                        1              1              1
get_brenda_annotations                1              1              1
get_uniprot_annotations               1              1              1
infer_tree                            1              1              1
run_grasp                             1              1              1
total                                18              1              1

Select jobs to execute...

[Thu Jun  2 12:46:11 2022]
rule create_annotations:
    input: workflows/example_workflow/fasta/uniprot_ec_2_2_1_6_AND_reviewed_yes.fasta
    output: workflows/example_workflow/datasets/uniprot_ec_2_2_1_6_AND_reviewed_yes/csv/original/uniprot_ec_2_2_1_6_AND_reviewed_yes_original.csv
    jobid: 8
    reason: Missing output files: workflows/example_workflow/datasets/uniprot_ec_2_2_1_6_AND_reviewed_yes/csv/original/uniprot_ec_2_2_1_6_AND_reviewed_yes_original.csv
    wildcards: dataset=uniprot_ec_2_2_1_6_AND_reviewed_yes
    resources: tmpdir=/var/folders/xs/24s9hwqd191f2x7rhdy6_ryc0000gr/T

[Thu Jun  2 12:46:11 2022]
Finished job 8.
1 of 18 steps (6%) done
Select jobs to execute...

[Thu Jun  2 12:46:11 2022]
rule get_uniprot_annotations:
    input: workflows/example_workflow/datasets/uniprot_ec_2_2_1_6_AND_reviewed_yes/csv/original/uniprot_ec_2_2_1_6_AND_reviewed_yes_original.csv
    output: workflows/example_workflow/datasets/uniprot_ec_2_2_1_6_AND_reviewed_yes/csv/uniprot/uniprot_ec_2_2_1_6_AND_reviewed_yes_uniprot.csv
    jobid: 7
    reason: Missing output files: workflows/example_workflow/datasets/uniprot_ec_2_2_1_6_AND_reviewed_yes/csv/uniprot/uniprot_ec_2_2_1_6_AND_reviewed_yes_uniprot.csv; Input files updated by another job: workflows/example_workflow/datasets/uniprot_ec_2_2_1_6_AND_reviewed_yes/csv/original/uniprot_ec_2_2_1_6_AND_reviewed_yes_original.csv
    wildcards: dataset=uniprot_ec_2_2_1_6_AND_reviewed_yes
    resources: tmpdir=/var/folders/xs/24s9hwqd191f2x7rhdy6_ryc0000gr/T

[Thu Jun  2 12:46:20 2022]
Finished job 7.
2 of 18 steps (11%) done
Select jobs to execute...

[Thu Jun  2 12:46:20 2022]
rule get_brenda_annotations:
    input: workflows/example_workflow/datasets/uniprot_ec_2_2_1_6_AND_reviewed_yes/csv/uniprot/uniprot_ec_2_2_1_6_AND_reviewed_yes_uniprot.csv
    output: workflows/example_workflow/datasets/uniprot_ec_2_2_1_6_AND_reviewed_yes/csv/brenda/uniprot_ec_2_2_1_6_AND_reviewed_yes_brenda.csv
    jobid: 6
    reason: Missing output files: workflows/example_workflow/datasets/uniprot_ec_2_2_1_6_AND_reviewed_yes/csv/brenda/uniprot_ec_2_2_1_6_AND_reviewed_yes_brenda.csv; Input files updated by another job: workflows/example_workflow/datasets/uniprot_ec_2_2_1_6_AND_reviewed_yes/csv/uniprot/uniprot_ec_2_2_1_6_AND_reviewed_yes_uniprot.csv
    wildcards: dataset=uniprot_ec_2_2_1_6_AND_reviewed_yes
    resources: tmpdir=/var/folders/xs/24s9hwqd191f2x7rhdy6_ryc0000gr/T

[Thu Jun  2 12:46:29 2022]
Finished job 6.
3 of 18 steps (17%) done
Select jobs to execute...

[Thu Jun  2 12:46:29 2022]
rule add_custom_annotations:
    input: workflows/example_workflow/datasets/uniprot_ec_2_2_1_6_AND_reviewed_yes/csv/brenda/uniprot_ec_2_2_1_6_AND_reviewed_yes_brenda.csv
    output: workflows/example_workflow/datasets/uniprot_ec_2_2_1_6_AND_reviewed_yes/csv/custom/uniprot_ec_2_2_1_6_AND_reviewed_yes_annotated.csv
    jobid: 5
    reason: Missing output files: workflows/example_workflow/datasets/uniprot_ec_2_2_1_6_AND_reviewed_yes/csv/custom/uniprot_ec_2_2_1_6_AND_reviewed_yes_annotated.csv; Input files updated by another job: workflows/example_workflow/datasets/uniprot_ec_2_2_1_6_AND_reviewed_yes/csv/brenda/uniprot_ec_2_2_1_6_AND_reviewed_yes_brenda.csv
    wildcards: dataset=uniprot_ec_2_2_1_6_AND_reviewed_yes
    resources: tmpdir=/var/folders/xs/24s9hwqd191f2x7rhdy6_ryc0000gr/T

[Thu Jun  2 12:46:29 2022]
Finished job 5.
4 of 18 steps (22%) done
Select jobs to execute...

[Thu Jun  2 12:46:29 2022]
rule create_subsets:
    input: workflows/example_workflow/subset_rules/uniprot_ec_2_2_1_6_AND_reviewed_yes.subset, workflows/example_workflow/datasets/uniprot_ec_2_2_1_6_AND_reviewed_yes/csv/custom/uniprot_ec_2_2_1_6_AND_reviewed_yes_annotated.csv
    output: workflows/example_workflow/datasets/uniprot_ec_2_2_1_6_AND_reviewed_yes/subsets/als_interpro_IPR012782/uniprot_ec_2_2_1_6_AND_reviewed_yes_als_interpro_IPR012782.fasta, workflows/example_workflow/datasets/uniprot_ec_2_2_1_6_AND_reviewed_yes/subsets/als_interpro_IPR012782/csv/uniprot_ec_2_2_1_6_AND_reviewed_yes_als_interpro_IPR012782.csv
    jobid: 4
    reason: Missing output files: workflows/example_workflow/datasets/uniprot_ec_2_2_1_6_AND_reviewed_yes/subsets/als_interpro_IPR012782/uniprot_ec_2_2_1_6_AND_reviewed_yes_als_interpro_IPR012782.fasta, workflows/example_workflow/datasets/uniprot_ec_2_2_1_6_AND_reviewed_yes/subsets/als_interpro_IPR012782/csv/uniprot_ec_2_2_1_6_AND_reviewed_yes_als_interpro_IPR012782.csv; Input files updated by another job: workflows/example_workflow/datasets/uniprot_ec_2_2_1_6_AND_reviewed_yes/csv/custom/uniprot_ec_2_2_1_6_AND_reviewed_yes_annotated.csv
    wildcards: dataset=uniprot_ec_2_2_1_6_AND_reviewed_yes, subset=als_interpro_IPR012782
    resources: tmpdir=/var/folders/xs/24s9hwqd191f2x7rhdy6_ryc0000gr/T

[Thu Jun  2 12:46:30 2022]
Finished job 4.
5 of 18 steps (28%) done
Select jobs to execute...

[Thu Jun  2 12:46:30 2022]
rule create_dataset_summary:
    input: workflows/example_workflow/datasets/uniprot_ec_2_2_1_6_AND_reviewed_yes/csv/custom/uniprot_ec_2_2_1_6_AND_reviewed_yes_annotated.csv
    output: workflows/example_workflow/datasets/uniprot_ec_2_2_1_6_AND_reviewed_yes/dataset_summary/temp/uniprot_ec_2_2_1_6_AND_reviewed_yes_summary.ipynb
    log: workflows/example_workflow/datasets/uniprot_ec_2_2_1_6_AND_reviewed_yes/dataset_summary/temp/uniprot_ec_2_2_1_6_AND_reviewed_yes_summary.ipynb
    jobid: 12
    reason: Missing output files: workflows/example_workflow/datasets/uniprot_ec_2_2_1_6_AND_reviewed_yes/dataset_summary/temp/uniprot_ec_2_2_1_6_AND_reviewed_yes_summary.ipynb; Input files updated by another job: workflows/example_workflow/datasets/uniprot_ec_2_2_1_6_AND_reviewed_yes/csv/custom/uniprot_ec_2_2_1_6_AND_reviewed_yes_annotated.csv
    wildcards: dataset=uniprot_ec_2_2_1_6_AND_reviewed_yes
    resources: tmpdir=/var/folders/xs/24s9hwqd191f2x7rhdy6_ryc0000gr/T

[Thu Jun  2 12:48:23 2022]
Finished job 12.
6 of 18 steps (33%) done
Select jobs to execute...

[Thu Jun  2 12:48:23 2022]
rule clean_summary_document:
    input: workflows/example_workflow/datasets/uniprot_ec_2_2_1_6_AND_reviewed_yes/dataset_summary/temp/uniprot_ec_2_2_1_6_AND_reviewed_yes_summary.ipynb
    output: workflows/example_workflow/datasets/uniprot_ec_2_2_1_6_AND_reviewed_yes/dataset_summary/uniprot_ec_2_2_1_6_AND_reviewed_yes_summary_cleaned.ipynb
    jobid: 11
    reason: Missing output files: workflows/example_workflow/datasets/uniprot_ec_2_2_1_6_AND_reviewed_yes/dataset_summary/uniprot_ec_2_2_1_6_AND_reviewed_yes_summary_cleaned.ipynb; Input files updated by another job: workflows/example_workflow/datasets/uniprot_ec_2_2_1_6_AND_reviewed_yes/dataset_summary/temp/uniprot_ec_2_2_1_6_AND_reviewed_yes_summary.ipynb
    wildcards: dataset=uniprot_ec_2_2_1_6_AND_reviewed_yes
    resources: tmpdir=/var/folders/xs/24s9hwqd191f2x7rhdy6_ryc0000gr/T

[Thu Jun  2 12:48:23 2022]
Finished job 11.
7 of 18 steps (39%) done
Select jobs to execute...

[Thu Jun  2 12:48:23 2022]
rule align_seqs:
    input: workflows/example_workflow/datasets/uniprot_ec_2_2_1_6_AND_reviewed_yes/subsets/als_interpro_IPR012782/uniprot_ec_2_2_1_6_AND_reviewed_yes_als_interpro_IPR012782.fasta
    output: workflows/example_workflow/datasets/uniprot_ec_2_2_1_6_AND_reviewed_yes/subsets/als_interpro_IPR012782/uniprot_ec_2_2_1_6_AND_reviewed_yes_als_interpro_IPR012782.aln
    jobid: 3
    reason: Missing output files: workflows/example_workflow/datasets/uniprot_ec_2_2_1_6_AND_reviewed_yes/subsets/als_interpro_IPR012782/uniprot_ec_2_2_1_6_AND_reviewed_yes_als_interpro_IPR012782.aln; Input files updated by another job: workflows/example_workflow/datasets/uniprot_ec_2_2_1_6_AND_reviewed_yes/subsets/als_interpro_IPR012782/uniprot_ec_2_2_1_6_AND_reviewed_yes_als_interpro_IPR012782.fasta
    wildcards: dataset=uniprot_ec_2_2_1_6_AND_reviewed_yes, subset=als_interpro_IPR012782
    resources: tmpdir=/var/folders/xs/24s9hwqd191f2x7rhdy6_ryc0000gr/T

[Thu Jun  2 12:48:23 2022]
Finished job 3.
8 of 18 steps (44%) done
Select jobs to execute...

[Thu Jun  2 12:48:23 2022]
rule add_annotations_from_alignment:
    input: workflows/example_workflow/datasets/uniprot_ec_2_2_1_6_AND_reviewed_yes/subsets/als_interpro_IPR012782/uniprot_ec_2_2_1_6_AND_reviewed_yes_als_interpro_IPR012782.aln, workflows/example_workflow/datasets/uniprot_ec_2_2_1_6_AND_reviewed_yes/subsets/als_interpro_IPR012782/csv/uniprot_ec_2_2_1_6_AND_reviewed_yes_als_interpro_IPR012782.csv
    output: workflows/example_workflow/datasets/uniprot_ec_2_2_1_6_AND_reviewed_yes/subsets/als_interpro_IPR012782/csv/uniprot_ec_2_2_1_6_AND_reviewed_yes_als_interpro_IPR012782_alignment.csv
    jobid: 2
    reason: Missing output files: workflows/example_workflow/datasets/uniprot_ec_2_2_1_6_AND_reviewed_yes/subsets/als_interpro_IPR012782/csv/uniprot_ec_2_2_1_6_AND_reviewed_yes_als_interpro_IPR012782_alignment.csv; Input files updated by another job: workflows/example_workflow/datasets/uniprot_ec_2_2_1_6_AND_reviewed_yes/subsets/als_interpro_IPR012782/csv/uniprot_ec_2_2_1_6_AND_reviewed_yes_als_interpro_IPR012782.csv, workflows/example_workflow/datasets/uniprot_ec_2_2_1_6_AND_reviewed_yes/subsets/als_interpro_IPR012782/uniprot_ec_2_2_1_6_AND_reviewed_yes_als_interpro_IPR012782.aln
    wildcards: dataset=uniprot_ec_2_2_1_6_AND_reviewed_yes, subset=als_interpro_IPR012782
    resources: tmpdir=/var/folders/xs/24s9hwqd191f2x7rhdy6_ryc0000gr/T

[Thu Jun  2 12:48:24 2022]
Finished job 2.
9 of 18 steps (50%) done
Select jobs to execute...

[Thu Jun  2 12:48:24 2022]
rule create_annotation_file:
    input: workflows/example_workflow/datasets/uniprot_ec_2_2_1_6_AND_reviewed_yes/subsets/als_interpro_IPR012782/csv/uniprot_ec_2_2_1_6_AND_reviewed_yes_als_interpro_IPR012782_alignment.csv
    output: workflows/example_workflow/datasets/uniprot_ec_2_2_1_6_AND_reviewed_yes/subsets/als_interpro_IPR012782/csv/uniprot_ec_2_2_1_6_AND_reviewed_yes_als_interpro_IPR012782_annotations.txt
    jobid: 1
    reason: Missing output files: workflows/example_workflow/datasets/uniprot_ec_2_2_1_6_AND_reviewed_yes/subsets/als_interpro_IPR012782/csv/uniprot_ec_2_2_1_6_AND_reviewed_yes_als_interpro_IPR012782_annotations.txt; Input files updated by another job: workflows/example_workflow/datasets/uniprot_ec_2_2_1_6_AND_reviewed_yes/subsets/als_interpro_IPR012782/csv/uniprot_ec_2_2_1_6_AND_reviewed_yes_als_interpro_IPR012782_alignment.csv
    wildcards: dataset=uniprot_ec_2_2_1_6_AND_reviewed_yes, subset=als_interpro_IPR012782
    resources: tmpdir=/var/folders/xs/24s9hwqd191f2x7rhdy6_ryc0000gr/T

[Thu Jun  2 12:48:24 2022]
Finished job 1.
10 of 18 steps (56%) done
Select jobs to execute...

[Thu Jun  2 12:48:24 2022]
rule infer_tree:
    input: workflows/example_workflow/datasets/uniprot_ec_2_2_1_6_AND_reviewed_yes/subsets/als_interpro_IPR012782/uniprot_ec_2_2_1_6_AND_reviewed_yes_als_interpro_IPR012782.aln
    output: workflows/example_workflow/datasets/uniprot_ec_2_2_1_6_AND_reviewed_yes/subsets/als_interpro_IPR012782/uniprot_ec_2_2_1_6_AND_reviewed_yes_als_interpro_IPR012782.nwk
    jobid: 17
    reason: Missing output files: workflows/example_workflow/datasets/uniprot_ec_2_2_1_6_AND_reviewed_yes/subsets/als_interpro_IPR012782/uniprot_ec_2_2_1_6_AND_reviewed_yes_als_interpro_IPR012782.nwk; Input files updated by another job: workflows/example_workflow/datasets/uniprot_ec_2_2_1_6_AND_reviewed_yes/subsets/als_interpro_IPR012782/uniprot_ec_2_2_1_6_AND_reviewed_yes_als_interpro_IPR012782.aln
    wildcards: dataset=uniprot_ec_2_2_1_6_AND_reviewed_yes, subset=als_interpro_IPR012782
    resources: tmpdir=/var/folders/xs/24s9hwqd191f2x7rhdy6_ryc0000gr/T

[Thu Jun  2 12:48:24 2022]
Finished job 17.
11 of 18 steps (61%) done
Select jobs to execute...

[Thu Jun  2 12:48:24 2022]
rule run_grasp:
    input: workflows/example_workflow/datasets/uniprot_ec_2_2_1_6_AND_reviewed_yes/subsets/als_interpro_IPR012782/uniprot_ec_2_2_1_6_AND_reviewed_yes_als_interpro_IPR012782.aln, workflows/example_workflow/datasets/uniprot_ec_2_2_1_6_AND_reviewed_yes/subsets/als_interpro_IPR012782/uniprot_ec_2_2_1_6_AND_reviewed_yes_als_interpro_IPR012782.nwk
    output: workflows/example_workflow/datasets/uniprot_ec_2_2_1_6_AND_reviewed_yes/subsets/als_interpro_IPR012782/grasp_results, workflows/example_workflow/datasets/uniprot_ec_2_2_1_6_AND_reviewed_yes/subsets/als_interpro_IPR012782/grasp_results/GRASP_ancestors.fasta, workflows/example_workflow/datasets/uniprot_ec_2_2_1_6_AND_reviewed_yes/subsets/als_interpro_IPR012782/grasp_results/GRASP_ancestors.nwk
    jobid: 16
    reason: Missing output files: workflows/example_workflow/datasets/uniprot_ec_2_2_1_6_AND_reviewed_yes/subsets/als_interpro_IPR012782/grasp_results/GRASP_ancestors.fasta; Input files updated by another job: workflows/example_workflow/datasets/uniprot_ec_2_2_1_6_AND_reviewed_yes/subsets/als_interpro_IPR012782/uniprot_ec_2_2_1_6_AND_reviewed_yes_als_interpro_IPR012782.nwk, workflows/example_workflow/datasets/uniprot_ec_2_2_1_6_AND_reviewed_yes/subsets/als_interpro_IPR012782/uniprot_ec_2_2_1_6_AND_reviewed_yes_als_interpro_IPR012782.aln
    wildcards: dataset=uniprot_ec_2_2_1_6_AND_reviewed_yes, subset=als_interpro_IPR012782
    resources: tmpdir=/var/folders/xs/24s9hwqd191f2x7rhdy6_ryc0000gr/T

[Thu Jun  2 12:48:25 2022]
Finished job 16.
12 of 18 steps (67%) done
Select jobs to execute...

[Thu Jun  2 12:48:25 2022]
rule add_annotations_from_ancestors:
    input: workflows/example_workflow/datasets/uniprot_ec_2_2_1_6_AND_reviewed_yes/subsets/als_interpro_IPR012782/csv/uniprot_ec_2_2_1_6_AND_reviewed_yes_als_interpro_IPR012782_alignment.csv, workflows/example_workflow/datasets/uniprot_ec_2_2_1_6_AND_reviewed_yes/subsets/als_interpro_IPR012782/grasp_results/GRASP_ancestors.fasta
    output: workflows/example_workflow/datasets/uniprot_ec_2_2_1_6_AND_reviewed_yes/subsets/als_interpro_IPR012782/csv/uniprot_ec_2_2_1_6_AND_reviewed_yes_als_interpro_IPR012782_ancestors.csv
    jobid: 15
    reason: Missing output files: workflows/example_workflow/datasets/uniprot_ec_2_2_1_6_AND_reviewed_yes/subsets/als_interpro_IPR012782/csv/uniprot_ec_2_2_1_6_AND_reviewed_yes_als_interpro_IPR012782_ancestors.csv; Input files updated by another job: workflows/example_workflow/datasets/uniprot_ec_2_2_1_6_AND_reviewed_yes/subsets/als_interpro_IPR012782/grasp_results/GRASP_ancestors.fasta, workflows/example_workflow/datasets/uniprot_ec_2_2_1_6_AND_reviewed_yes/subsets/als_interpro_IPR012782/csv/uniprot_ec_2_2_1_6_AND_reviewed_yes_als_interpro_IPR012782_alignment.csv
    wildcards: dataset=uniprot_ec_2_2_1_6_AND_reviewed_yes, subset=als_interpro_IPR012782
    resources: tmpdir=/var/folders/xs/24s9hwqd191f2x7rhdy6_ryc0000gr/T

[Thu Jun  2 12:48:26 2022]
Error in rule add_annotations_from_ancestors:
    jobid: 15
    output: workflows/example_workflow/datasets/uniprot_ec_2_2_1_6_AND_reviewed_yes/subsets/als_interpro_IPR012782/csv/uniprot_ec_2_2_1_6_AND_reviewed_yes_als_interpro_IPR012782_ancestors.csv

RuleException:
CalledProcessError in line 261 of /Users/uqgfoley/Documents/asr_curation_moved/asr_curation/Snakefile:
Command 'set -euo pipefail;  /Users/uqgfoley/opt/miniconda3/envs/asr_curation241/bin/python /Users/uqgfoley/Documents/asr_curation_moved/asr_curation/.snakemake/scripts/tmp0xg3jn42.add_annotations_from_ancestors.py' returned non-zero exit status 1.
  File "/Users/uqgfoley/Documents/asr_curation_moved/asr_curation/Snakefile", line 261, in __rule_add_annotations_from_ancestors
  File "/Users/uqgfoley/opt/miniconda3/envs/asr_curation241/lib/python3.10/concurrent/futures/thread.py", line 58, in run
Job failed, going on with independent jobs.
Exiting because a job execution failed. Look above for error message
BUG: Out of jobs ready to be started, but not all files built yet. Please check https://github.com/snakemake/snakemake/issues/823 for more information.
Remaining jobs:
 - compile_summary_document: workflows/example_workflow/datasets/uniprot_ec_2_2_1_6_AND_reviewed_yes/dataset_summary/als_interpro_IPR012782/_build/html/index.html
 - clean_subset_summary: workflows/example_workflow/datasets/uniprot_ec_2_2_1_6_AND_reviewed_yes/dataset_summary/uniprot_ec_2_2_1_6_AND_reviewed_yes/subsets/als_interpro_IPR012782/als_interpro_IPR012782_subset_summary_cleaned.ipynb
 - all: 
 - add_annotations_from_ancestors: workflows/example_workflow/datasets/uniprot_ec_2_2_1_6_AND_reviewed_yes/subsets/als_interpro_IPR012782/csv/uniprot_ec_2_2_1_6_AND_reviewed_yes_als_interpro_IPR012782_ancestors.csv
 - create_subset_document: workflows/example_workflow/datasets/uniprot_ec_2_2_1_6_AND_reviewed_yes/dataset_summary/als_interpro_IPR012782/_config.yml, workflows/example_workflow/datasets/uniprot_ec_2_2_1_6_AND_reviewed_yes/dataset_summary/als_interpro_IPR012782/_toc.yml
 - create_subset_summary: workflows/example_workflow/datasets/uniprot_ec_2_2_1_6_AND_reviewed_yes/dataset_summary/uniprot_ec_2_2_1_6_AND_reviewed_yes/subsets/als_interpro_IPR012782/temp/als_interpro_IPR012782_subset_summary.ipynb
Complete log: .snakemake/log/2022-06-02T124611.126360.snakemake.log
