Building DAG of jobs...
Using shell: /bin/bash
Provided cores: 1 (use --cores to define parallelism)
Rules claiming more threads will be scaled down.
Job stats:
job                         count    min threads    max threads
------------------------  -------  -------------  -------------
all                             1              1              1
clean_subset_summary            2              1              1
clean_summary_document          1              1              1
compile_summary_document        2              1              1
create_annotation_file          2              1              1
create_dataset_summary          1              1              1
create_subset_document          2              1              1
create_subset_summary           2              1              1
total                          13              1              1

Select jobs to execute...

[Thu Jun  2 21:43:40 2022]
rule create_subset_summary:
    input: workflows/example_workflow/datasets/uniprot_ec_1_1_1_86_filtered_reviewed_yes/subsets/classI_kari/uniprot_ec_1_1_1_86_filtered_reviewed_yes_classI_kari.aln, workflows/example_workflow/datasets/uniprot_ec_1_1_1_86_filtered_reviewed_yes/subsets/classI_kari/csv/uniprot_ec_1_1_1_86_filtered_reviewed_yes_classI_kari_alignment.csv
    output: workflows/example_workflow/datasets/uniprot_ec_1_1_1_86_filtered_reviewed_yes/dataset_summary/uniprot_ec_1_1_1_86_filtered_reviewed_yes/subsets/classI_kari/temp/classI_kari_subset_summary.ipynb
    log: workflows/example_workflow/datasets/uniprot_ec_1_1_1_86_filtered_reviewed_yes/dataset_summary/uniprot_ec_1_1_1_86_filtered_reviewed_yes/subsets/classI_kari/temp/classI_kari_subset_summary.ipynb
    jobid: 22
    reason: Missing output files: workflows/example_workflow/datasets/uniprot_ec_1_1_1_86_filtered_reviewed_yes/dataset_summary/uniprot_ec_1_1_1_86_filtered_reviewed_yes/subsets/classI_kari/temp/classI_kari_subset_summary.ipynb
    wildcards: dataset=uniprot_ec_1_1_1_86_filtered_reviewed_yes, subset=classI_kari
    resources: tmpdir=/var/folders/xs/24s9hwqd191f2x7rhdy6_ryc0000gr/T

[Thu Jun  2 21:44:09 2022]
Finished job 22.
1 of 13 steps (8%) done
Select jobs to execute...

[Thu Jun  2 21:44:09 2022]
rule create_dataset_summary:
    input: workflows/example_workflow/datasets/uniprot_ec_1_1_1_86_filtered_reviewed_yes/csv/custom/uniprot_ec_1_1_1_86_filtered_reviewed_yes_annotated.csv
    output: workflows/example_workflow/datasets/uniprot_ec_1_1_1_86_filtered_reviewed_yes/dataset_summary/temp/uniprot_ec_1_1_1_86_filtered_reviewed_yes_summary.ipynb
    log: workflows/example_workflow/datasets/uniprot_ec_1_1_1_86_filtered_reviewed_yes/dataset_summary/temp/uniprot_ec_1_1_1_86_filtered_reviewed_yes_summary.ipynb
    jobid: 16
    reason: Missing output files: workflows/example_workflow/datasets/uniprot_ec_1_1_1_86_filtered_reviewed_yes/dataset_summary/temp/uniprot_ec_1_1_1_86_filtered_reviewed_yes_summary.ipynb
    wildcards: dataset=uniprot_ec_1_1_1_86_filtered_reviewed_yes
    resources: tmpdir=/var/folders/xs/24s9hwqd191f2x7rhdy6_ryc0000gr/T

[Thu Jun  2 21:44:46 2022]
Finished job 16.
2 of 13 steps (15%) done
Select jobs to execute...

[Thu Jun  2 21:44:46 2022]
rule create_annotation_file:
    input: workflows/example_workflow/datasets/uniprot_ec_1_1_1_86_filtered_reviewed_yes/subsets/classI_kari/csv/uniprot_ec_1_1_1_86_filtered_reviewed_yes_classI_kari_alignment.csv
    output: workflows/example_workflow/datasets/uniprot_ec_1_1_1_86_filtered_reviewed_yes/subsets/classI_kari/csv/uniprot_ec_1_1_1_86_filtered_reviewed_yes_classI_kari_annotations.txt
    jobid: 9
    reason: Missing output files: workflows/example_workflow/datasets/uniprot_ec_1_1_1_86_filtered_reviewed_yes/subsets/classI_kari/csv/uniprot_ec_1_1_1_86_filtered_reviewed_yes_classI_kari_annotations.txt
    wildcards: dataset=uniprot_ec_1_1_1_86_filtered_reviewed_yes, subset=classI_kari
    resources: tmpdir=/var/folders/xs/24s9hwqd191f2x7rhdy6_ryc0000gr/T

[Thu Jun  2 21:44:47 2022]
Finished job 9.
3 of 13 steps (23%) done
Select jobs to execute...

[Thu Jun  2 21:44:47 2022]
rule clean_summary_document:
    input: workflows/example_workflow/datasets/uniprot_ec_1_1_1_86_filtered_reviewed_yes/dataset_summary/temp/uniprot_ec_1_1_1_86_filtered_reviewed_yes_summary.ipynb
    output: workflows/example_workflow/datasets/uniprot_ec_1_1_1_86_filtered_reviewed_yes/dataset_summary/uniprot_ec_1_1_1_86_filtered_reviewed_yes_summary_cleaned.ipynb
    jobid: 15
    reason: Missing output files: workflows/example_workflow/datasets/uniprot_ec_1_1_1_86_filtered_reviewed_yes/dataset_summary/uniprot_ec_1_1_1_86_filtered_reviewed_yes_summary_cleaned.ipynb; Input files updated by another job: workflows/example_workflow/datasets/uniprot_ec_1_1_1_86_filtered_reviewed_yes/dataset_summary/temp/uniprot_ec_1_1_1_86_filtered_reviewed_yes_summary.ipynb
    wildcards: dataset=uniprot_ec_1_1_1_86_filtered_reviewed_yes
    resources: tmpdir=/var/folders/xs/24s9hwqd191f2x7rhdy6_ryc0000gr/T

[Thu Jun  2 21:44:47 2022]
Finished job 15.
4 of 13 steps (31%) done
Select jobs to execute...

[Thu Jun  2 21:44:47 2022]
rule clean_subset_summary:
    input: workflows/example_workflow/datasets/uniprot_ec_1_1_1_86_filtered_reviewed_yes/dataset_summary/uniprot_ec_1_1_1_86_filtered_reviewed_yes/subsets/classI_kari/temp/classI_kari_subset_summary.ipynb
    output: workflows/example_workflow/datasets/uniprot_ec_1_1_1_86_filtered_reviewed_yes/dataset_summary/uniprot_ec_1_1_1_86_filtered_reviewed_yes/subsets/classI_kari/classI_kari_subset_summary_cleaned.ipynb
    jobid: 21
    reason: Missing output files: workflows/example_workflow/datasets/uniprot_ec_1_1_1_86_filtered_reviewed_yes/dataset_summary/uniprot_ec_1_1_1_86_filtered_reviewed_yes/subsets/classI_kari/classI_kari_subset_summary_cleaned.ipynb; Input files updated by another job: workflows/example_workflow/datasets/uniprot_ec_1_1_1_86_filtered_reviewed_yes/dataset_summary/uniprot_ec_1_1_1_86_filtered_reviewed_yes/subsets/classI_kari/temp/classI_kari_subset_summary.ipynb
    wildcards: dataset=uniprot_ec_1_1_1_86_filtered_reviewed_yes, subset=classI_kari
    resources: tmpdir=/var/folders/xs/24s9hwqd191f2x7rhdy6_ryc0000gr/T

[Thu Jun  2 21:44:47 2022]
Finished job 21.
5 of 13 steps (38%) done
Select jobs to execute...

[Thu Jun  2 21:44:47 2022]
rule create_subset_document:
    input: workflows/example_workflow/datasets/uniprot_ec_1_1_1_86_filtered_reviewed_yes/dataset_summary/uniprot_ec_1_1_1_86_filtered_reviewed_yes_summary_cleaned.ipynb, workflows/example_workflow/datasets/uniprot_ec_1_1_1_86_filtered_reviewed_yes/dataset_summary/uniprot_ec_1_1_1_86_filtered_reviewed_yes/subsets/classI_kari/classI_kari_subset_summary_cleaned.ipynb
    output: workflows/example_workflow/datasets/uniprot_ec_1_1_1_86_filtered_reviewed_yes/dataset_summary/classI_kari/_config.yml, workflows/example_workflow/datasets/uniprot_ec_1_1_1_86_filtered_reviewed_yes/dataset_summary/classI_kari/_toc.yml
    jobid: 20
    reason: Missing output files: workflows/example_workflow/datasets/uniprot_ec_1_1_1_86_filtered_reviewed_yes/dataset_summary/classI_kari/_config.yml; Input files updated by another job: workflows/example_workflow/datasets/uniprot_ec_1_1_1_86_filtered_reviewed_yes/dataset_summary/uniprot_ec_1_1_1_86_filtered_reviewed_yes/subsets/classI_kari/classI_kari_subset_summary_cleaned.ipynb, workflows/example_workflow/datasets/uniprot_ec_1_1_1_86_filtered_reviewed_yes/dataset_summary/uniprot_ec_1_1_1_86_filtered_reviewed_yes_summary_cleaned.ipynb
    wildcards: dataset=uniprot_ec_1_1_1_86_filtered_reviewed_yes, subset=classI_kari
    resources: tmpdir=/var/folders/xs/24s9hwqd191f2x7rhdy6_ryc0000gr/T

[Thu Jun  2 21:44:48 2022]
Finished job 20.
6 of 13 steps (46%) done
Select jobs to execute...

[Thu Jun  2 21:44:48 2022]
rule create_subset_summary:
    input: workflows/example_workflow/datasets/uniprot_ec_1_1_1_86_filtered_reviewed_yes/subsets/eukaryotic_kari/uniprot_ec_1_1_1_86_filtered_reviewed_yes_eukaryotic_kari.aln, workflows/example_workflow/datasets/uniprot_ec_1_1_1_86_filtered_reviewed_yes/subsets/eukaryotic_kari/csv/uniprot_ec_1_1_1_86_filtered_reviewed_yes_eukaryotic_kari_alignment.csv
    output: workflows/example_workflow/datasets/uniprot_ec_1_1_1_86_filtered_reviewed_yes/dataset_summary/uniprot_ec_1_1_1_86_filtered_reviewed_yes/subsets/eukaryotic_kari/temp/eukaryotic_kari_subset_summary.ipynb
    log: workflows/example_workflow/datasets/uniprot_ec_1_1_1_86_filtered_reviewed_yes/dataset_summary/uniprot_ec_1_1_1_86_filtered_reviewed_yes/subsets/eukaryotic_kari/temp/eukaryotic_kari_subset_summary.ipynb
    jobid: 18
    reason: Missing output files: workflows/example_workflow/datasets/uniprot_ec_1_1_1_86_filtered_reviewed_yes/dataset_summary/uniprot_ec_1_1_1_86_filtered_reviewed_yes/subsets/eukaryotic_kari/temp/eukaryotic_kari_subset_summary.ipynb
    wildcards: dataset=uniprot_ec_1_1_1_86_filtered_reviewed_yes, subset=eukaryotic_kari
    resources: tmpdir=/var/folders/xs/24s9hwqd191f2x7rhdy6_ryc0000gr/T

[Thu Jun  2 21:45:12 2022]
Finished job 18.
7 of 13 steps (54%) done
Select jobs to execute...

[Thu Jun  2 21:45:12 2022]
rule clean_subset_summary:
    input: workflows/example_workflow/datasets/uniprot_ec_1_1_1_86_filtered_reviewed_yes/dataset_summary/uniprot_ec_1_1_1_86_filtered_reviewed_yes/subsets/eukaryotic_kari/temp/eukaryotic_kari_subset_summary.ipynb
    output: workflows/example_workflow/datasets/uniprot_ec_1_1_1_86_filtered_reviewed_yes/dataset_summary/uniprot_ec_1_1_1_86_filtered_reviewed_yes/subsets/eukaryotic_kari/eukaryotic_kari_subset_summary_cleaned.ipynb
    jobid: 17
    reason: Missing output files: workflows/example_workflow/datasets/uniprot_ec_1_1_1_86_filtered_reviewed_yes/dataset_summary/uniprot_ec_1_1_1_86_filtered_reviewed_yes/subsets/eukaryotic_kari/eukaryotic_kari_subset_summary_cleaned.ipynb; Input files updated by another job: workflows/example_workflow/datasets/uniprot_ec_1_1_1_86_filtered_reviewed_yes/dataset_summary/uniprot_ec_1_1_1_86_filtered_reviewed_yes/subsets/eukaryotic_kari/temp/eukaryotic_kari_subset_summary.ipynb
    wildcards: dataset=uniprot_ec_1_1_1_86_filtered_reviewed_yes, subset=eukaryotic_kari
    resources: tmpdir=/var/folders/xs/24s9hwqd191f2x7rhdy6_ryc0000gr/T

[Thu Jun  2 21:45:13 2022]
Finished job 17.
8 of 13 steps (62%) done
Select jobs to execute...

[Thu Jun  2 21:45:13 2022]
rule create_subset_document:
    input: workflows/example_workflow/datasets/uniprot_ec_1_1_1_86_filtered_reviewed_yes/dataset_summary/uniprot_ec_1_1_1_86_filtered_reviewed_yes_summary_cleaned.ipynb, workflows/example_workflow/datasets/uniprot_ec_1_1_1_86_filtered_reviewed_yes/dataset_summary/uniprot_ec_1_1_1_86_filtered_reviewed_yes/subsets/eukaryotic_kari/eukaryotic_kari_subset_summary_cleaned.ipynb
    output: workflows/example_workflow/datasets/uniprot_ec_1_1_1_86_filtered_reviewed_yes/dataset_summary/eukaryotic_kari/_config.yml, workflows/example_workflow/datasets/uniprot_ec_1_1_1_86_filtered_reviewed_yes/dataset_summary/eukaryotic_kari/_toc.yml
    jobid: 14
    reason: Missing output files: workflows/example_workflow/datasets/uniprot_ec_1_1_1_86_filtered_reviewed_yes/dataset_summary/eukaryotic_kari/_config.yml; Input files updated by another job: workflows/example_workflow/datasets/uniprot_ec_1_1_1_86_filtered_reviewed_yes/dataset_summary/uniprot_ec_1_1_1_86_filtered_reviewed_yes_summary_cleaned.ipynb, workflows/example_workflow/datasets/uniprot_ec_1_1_1_86_filtered_reviewed_yes/dataset_summary/uniprot_ec_1_1_1_86_filtered_reviewed_yes/subsets/eukaryotic_kari/eukaryotic_kari_subset_summary_cleaned.ipynb
    wildcards: dataset=uniprot_ec_1_1_1_86_filtered_reviewed_yes, subset=eukaryotic_kari
    resources: tmpdir=/var/folders/xs/24s9hwqd191f2x7rhdy6_ryc0000gr/T

[Thu Jun  2 21:45:13 2022]
Finished job 14.
9 of 13 steps (69%) done
Select jobs to execute...

[Thu Jun  2 21:45:13 2022]
rule create_annotation_file:
    input: workflows/example_workflow/datasets/uniprot_ec_1_1_1_86_filtered_reviewed_yes/subsets/eukaryotic_kari/csv/uniprot_ec_1_1_1_86_filtered_reviewed_yes_eukaryotic_kari_alignment.csv
    output: workflows/example_workflow/datasets/uniprot_ec_1_1_1_86_filtered_reviewed_yes/subsets/eukaryotic_kari/csv/uniprot_ec_1_1_1_86_filtered_reviewed_yes_eukaryotic_kari_annotations.txt
    jobid: 1
    reason: Missing output files: workflows/example_workflow/datasets/uniprot_ec_1_1_1_86_filtered_reviewed_yes/subsets/eukaryotic_kari/csv/uniprot_ec_1_1_1_86_filtered_reviewed_yes_eukaryotic_kari_annotations.txt
    wildcards: dataset=uniprot_ec_1_1_1_86_filtered_reviewed_yes, subset=eukaryotic_kari
    resources: tmpdir=/var/folders/xs/24s9hwqd191f2x7rhdy6_ryc0000gr/T

[Thu Jun  2 21:45:14 2022]
Finished job 1.
10 of 13 steps (77%) done
Select jobs to execute...

[Thu Jun  2 21:45:14 2022]
rule compile_summary_document:
    input: workflows/example_workflow/datasets/uniprot_ec_1_1_1_86_filtered_reviewed_yes/dataset_summary/classI_kari/_config.yml
    output: workflows/example_workflow/datasets/uniprot_ec_1_1_1_86_filtered_reviewed_yes/dataset_summary/classI_kari/_build/html/index.html
    jobid: 19
    reason: Missing output files: workflows/example_workflow/datasets/uniprot_ec_1_1_1_86_filtered_reviewed_yes/dataset_summary/classI_kari/_build/html/index.html; Input files updated by another job: workflows/example_workflow/datasets/uniprot_ec_1_1_1_86_filtered_reviewed_yes/dataset_summary/classI_kari/_config.yml
    wildcards: dataset=uniprot_ec_1_1_1_86_filtered_reviewed_yes, subset=classI_kari
    resources: tmpdir=/var/folders/xs/24s9hwqd191f2x7rhdy6_ryc0000gr/T

[Thu Jun  2 21:46:04 2022]
Finished job 19.
11 of 13 steps (85%) done
Select jobs to execute...

[Thu Jun  2 21:46:04 2022]
rule compile_summary_document:
    input: workflows/example_workflow/datasets/uniprot_ec_1_1_1_86_filtered_reviewed_yes/dataset_summary/eukaryotic_kari/_config.yml
    output: workflows/example_workflow/datasets/uniprot_ec_1_1_1_86_filtered_reviewed_yes/dataset_summary/eukaryotic_kari/_build/html/index.html
    jobid: 13
    reason: Missing output files: workflows/example_workflow/datasets/uniprot_ec_1_1_1_86_filtered_reviewed_yes/dataset_summary/eukaryotic_kari/_build/html/index.html; Input files updated by another job: workflows/example_workflow/datasets/uniprot_ec_1_1_1_86_filtered_reviewed_yes/dataset_summary/eukaryotic_kari/_config.yml
    wildcards: dataset=uniprot_ec_1_1_1_86_filtered_reviewed_yes, subset=eukaryotic_kari
    resources: tmpdir=/var/folders/xs/24s9hwqd191f2x7rhdy6_ryc0000gr/T

[Thu Jun  2 21:47:13 2022]
Finished job 13.
12 of 13 steps (92%) done
Select jobs to execute...

[Thu Jun  2 21:47:13 2022]
localrule all:
    input: workflows/example_workflow/datasets/uniprot_ec_1_1_1_86_filtered_reviewed_yes/subsets/eukaryotic_kari/csv/uniprot_ec_1_1_1_86_filtered_reviewed_yes_eukaryotic_kari_annotations.txt, workflows/example_workflow/datasets/uniprot_ec_1_1_1_86_filtered_reviewed_yes/subsets/classI_kari/csv/uniprot_ec_1_1_1_86_filtered_reviewed_yes_classI_kari_annotations.txt, workflows/example_workflow/datasets/uniprot_ec_1_1_1_86_filtered_reviewed_yes/dataset_summary/eukaryotic_kari/_build/html/index.html, workflows/example_workflow/datasets/uniprot_ec_1_1_1_86_filtered_reviewed_yes/dataset_summary/classI_kari/_build/html/index.html
    jobid: 0
    reason: Input files updated by another job: workflows/example_workflow/datasets/uniprot_ec_1_1_1_86_filtered_reviewed_yes/subsets/eukaryotic_kari/csv/uniprot_ec_1_1_1_86_filtered_reviewed_yes_eukaryotic_kari_annotations.txt, workflows/example_workflow/datasets/uniprot_ec_1_1_1_86_filtered_reviewed_yes/subsets/classI_kari/csv/uniprot_ec_1_1_1_86_filtered_reviewed_yes_classI_kari_annotations.txt, workflows/example_workflow/datasets/uniprot_ec_1_1_1_86_filtered_reviewed_yes/dataset_summary/eukaryotic_kari/_build/html/index.html, workflows/example_workflow/datasets/uniprot_ec_1_1_1_86_filtered_reviewed_yes/dataset_summary/classI_kari/_build/html/index.html
    resources: tmpdir=/var/folders/xs/24s9hwqd191f2x7rhdy6_ryc0000gr/T

[Thu Jun  2 21:47:13 2022]
Finished job 0.
13 of 13 steps (100%) done
Complete log: .snakemake/log/2022-06-02T214340.509186.snakemake.log
