Building DAG of jobs...
Using shell: /bin/bash
Provided cores: 1 (use --cores to define parallelism)
Rules claiming more threads will be scaled down.
Job stats:
job                               count    min threads    max threads
------------------------------  -------  -------------  -------------
add_annotations_from_alignment        3              1              1
add_custom_annotations                1              1              1
align_seqs                            3              1              1
all                                   1              1              1
clean_subset_summary                  3              1              1
clean_summary_document                2              1              1
compile_summary_document              3              1              1
create_annotation_file                3              1              1
create_annotations                    1              1              1
create_dataset_summary                2              1              1
create_subset_document                3              1              1
create_subset_summary                 3              1              1
create_subsets                        1              1              1
get_brenda_annotations                1              1              1
get_uniprot_annotations               1              1              1
total                                31              1              1

Select jobs to execute...

[Mon Jun  6 09:24:05 2022]
rule create_dataset_summary:
    input: workflows/example_workflow/datasets/uniprot_ec_1_1_1_86_filtered_reviewed_yes/csv/custom/uniprot_ec_1_1_1_86_filtered_reviewed_yes_annotated.csv
    output: workflows/example_workflow/datasets/uniprot_ec_1_1_1_86_filtered_reviewed_yes/dataset_summary/temp/uniprot_ec_1_1_1_86_filtered_reviewed_yes_summary.ipynb
    log: workflows/example_workflow/datasets/uniprot_ec_1_1_1_86_filtered_reviewed_yes/dataset_summary/temp/uniprot_ec_1_1_1_86_filtered_reviewed_yes_summary.ipynb
    jobid: 24
    reason: Missing output files: workflows/example_workflow/datasets/uniprot_ec_1_1_1_86_filtered_reviewed_yes/dataset_summary/temp/uniprot_ec_1_1_1_86_filtered_reviewed_yes_summary.ipynb
    wildcards: dataset=uniprot_ec_1_1_1_86_filtered_reviewed_yes
    resources: tmpdir=/var/folders/xs/24s9hwqd191f2x7rhdy6_ryc0000gr/T

[Mon Jun  6 09:24:28 2022]
Finished job 24.
1 of 31 steps (3%) done
Select jobs to execute...

[Mon Jun  6 09:24:28 2022]
rule clean_summary_document:
    input: workflows/example_workflow/datasets/uniprot_ec_1_1_1_86_filtered_reviewed_yes/dataset_summary/temp/uniprot_ec_1_1_1_86_filtered_reviewed_yes_summary.ipynb
    output: workflows/example_workflow/datasets/uniprot_ec_1_1_1_86_filtered_reviewed_yes/dataset_summary/uniprot_ec_1_1_1_86_filtered_reviewed_yes_summary_cleaned.ipynb
    jobid: 23
    reason: Missing output files: workflows/example_workflow/datasets/uniprot_ec_1_1_1_86_filtered_reviewed_yes/dataset_summary/uniprot_ec_1_1_1_86_filtered_reviewed_yes_summary_cleaned.ipynb; Input files updated by another job: workflows/example_workflow/datasets/uniprot_ec_1_1_1_86_filtered_reviewed_yes/dataset_summary/temp/uniprot_ec_1_1_1_86_filtered_reviewed_yes_summary.ipynb
    wildcards: dataset=uniprot_ec_1_1_1_86_filtered_reviewed_yes
    resources: tmpdir=/var/folders/xs/24s9hwqd191f2x7rhdy6_ryc0000gr/T

[Mon Jun  6 09:24:28 2022]
Finished job 23.
2 of 31 steps (6%) done
Select jobs to execute...

[Mon Jun  6 09:24:28 2022]
rule align_seqs:
    input: workflows/example_workflow/datasets/uniprot_ec_1_1_1_86_filtered_reviewed_yes/subsets/classI_kari/uniprot_ec_1_1_1_86_filtered_reviewed_yes_classI_kari.fasta
    output: workflows/example_workflow/datasets/uniprot_ec_1_1_1_86_filtered_reviewed_yes/subsets/classI_kari/uniprot_ec_1_1_1_86_filtered_reviewed_yes_classI_kari.aln
    jobid: 11
    reason: Missing output files: workflows/example_workflow/datasets/uniprot_ec_1_1_1_86_filtered_reviewed_yes/subsets/classI_kari/uniprot_ec_1_1_1_86_filtered_reviewed_yes_classI_kari.aln
    wildcards: dataset=uniprot_ec_1_1_1_86_filtered_reviewed_yes, subset=classI_kari
    resources: tmpdir=/var/folders/xs/24s9hwqd191f2x7rhdy6_ryc0000gr/T

[Mon Jun  6 09:24:29 2022]
Finished job 11.
3 of 31 steps (10%) done
Select jobs to execute...

[Mon Jun  6 09:24:29 2022]
rule add_annotations_from_alignment:
    input: workflows/example_workflow/datasets/uniprot_ec_1_1_1_86_filtered_reviewed_yes/subsets/classI_kari/uniprot_ec_1_1_1_86_filtered_reviewed_yes_classI_kari.aln, workflows/example_workflow/datasets/uniprot_ec_1_1_1_86_filtered_reviewed_yes/subsets/classI_kari/csv/uniprot_ec_1_1_1_86_filtered_reviewed_yes_classI_kari.csv
    output: workflows/example_workflow/datasets/uniprot_ec_1_1_1_86_filtered_reviewed_yes/subsets/classI_kari/csv/uniprot_ec_1_1_1_86_filtered_reviewed_yes_classI_kari_alignment.csv
    jobid: 10
    reason: Missing output files: workflows/example_workflow/datasets/uniprot_ec_1_1_1_86_filtered_reviewed_yes/subsets/classI_kari/csv/uniprot_ec_1_1_1_86_filtered_reviewed_yes_classI_kari_alignment.csv; Input files updated by another job: workflows/example_workflow/datasets/uniprot_ec_1_1_1_86_filtered_reviewed_yes/subsets/classI_kari/uniprot_ec_1_1_1_86_filtered_reviewed_yes_classI_kari.aln
    wildcards: dataset=uniprot_ec_1_1_1_86_filtered_reviewed_yes, subset=classI_kari
    resources: tmpdir=/var/folders/xs/24s9hwqd191f2x7rhdy6_ryc0000gr/T

[Mon Jun  6 09:24:30 2022]
Finished job 10.
4 of 31 steps (13%) done
Select jobs to execute...

[Mon Jun  6 09:24:30 2022]
rule create_subset_summary:
    input: workflows/example_workflow/datasets/uniprot_ec_1_1_1_86_filtered_reviewed_yes/subsets/classI_kari/uniprot_ec_1_1_1_86_filtered_reviewed_yes_classI_kari.aln, workflows/example_workflow/datasets/uniprot_ec_1_1_1_86_filtered_reviewed_yes/subsets/classI_kari/csv/uniprot_ec_1_1_1_86_filtered_reviewed_yes_classI_kari_alignment.csv
    output: workflows/example_workflow/datasets/uniprot_ec_1_1_1_86_filtered_reviewed_yes/dataset_summary/uniprot_ec_1_1_1_86_filtered_reviewed_yes/subsets/classI_kari/temp/classI_kari_subset_summary.ipynb
    log: workflows/example_workflow/datasets/uniprot_ec_1_1_1_86_filtered_reviewed_yes/dataset_summary/uniprot_ec_1_1_1_86_filtered_reviewed_yes/subsets/classI_kari/temp/classI_kari_subset_summary.ipynb
    jobid: 30
    reason: Missing output files: workflows/example_workflow/datasets/uniprot_ec_1_1_1_86_filtered_reviewed_yes/dataset_summary/uniprot_ec_1_1_1_86_filtered_reviewed_yes/subsets/classI_kari/temp/classI_kari_subset_summary.ipynb; Input files updated by another job: workflows/example_workflow/datasets/uniprot_ec_1_1_1_86_filtered_reviewed_yes/subsets/classI_kari/csv/uniprot_ec_1_1_1_86_filtered_reviewed_yes_classI_kari_alignment.csv, workflows/example_workflow/datasets/uniprot_ec_1_1_1_86_filtered_reviewed_yes/subsets/classI_kari/uniprot_ec_1_1_1_86_filtered_reviewed_yes_classI_kari.aln
    wildcards: dataset=uniprot_ec_1_1_1_86_filtered_reviewed_yes, subset=classI_kari
    resources: tmpdir=/var/folders/xs/24s9hwqd191f2x7rhdy6_ryc0000gr/T

[Mon Jun  6 09:24:52 2022]
Finished job 30.
5 of 31 steps (16%) done
Select jobs to execute...

[Mon Jun  6 09:24:52 2022]
rule create_annotation_file:
    input: workflows/example_workflow/datasets/uniprot_ec_1_1_1_86_filtered_reviewed_yes/subsets/classI_kari/csv/uniprot_ec_1_1_1_86_filtered_reviewed_yes_classI_kari_alignment.csv
    output: workflows/example_workflow/datasets/uniprot_ec_1_1_1_86_filtered_reviewed_yes/subsets/classI_kari/csv/uniprot_ec_1_1_1_86_filtered_reviewed_yes_classI_kari_annotations.txt
    jobid: 9
    reason: Missing output files: workflows/example_workflow/datasets/uniprot_ec_1_1_1_86_filtered_reviewed_yes/subsets/classI_kari/csv/uniprot_ec_1_1_1_86_filtered_reviewed_yes_classI_kari_annotations.txt; Input files updated by another job: workflows/example_workflow/datasets/uniprot_ec_1_1_1_86_filtered_reviewed_yes/subsets/classI_kari/csv/uniprot_ec_1_1_1_86_filtered_reviewed_yes_classI_kari_alignment.csv
    wildcards: dataset=uniprot_ec_1_1_1_86_filtered_reviewed_yes, subset=classI_kari
    resources: tmpdir=/var/folders/xs/24s9hwqd191f2x7rhdy6_ryc0000gr/T

[Mon Jun  6 09:24:53 2022]
Finished job 9.
6 of 31 steps (19%) done
Select jobs to execute...

[Mon Jun  6 09:24:53 2022]
rule clean_subset_summary:
    input: workflows/example_workflow/datasets/uniprot_ec_1_1_1_86_filtered_reviewed_yes/dataset_summary/uniprot_ec_1_1_1_86_filtered_reviewed_yes/subsets/classI_kari/temp/classI_kari_subset_summary.ipynb
    output: workflows/example_workflow/datasets/uniprot_ec_1_1_1_86_filtered_reviewed_yes/dataset_summary/uniprot_ec_1_1_1_86_filtered_reviewed_yes/subsets/classI_kari/classI_kari_subset_summary_cleaned.ipynb
    jobid: 29
    reason: Missing output files: workflows/example_workflow/datasets/uniprot_ec_1_1_1_86_filtered_reviewed_yes/dataset_summary/uniprot_ec_1_1_1_86_filtered_reviewed_yes/subsets/classI_kari/classI_kari_subset_summary_cleaned.ipynb; Input files updated by another job: workflows/example_workflow/datasets/uniprot_ec_1_1_1_86_filtered_reviewed_yes/dataset_summary/uniprot_ec_1_1_1_86_filtered_reviewed_yes/subsets/classI_kari/temp/classI_kari_subset_summary.ipynb
    wildcards: dataset=uniprot_ec_1_1_1_86_filtered_reviewed_yes, subset=classI_kari
    resources: tmpdir=/var/folders/xs/24s9hwqd191f2x7rhdy6_ryc0000gr/T

[Mon Jun  6 09:24:53 2022]
Finished job 29.
7 of 31 steps (23%) done
Select jobs to execute...

[Mon Jun  6 09:24:53 2022]
rule create_subset_document:
    input: workflows/example_workflow/datasets/uniprot_ec_1_1_1_86_filtered_reviewed_yes/dataset_summary/uniprot_ec_1_1_1_86_filtered_reviewed_yes_summary_cleaned.ipynb, workflows/example_workflow/datasets/uniprot_ec_1_1_1_86_filtered_reviewed_yes/dataset_summary/uniprot_ec_1_1_1_86_filtered_reviewed_yes/subsets/classI_kari/classI_kari_subset_summary_cleaned.ipynb
    output: workflows/example_workflow/datasets/uniprot_ec_1_1_1_86_filtered_reviewed_yes/dataset_summary/classI_kari/_config.yml, workflows/example_workflow/datasets/uniprot_ec_1_1_1_86_filtered_reviewed_yes/dataset_summary/classI_kari/_toc.yml
    jobid: 28
    reason: Missing output files: workflows/example_workflow/datasets/uniprot_ec_1_1_1_86_filtered_reviewed_yes/dataset_summary/classI_kari/_config.yml; Input files updated by another job: workflows/example_workflow/datasets/uniprot_ec_1_1_1_86_filtered_reviewed_yes/dataset_summary/uniprot_ec_1_1_1_86_filtered_reviewed_yes_summary_cleaned.ipynb, workflows/example_workflow/datasets/uniprot_ec_1_1_1_86_filtered_reviewed_yes/dataset_summary/uniprot_ec_1_1_1_86_filtered_reviewed_yes/subsets/classI_kari/classI_kari_subset_summary_cleaned.ipynb
    wildcards: dataset=uniprot_ec_1_1_1_86_filtered_reviewed_yes, subset=classI_kari
    resources: tmpdir=/var/folders/xs/24s9hwqd191f2x7rhdy6_ryc0000gr/T

[Mon Jun  6 09:24:53 2022]
Finished job 28.
8 of 31 steps (26%) done
Select jobs to execute...

[Mon Jun  6 09:24:53 2022]
rule create_annotations:
    input: workflows/example_workflow/fasta/uniprot_ec_2_2_1_6_AND_reviewed_yes.fasta
    output: workflows/example_workflow/datasets/uniprot_ec_2_2_1_6_AND_reviewed_yes/csv/original/uniprot_ec_2_2_1_6_AND_reviewed_yes_original.csv
    jobid: 20
    reason: Missing output files: workflows/example_workflow/datasets/uniprot_ec_2_2_1_6_AND_reviewed_yes/csv/original/uniprot_ec_2_2_1_6_AND_reviewed_yes_original.csv
    wildcards: dataset=uniprot_ec_2_2_1_6_AND_reviewed_yes
    resources: tmpdir=/var/folders/xs/24s9hwqd191f2x7rhdy6_ryc0000gr/T

[Mon Jun  6 09:24:54 2022]
Finished job 20.
9 of 31 steps (29%) done
Select jobs to execute...

[Mon Jun  6 09:24:54 2022]
rule get_uniprot_annotations:
    input: workflows/example_workflow/datasets/uniprot_ec_2_2_1_6_AND_reviewed_yes/csv/original/uniprot_ec_2_2_1_6_AND_reviewed_yes_original.csv
    output: workflows/example_workflow/datasets/uniprot_ec_2_2_1_6_AND_reviewed_yes/csv/uniprot/uniprot_ec_2_2_1_6_AND_reviewed_yes_uniprot.csv
    jobid: 19
    reason: Missing output files: workflows/example_workflow/datasets/uniprot_ec_2_2_1_6_AND_reviewed_yes/csv/uniprot/uniprot_ec_2_2_1_6_AND_reviewed_yes_uniprot.csv; Input files updated by another job: workflows/example_workflow/datasets/uniprot_ec_2_2_1_6_AND_reviewed_yes/csv/original/uniprot_ec_2_2_1_6_AND_reviewed_yes_original.csv
    wildcards: dataset=uniprot_ec_2_2_1_6_AND_reviewed_yes
    resources: tmpdir=/var/folders/xs/24s9hwqd191f2x7rhdy6_ryc0000gr/T

[Mon Jun  6 09:24:54 2022]
Error in rule get_uniprot_annotations:
    jobid: 19
    output: workflows/example_workflow/datasets/uniprot_ec_2_2_1_6_AND_reviewed_yes/csv/uniprot/uniprot_ec_2_2_1_6_AND_reviewed_yes_uniprot.csv

RuleException:
CalledProcessError in line 136 of /Users/uqgfoley/Documents/asr_curation_moved/asr_curation/Snakefile:
Command 'set -euo pipefail;  /Users/uqgfoley/opt/miniconda3/envs/cleanrepo/bin/python /Users/uqgfoley/Documents/asr_curation_moved/asr_curation/.snakemake/scripts/tmpp9onj_h2.get_uniprot_annotations_async.py' returned non-zero exit status 1.
  File "/Users/uqgfoley/Documents/asr_curation_moved/asr_curation/Snakefile", line 136, in __rule_get_uniprot_annotations
  File "/Users/uqgfoley/opt/miniconda3/envs/cleanrepo/lib/python3.10/concurrent/futures/thread.py", line 58, in run
Shutting down, this might take some time.
Exiting because a job execution failed. Look above for error message
Complete log: .snakemake/log/2022-06-06T092405.606285.snakemake.log
