Building DAG of jobs...
Using shell: /bin/bash
Provided cores: 1 (use --cores to define parallelism)
Rules claiming more threads will be scaled down.
Job stats:
job                               count    min threads    max threads
------------------------------  -------  -------------  -------------
add_annotations_from_alignment        3              1              1
add_custom_annotations                2              1              1
align_seqs                            3              1              1
all                                   1              1              1
clean_subset_summary                  3              1              1
clean_summary_document                2              1              1
compile_summary_document              3              1              1
create_annotation_file                3              1              1
create_annotations                    2              1              1
create_dataset_summary                2              1              1
create_subset_document                3              1              1
create_subset_summary                 3              1              1
create_subsets                        3              1              1
get_brenda_annotations                2              1              1
get_uniprot_annotations               2              1              1
total                                37              1              1

Select jobs to execute...

[Mon Jun  6 10:11:16 2022]
rule create_annotations:
    input: workflows/example_workflow/fasta/kari_example_ec_1_1_1_86.fasta
    output: workflows/example_workflow/datasets/kari_example_ec_1_1_1_86/csv/original/kari_example_ec_1_1_1_86_original.csv
    jobid: 8
    reason: Missing output files: workflows/example_workflow/datasets/kari_example_ec_1_1_1_86/csv/original/kari_example_ec_1_1_1_86_original.csv
    wildcards: dataset=kari_example_ec_1_1_1_86
    resources: tmpdir=/var/folders/xs/24s9hwqd191f2x7rhdy6_ryc0000gr/T

[Mon Jun  6 10:11:16 2022]
Finished job 8.
1 of 37 steps (3%) done
Select jobs to execute...

[Mon Jun  6 10:11:16 2022]
rule get_uniprot_annotations:
    input: workflows/example_workflow/datasets/kari_example_ec_1_1_1_86/csv/original/kari_example_ec_1_1_1_86_original.csv
    output: workflows/example_workflow/datasets/kari_example_ec_1_1_1_86/csv/uniprot/kari_example_ec_1_1_1_86_uniprot.csv
    jobid: 7
    reason: Missing output files: workflows/example_workflow/datasets/kari_example_ec_1_1_1_86/csv/uniprot/kari_example_ec_1_1_1_86_uniprot.csv; Input files updated by another job: workflows/example_workflow/datasets/kari_example_ec_1_1_1_86/csv/original/kari_example_ec_1_1_1_86_original.csv
    wildcards: dataset=kari_example_ec_1_1_1_86
    resources: tmpdir=/var/folders/xs/24s9hwqd191f2x7rhdy6_ryc0000gr/T

[Mon Jun  6 10:11:24 2022]
Finished job 7.
2 of 37 steps (5%) done
Select jobs to execute...

[Mon Jun  6 10:11:24 2022]
rule get_brenda_annotations:
    input: workflows/example_workflow/datasets/kari_example_ec_1_1_1_86/csv/uniprot/kari_example_ec_1_1_1_86_uniprot.csv
    output: workflows/example_workflow/datasets/kari_example_ec_1_1_1_86/csv/brenda/kari_example_ec_1_1_1_86_brenda.csv
    jobid: 6
    reason: Missing output files: workflows/example_workflow/datasets/kari_example_ec_1_1_1_86/csv/brenda/kari_example_ec_1_1_1_86_brenda.csv; Input files updated by another job: workflows/example_workflow/datasets/kari_example_ec_1_1_1_86/csv/uniprot/kari_example_ec_1_1_1_86_uniprot.csv
    wildcards: dataset=kari_example_ec_1_1_1_86
    resources: tmpdir=/var/folders/xs/24s9hwqd191f2x7rhdy6_ryc0000gr/T

[Mon Jun  6 10:11:33 2022]
Finished job 6.
3 of 37 steps (8%) done
Select jobs to execute...

[Mon Jun  6 10:11:33 2022]
rule add_custom_annotations:
    input: workflows/example_workflow/datasets/kari_example_ec_1_1_1_86/csv/brenda/kari_example_ec_1_1_1_86_brenda.csv
    output: workflows/example_workflow/datasets/kari_example_ec_1_1_1_86/csv/custom/kari_example_ec_1_1_1_86_annotated.csv
    jobid: 5
    reason: Missing output files: workflows/example_workflow/datasets/kari_example_ec_1_1_1_86/csv/custom/kari_example_ec_1_1_1_86_annotated.csv; Input files updated by another job: workflows/example_workflow/datasets/kari_example_ec_1_1_1_86/csv/brenda/kari_example_ec_1_1_1_86_brenda.csv
    wildcards: dataset=kari_example_ec_1_1_1_86
    resources: tmpdir=/var/folders/xs/24s9hwqd191f2x7rhdy6_ryc0000gr/T

[Mon Jun  6 10:11:34 2022]
Finished job 5.
4 of 37 steps (11%) done
Select jobs to execute...

[Mon Jun  6 10:11:34 2022]
rule create_subsets:
    input: workflows/example_workflow/subset_rules/kari_example_ec_1_1_1_86.subset, workflows/example_workflow/datasets/kari_example_ec_1_1_1_86/csv/custom/kari_example_ec_1_1_1_86_annotated.csv
    output: workflows/example_workflow/datasets/kari_example_ec_1_1_1_86/subsets/classI_kari/kari_example_ec_1_1_1_86_classI_kari.fasta, workflows/example_workflow/datasets/kari_example_ec_1_1_1_86/subsets/classI_kari/csv/kari_example_ec_1_1_1_86_classI_kari.csv
    jobid: 12
    reason: Missing output files: workflows/example_workflow/datasets/kari_example_ec_1_1_1_86/subsets/classI_kari/kari_example_ec_1_1_1_86_classI_kari.fasta, workflows/example_workflow/datasets/kari_example_ec_1_1_1_86/subsets/classI_kari/csv/kari_example_ec_1_1_1_86_classI_kari.csv; Input files updated by another job: workflows/example_workflow/datasets/kari_example_ec_1_1_1_86/csv/custom/kari_example_ec_1_1_1_86_annotated.csv
    wildcards: dataset=kari_example_ec_1_1_1_86, subset=classI_kari
    resources: tmpdir=/var/folders/xs/24s9hwqd191f2x7rhdy6_ryc0000gr/T

[Mon Jun  6 10:11:35 2022]
Finished job 12.
5 of 37 steps (14%) done
Select jobs to execute...

[Mon Jun  6 10:11:35 2022]
rule create_subsets:
    input: workflows/example_workflow/subset_rules/kari_example_ec_1_1_1_86.subset, workflows/example_workflow/datasets/kari_example_ec_1_1_1_86/csv/custom/kari_example_ec_1_1_1_86_annotated.csv
    output: workflows/example_workflow/datasets/kari_example_ec_1_1_1_86/subsets/eukaryotic_kari/kari_example_ec_1_1_1_86_eukaryotic_kari.fasta, workflows/example_workflow/datasets/kari_example_ec_1_1_1_86/subsets/eukaryotic_kari/csv/kari_example_ec_1_1_1_86_eukaryotic_kari.csv
    jobid: 4
    reason: Missing output files: workflows/example_workflow/datasets/kari_example_ec_1_1_1_86/subsets/eukaryotic_kari/kari_example_ec_1_1_1_86_eukaryotic_kari.fasta, workflows/example_workflow/datasets/kari_example_ec_1_1_1_86/subsets/eukaryotic_kari/csv/kari_example_ec_1_1_1_86_eukaryotic_kari.csv; Input files updated by another job: workflows/example_workflow/datasets/kari_example_ec_1_1_1_86/csv/custom/kari_example_ec_1_1_1_86_annotated.csv
    wildcards: dataset=kari_example_ec_1_1_1_86, subset=eukaryotic_kari
    resources: tmpdir=/var/folders/xs/24s9hwqd191f2x7rhdy6_ryc0000gr/T

[Mon Jun  6 10:11:35 2022]
Finished job 4.
6 of 37 steps (16%) done
Select jobs to execute...

[Mon Jun  6 10:11:35 2022]
rule create_dataset_summary:
    input: workflows/example_workflow/datasets/kari_example_ec_1_1_1_86/csv/custom/kari_example_ec_1_1_1_86_annotated.csv
    output: workflows/example_workflow/datasets/kari_example_ec_1_1_1_86/dataset_summary/temp/kari_example_ec_1_1_1_86_summary.ipynb
    log: workflows/example_workflow/datasets/kari_example_ec_1_1_1_86/dataset_summary/temp/kari_example_ec_1_1_1_86_summary.ipynb
    jobid: 24
    reason: Missing output files: workflows/example_workflow/datasets/kari_example_ec_1_1_1_86/dataset_summary/temp/kari_example_ec_1_1_1_86_summary.ipynb; Input files updated by another job: workflows/example_workflow/datasets/kari_example_ec_1_1_1_86/csv/custom/kari_example_ec_1_1_1_86_annotated.csv
    wildcards: dataset=kari_example_ec_1_1_1_86
    resources: tmpdir=/var/folders/xs/24s9hwqd191f2x7rhdy6_ryc0000gr/T

[Mon Jun  6 10:11:57 2022]
Finished job 24.
7 of 37 steps (19%) done
Select jobs to execute...

[Mon Jun  6 10:11:57 2022]
rule clean_summary_document:
    input: workflows/example_workflow/datasets/kari_example_ec_1_1_1_86/dataset_summary/temp/kari_example_ec_1_1_1_86_summary.ipynb
    output: workflows/example_workflow/datasets/kari_example_ec_1_1_1_86/dataset_summary/kari_example_ec_1_1_1_86_summary_cleaned.ipynb
    jobid: 23
    reason: Missing output files: workflows/example_workflow/datasets/kari_example_ec_1_1_1_86/dataset_summary/kari_example_ec_1_1_1_86_summary_cleaned.ipynb; Input files updated by another job: workflows/example_workflow/datasets/kari_example_ec_1_1_1_86/dataset_summary/temp/kari_example_ec_1_1_1_86_summary.ipynb
    wildcards: dataset=kari_example_ec_1_1_1_86
    resources: tmpdir=/var/folders/xs/24s9hwqd191f2x7rhdy6_ryc0000gr/T

[Mon Jun  6 10:11:58 2022]
Finished job 23.
8 of 37 steps (22%) done
Select jobs to execute...

[Mon Jun  6 10:11:58 2022]
rule align_seqs:
    input: workflows/example_workflow/datasets/kari_example_ec_1_1_1_86/subsets/classI_kari/kari_example_ec_1_1_1_86_classI_kari.fasta
    output: workflows/example_workflow/datasets/kari_example_ec_1_1_1_86/subsets/classI_kari/kari_example_ec_1_1_1_86_classI_kari.aln
    jobid: 11
    reason: Missing output files: workflows/example_workflow/datasets/kari_example_ec_1_1_1_86/subsets/classI_kari/kari_example_ec_1_1_1_86_classI_kari.aln; Input files updated by another job: workflows/example_workflow/datasets/kari_example_ec_1_1_1_86/subsets/classI_kari/kari_example_ec_1_1_1_86_classI_kari.fasta
    wildcards: dataset=kari_example_ec_1_1_1_86, subset=classI_kari
    resources: tmpdir=/var/folders/xs/24s9hwqd191f2x7rhdy6_ryc0000gr/T

[Mon Jun  6 10:11:58 2022]
Finished job 11.
9 of 37 steps (24%) done
Select jobs to execute...

[Mon Jun  6 10:11:58 2022]
rule add_annotations_from_alignment:
    input: workflows/example_workflow/datasets/kari_example_ec_1_1_1_86/subsets/classI_kari/kari_example_ec_1_1_1_86_classI_kari.aln, workflows/example_workflow/datasets/kari_example_ec_1_1_1_86/subsets/classI_kari/csv/kari_example_ec_1_1_1_86_classI_kari.csv
    output: workflows/example_workflow/datasets/kari_example_ec_1_1_1_86/subsets/classI_kari/csv/kari_example_ec_1_1_1_86_classI_kari_alignment.csv
    jobid: 10
    reason: Missing output files: workflows/example_workflow/datasets/kari_example_ec_1_1_1_86/subsets/classI_kari/csv/kari_example_ec_1_1_1_86_classI_kari_alignment.csv; Input files updated by another job: workflows/example_workflow/datasets/kari_example_ec_1_1_1_86/subsets/classI_kari/kari_example_ec_1_1_1_86_classI_kari.aln, workflows/example_workflow/datasets/kari_example_ec_1_1_1_86/subsets/classI_kari/csv/kari_example_ec_1_1_1_86_classI_kari.csv
    wildcards: dataset=kari_example_ec_1_1_1_86, subset=classI_kari
    resources: tmpdir=/var/folders/xs/24s9hwqd191f2x7rhdy6_ryc0000gr/T

[Mon Jun  6 10:11:58 2022]
Finished job 10.
10 of 37 steps (27%) done
Select jobs to execute...

[Mon Jun  6 10:11:58 2022]
rule create_subset_summary:
    input: workflows/example_workflow/datasets/kari_example_ec_1_1_1_86/subsets/classI_kari/kari_example_ec_1_1_1_86_classI_kari.aln, workflows/example_workflow/datasets/kari_example_ec_1_1_1_86/subsets/classI_kari/csv/kari_example_ec_1_1_1_86_classI_kari_alignment.csv
    output: workflows/example_workflow/datasets/kari_example_ec_1_1_1_86/dataset_summary/kari_example_ec_1_1_1_86/subsets/classI_kari/temp/classI_kari_subset_summary.ipynb
    log: workflows/example_workflow/datasets/kari_example_ec_1_1_1_86/dataset_summary/kari_example_ec_1_1_1_86/subsets/classI_kari/temp/classI_kari_subset_summary.ipynb
    jobid: 30
    reason: Missing output files: workflows/example_workflow/datasets/kari_example_ec_1_1_1_86/dataset_summary/kari_example_ec_1_1_1_86/subsets/classI_kari/temp/classI_kari_subset_summary.ipynb; Input files updated by another job: workflows/example_workflow/datasets/kari_example_ec_1_1_1_86/subsets/classI_kari/csv/kari_example_ec_1_1_1_86_classI_kari_alignment.csv, workflows/example_workflow/datasets/kari_example_ec_1_1_1_86/subsets/classI_kari/kari_example_ec_1_1_1_86_classI_kari.aln
    wildcards: dataset=kari_example_ec_1_1_1_86, subset=classI_kari
    resources: tmpdir=/var/folders/xs/24s9hwqd191f2x7rhdy6_ryc0000gr/T

[Mon Jun  6 10:12:20 2022]
Finished job 30.
11 of 37 steps (30%) done
Select jobs to execute...

[Mon Jun  6 10:12:20 2022]
rule create_annotation_file:
    input: workflows/example_workflow/datasets/kari_example_ec_1_1_1_86/subsets/classI_kari/csv/kari_example_ec_1_1_1_86_classI_kari_alignment.csv
    output: workflows/example_workflow/datasets/kari_example_ec_1_1_1_86/subsets/classI_kari/csv/kari_example_ec_1_1_1_86_classI_kari_annotations.txt
    jobid: 9
    reason: Missing output files: workflows/example_workflow/datasets/kari_example_ec_1_1_1_86/subsets/classI_kari/csv/kari_example_ec_1_1_1_86_classI_kari_annotations.txt; Input files updated by another job: workflows/example_workflow/datasets/kari_example_ec_1_1_1_86/subsets/classI_kari/csv/kari_example_ec_1_1_1_86_classI_kari_alignment.csv
    wildcards: dataset=kari_example_ec_1_1_1_86, subset=classI_kari
    resources: tmpdir=/var/folders/xs/24s9hwqd191f2x7rhdy6_ryc0000gr/T

[Mon Jun  6 10:12:21 2022]
Finished job 9.
12 of 37 steps (32%) done
Select jobs to execute...

[Mon Jun  6 10:12:21 2022]
rule clean_subset_summary:
    input: workflows/example_workflow/datasets/kari_example_ec_1_1_1_86/dataset_summary/kari_example_ec_1_1_1_86/subsets/classI_kari/temp/classI_kari_subset_summary.ipynb
    output: workflows/example_workflow/datasets/kari_example_ec_1_1_1_86/dataset_summary/kari_example_ec_1_1_1_86/subsets/classI_kari/classI_kari_subset_summary_cleaned.ipynb
    jobid: 29
    reason: Missing output files: workflows/example_workflow/datasets/kari_example_ec_1_1_1_86/dataset_summary/kari_example_ec_1_1_1_86/subsets/classI_kari/classI_kari_subset_summary_cleaned.ipynb; Input files updated by another job: workflows/example_workflow/datasets/kari_example_ec_1_1_1_86/dataset_summary/kari_example_ec_1_1_1_86/subsets/classI_kari/temp/classI_kari_subset_summary.ipynb
    wildcards: dataset=kari_example_ec_1_1_1_86, subset=classI_kari
    resources: tmpdir=/var/folders/xs/24s9hwqd191f2x7rhdy6_ryc0000gr/T

[Mon Jun  6 10:12:21 2022]
Finished job 29.
13 of 37 steps (35%) done
Select jobs to execute...

[Mon Jun  6 10:12:21 2022]
rule create_subset_document:
    input: workflows/example_workflow/datasets/kari_example_ec_1_1_1_86/dataset_summary/kari_example_ec_1_1_1_86_summary_cleaned.ipynb, workflows/example_workflow/datasets/kari_example_ec_1_1_1_86/dataset_summary/kari_example_ec_1_1_1_86/subsets/classI_kari/classI_kari_subset_summary_cleaned.ipynb
    output: workflows/example_workflow/datasets/kari_example_ec_1_1_1_86/dataset_summary/classI_kari/_config.yml, workflows/example_workflow/datasets/kari_example_ec_1_1_1_86/dataset_summary/classI_kari/_toc.yml
    jobid: 28
    reason: Missing output files: workflows/example_workflow/datasets/kari_example_ec_1_1_1_86/dataset_summary/classI_kari/_config.yml; Input files updated by another job: workflows/example_workflow/datasets/kari_example_ec_1_1_1_86/dataset_summary/kari_example_ec_1_1_1_86_summary_cleaned.ipynb, workflows/example_workflow/datasets/kari_example_ec_1_1_1_86/dataset_summary/kari_example_ec_1_1_1_86/subsets/classI_kari/classI_kari_subset_summary_cleaned.ipynb
    wildcards: dataset=kari_example_ec_1_1_1_86, subset=classI_kari
    resources: tmpdir=/var/folders/xs/24s9hwqd191f2x7rhdy6_ryc0000gr/T

[Mon Jun  6 10:12:21 2022]
Finished job 28.
14 of 37 steps (38%) done
Select jobs to execute...

[Mon Jun  6 10:12:21 2022]
rule create_annotations:
    input: workflows/example_workflow/fasta/als_example_ec_2_2_1_6.fasta
    output: workflows/example_workflow/datasets/als_example_ec_2_2_1_6/csv/original/als_example_ec_2_2_1_6_original.csv
    jobid: 20
    reason: Missing output files: workflows/example_workflow/datasets/als_example_ec_2_2_1_6/csv/original/als_example_ec_2_2_1_6_original.csv
    wildcards: dataset=als_example_ec_2_2_1_6
    resources: tmpdir=/var/folders/xs/24s9hwqd191f2x7rhdy6_ryc0000gr/T

[Mon Jun  6 10:12:22 2022]
Finished job 20.
15 of 37 steps (41%) done
Select jobs to execute...

[Mon Jun  6 10:12:22 2022]
rule get_uniprot_annotations:
    input: workflows/example_workflow/datasets/als_example_ec_2_2_1_6/csv/original/als_example_ec_2_2_1_6_original.csv
    output: workflows/example_workflow/datasets/als_example_ec_2_2_1_6/csv/uniprot/als_example_ec_2_2_1_6_uniprot.csv
    jobid: 19
    reason: Missing output files: workflows/example_workflow/datasets/als_example_ec_2_2_1_6/csv/uniprot/als_example_ec_2_2_1_6_uniprot.csv; Input files updated by another job: workflows/example_workflow/datasets/als_example_ec_2_2_1_6/csv/original/als_example_ec_2_2_1_6_original.csv
    wildcards: dataset=als_example_ec_2_2_1_6
    resources: tmpdir=/var/folders/xs/24s9hwqd191f2x7rhdy6_ryc0000gr/T

[Mon Jun  6 10:12:29 2022]
Finished job 19.
16 of 37 steps (43%) done
Select jobs to execute...

[Mon Jun  6 10:12:29 2022]
rule get_brenda_annotations:
    input: workflows/example_workflow/datasets/als_example_ec_2_2_1_6/csv/uniprot/als_example_ec_2_2_1_6_uniprot.csv
    output: workflows/example_workflow/datasets/als_example_ec_2_2_1_6/csv/brenda/als_example_ec_2_2_1_6_brenda.csv
    jobid: 18
    reason: Missing output files: workflows/example_workflow/datasets/als_example_ec_2_2_1_6/csv/brenda/als_example_ec_2_2_1_6_brenda.csv; Input files updated by another job: workflows/example_workflow/datasets/als_example_ec_2_2_1_6/csv/uniprot/als_example_ec_2_2_1_6_uniprot.csv
    wildcards: dataset=als_example_ec_2_2_1_6
    resources: tmpdir=/var/folders/xs/24s9hwqd191f2x7rhdy6_ryc0000gr/T

[Mon Jun  6 10:12:40 2022]
Finished job 18.
17 of 37 steps (46%) done
Select jobs to execute...

[Mon Jun  6 10:12:40 2022]
rule add_custom_annotations:
    input: workflows/example_workflow/datasets/als_example_ec_2_2_1_6/csv/brenda/als_example_ec_2_2_1_6_brenda.csv
    output: workflows/example_workflow/datasets/als_example_ec_2_2_1_6/csv/custom/als_example_ec_2_2_1_6_annotated.csv
    jobid: 17
    reason: Missing output files: workflows/example_workflow/datasets/als_example_ec_2_2_1_6/csv/custom/als_example_ec_2_2_1_6_annotated.csv; Input files updated by another job: workflows/example_workflow/datasets/als_example_ec_2_2_1_6/csv/brenda/als_example_ec_2_2_1_6_brenda.csv
    wildcards: dataset=als_example_ec_2_2_1_6
    resources: tmpdir=/var/folders/xs/24s9hwqd191f2x7rhdy6_ryc0000gr/T

[Mon Jun  6 10:12:41 2022]
Finished job 17.
18 of 37 steps (49%) done
Select jobs to execute...

[Mon Jun  6 10:12:41 2022]
rule create_subsets:
    input: workflows/example_workflow/subset_rules/als_example_ec_2_2_1_6.subset, workflows/example_workflow/datasets/als_example_ec_2_2_1_6/csv/custom/als_example_ec_2_2_1_6_annotated.csv
    output: workflows/example_workflow/datasets/als_example_ec_2_2_1_6/subsets/als_interpro_IPR012782/als_example_ec_2_2_1_6_als_interpro_IPR012782.fasta, workflows/example_workflow/datasets/als_example_ec_2_2_1_6/subsets/als_interpro_IPR012782/csv/als_example_ec_2_2_1_6_als_interpro_IPR012782.csv
    jobid: 16
    reason: Missing output files: workflows/example_workflow/datasets/als_example_ec_2_2_1_6/subsets/als_interpro_IPR012782/csv/als_example_ec_2_2_1_6_als_interpro_IPR012782.csv, workflows/example_workflow/datasets/als_example_ec_2_2_1_6/subsets/als_interpro_IPR012782/als_example_ec_2_2_1_6_als_interpro_IPR012782.fasta; Input files updated by another job: workflows/example_workflow/datasets/als_example_ec_2_2_1_6/csv/custom/als_example_ec_2_2_1_6_annotated.csv
    wildcards: dataset=als_example_ec_2_2_1_6, subset=als_interpro_IPR012782
    resources: tmpdir=/var/folders/xs/24s9hwqd191f2x7rhdy6_ryc0000gr/T

[Mon Jun  6 10:12:42 2022]
Finished job 16.
19 of 37 steps (51%) done
Select jobs to execute...

[Mon Jun  6 10:12:42 2022]
rule create_dataset_summary:
    input: workflows/example_workflow/datasets/als_example_ec_2_2_1_6/csv/custom/als_example_ec_2_2_1_6_annotated.csv
    output: workflows/example_workflow/datasets/als_example_ec_2_2_1_6/dataset_summary/temp/als_example_ec_2_2_1_6_summary.ipynb
    log: workflows/example_workflow/datasets/als_example_ec_2_2_1_6/dataset_summary/temp/als_example_ec_2_2_1_6_summary.ipynb
    jobid: 34
    reason: Missing output files: workflows/example_workflow/datasets/als_example_ec_2_2_1_6/dataset_summary/temp/als_example_ec_2_2_1_6_summary.ipynb; Input files updated by another job: workflows/example_workflow/datasets/als_example_ec_2_2_1_6/csv/custom/als_example_ec_2_2_1_6_annotated.csv
    wildcards: dataset=als_example_ec_2_2_1_6
    resources: tmpdir=/var/folders/xs/24s9hwqd191f2x7rhdy6_ryc0000gr/T

[Mon Jun  6 10:14:54 2022]
Finished job 34.
20 of 37 steps (54%) done
Select jobs to execute...

[Mon Jun  6 10:14:54 2022]
rule clean_summary_document:
    input: workflows/example_workflow/datasets/als_example_ec_2_2_1_6/dataset_summary/temp/als_example_ec_2_2_1_6_summary.ipynb
    output: workflows/example_workflow/datasets/als_example_ec_2_2_1_6/dataset_summary/als_example_ec_2_2_1_6_summary_cleaned.ipynb
    jobid: 33
    reason: Missing output files: workflows/example_workflow/datasets/als_example_ec_2_2_1_6/dataset_summary/als_example_ec_2_2_1_6_summary_cleaned.ipynb; Input files updated by another job: workflows/example_workflow/datasets/als_example_ec_2_2_1_6/dataset_summary/temp/als_example_ec_2_2_1_6_summary.ipynb
    wildcards: dataset=als_example_ec_2_2_1_6
    resources: tmpdir=/var/folders/xs/24s9hwqd191f2x7rhdy6_ryc0000gr/T

[Mon Jun  6 10:14:55 2022]
Finished job 33.
21 of 37 steps (57%) done
Select jobs to execute...

[Mon Jun  6 10:14:55 2022]
rule align_seqs:
    input: workflows/example_workflow/datasets/kari_example_ec_1_1_1_86/subsets/eukaryotic_kari/kari_example_ec_1_1_1_86_eukaryotic_kari.fasta
    output: workflows/example_workflow/datasets/kari_example_ec_1_1_1_86/subsets/eukaryotic_kari/kari_example_ec_1_1_1_86_eukaryotic_kari.aln
    jobid: 3
    reason: Missing output files: workflows/example_workflow/datasets/kari_example_ec_1_1_1_86/subsets/eukaryotic_kari/kari_example_ec_1_1_1_86_eukaryotic_kari.aln; Input files updated by another job: workflows/example_workflow/datasets/kari_example_ec_1_1_1_86/subsets/eukaryotic_kari/kari_example_ec_1_1_1_86_eukaryotic_kari.fasta
    wildcards: dataset=kari_example_ec_1_1_1_86, subset=eukaryotic_kari
    resources: tmpdir=/var/folders/xs/24s9hwqd191f2x7rhdy6_ryc0000gr/T

[Mon Jun  6 10:14:55 2022]
Finished job 3.
22 of 37 steps (59%) done
Select jobs to execute...

[Mon Jun  6 10:14:55 2022]
rule add_annotations_from_alignment:
    input: workflows/example_workflow/datasets/kari_example_ec_1_1_1_86/subsets/eukaryotic_kari/kari_example_ec_1_1_1_86_eukaryotic_kari.aln, workflows/example_workflow/datasets/kari_example_ec_1_1_1_86/subsets/eukaryotic_kari/csv/kari_example_ec_1_1_1_86_eukaryotic_kari.csv
    output: workflows/example_workflow/datasets/kari_example_ec_1_1_1_86/subsets/eukaryotic_kari/csv/kari_example_ec_1_1_1_86_eukaryotic_kari_alignment.csv
    jobid: 2
    reason: Missing output files: workflows/example_workflow/datasets/kari_example_ec_1_1_1_86/subsets/eukaryotic_kari/csv/kari_example_ec_1_1_1_86_eukaryotic_kari_alignment.csv; Input files updated by another job: workflows/example_workflow/datasets/kari_example_ec_1_1_1_86/subsets/eukaryotic_kari/kari_example_ec_1_1_1_86_eukaryotic_kari.aln, workflows/example_workflow/datasets/kari_example_ec_1_1_1_86/subsets/eukaryotic_kari/csv/kari_example_ec_1_1_1_86_eukaryotic_kari.csv
    wildcards: dataset=kari_example_ec_1_1_1_86, subset=eukaryotic_kari
    resources: tmpdir=/var/folders/xs/24s9hwqd191f2x7rhdy6_ryc0000gr/T

[Mon Jun  6 10:14:55 2022]
Finished job 2.
23 of 37 steps (62%) done
Select jobs to execute...

[Mon Jun  6 10:14:55 2022]
rule create_subset_summary:
    input: workflows/example_workflow/datasets/kari_example_ec_1_1_1_86/subsets/eukaryotic_kari/kari_example_ec_1_1_1_86_eukaryotic_kari.aln, workflows/example_workflow/datasets/kari_example_ec_1_1_1_86/subsets/eukaryotic_kari/csv/kari_example_ec_1_1_1_86_eukaryotic_kari_alignment.csv
    output: workflows/example_workflow/datasets/kari_example_ec_1_1_1_86/dataset_summary/kari_example_ec_1_1_1_86/subsets/eukaryotic_kari/temp/eukaryotic_kari_subset_summary.ipynb
    log: workflows/example_workflow/datasets/kari_example_ec_1_1_1_86/dataset_summary/kari_example_ec_1_1_1_86/subsets/eukaryotic_kari/temp/eukaryotic_kari_subset_summary.ipynb
    jobid: 26
    reason: Missing output files: workflows/example_workflow/datasets/kari_example_ec_1_1_1_86/dataset_summary/kari_example_ec_1_1_1_86/subsets/eukaryotic_kari/temp/eukaryotic_kari_subset_summary.ipynb; Input files updated by another job: workflows/example_workflow/datasets/kari_example_ec_1_1_1_86/subsets/eukaryotic_kari/csv/kari_example_ec_1_1_1_86_eukaryotic_kari_alignment.csv, workflows/example_workflow/datasets/kari_example_ec_1_1_1_86/subsets/eukaryotic_kari/kari_example_ec_1_1_1_86_eukaryotic_kari.aln
    wildcards: dataset=kari_example_ec_1_1_1_86, subset=eukaryotic_kari
    resources: tmpdir=/var/folders/xs/24s9hwqd191f2x7rhdy6_ryc0000gr/T

[Mon Jun  6 10:15:14 2022]
Finished job 26.
24 of 37 steps (65%) done
Select jobs to execute...

[Mon Jun  6 10:15:14 2022]
rule clean_subset_summary:
    input: workflows/example_workflow/datasets/kari_example_ec_1_1_1_86/dataset_summary/kari_example_ec_1_1_1_86/subsets/eukaryotic_kari/temp/eukaryotic_kari_subset_summary.ipynb
    output: workflows/example_workflow/datasets/kari_example_ec_1_1_1_86/dataset_summary/kari_example_ec_1_1_1_86/subsets/eukaryotic_kari/eukaryotic_kari_subset_summary_cleaned.ipynb
    jobid: 25
    reason: Missing output files: workflows/example_workflow/datasets/kari_example_ec_1_1_1_86/dataset_summary/kari_example_ec_1_1_1_86/subsets/eukaryotic_kari/eukaryotic_kari_subset_summary_cleaned.ipynb; Input files updated by another job: workflows/example_workflow/datasets/kari_example_ec_1_1_1_86/dataset_summary/kari_example_ec_1_1_1_86/subsets/eukaryotic_kari/temp/eukaryotic_kari_subset_summary.ipynb
    wildcards: dataset=kari_example_ec_1_1_1_86, subset=eukaryotic_kari
    resources: tmpdir=/var/folders/xs/24s9hwqd191f2x7rhdy6_ryc0000gr/T

[Mon Jun  6 10:15:14 2022]
Finished job 25.
25 of 37 steps (68%) done
Select jobs to execute...

[Mon Jun  6 10:15:14 2022]
rule create_subset_document:
    input: workflows/example_workflow/datasets/kari_example_ec_1_1_1_86/dataset_summary/kari_example_ec_1_1_1_86_summary_cleaned.ipynb, workflows/example_workflow/datasets/kari_example_ec_1_1_1_86/dataset_summary/kari_example_ec_1_1_1_86/subsets/eukaryotic_kari/eukaryotic_kari_subset_summary_cleaned.ipynb
    output: workflows/example_workflow/datasets/kari_example_ec_1_1_1_86/dataset_summary/eukaryotic_kari/_config.yml, workflows/example_workflow/datasets/kari_example_ec_1_1_1_86/dataset_summary/eukaryotic_kari/_toc.yml
    jobid: 22
    reason: Missing output files: workflows/example_workflow/datasets/kari_example_ec_1_1_1_86/dataset_summary/eukaryotic_kari/_config.yml; Input files updated by another job: workflows/example_workflow/datasets/kari_example_ec_1_1_1_86/dataset_summary/kari_example_ec_1_1_1_86_summary_cleaned.ipynb, workflows/example_workflow/datasets/kari_example_ec_1_1_1_86/dataset_summary/kari_example_ec_1_1_1_86/subsets/eukaryotic_kari/eukaryotic_kari_subset_summary_cleaned.ipynb
    wildcards: dataset=kari_example_ec_1_1_1_86, subset=eukaryotic_kari
    resources: tmpdir=/var/folders/xs/24s9hwqd191f2x7rhdy6_ryc0000gr/T

[Mon Jun  6 10:15:14 2022]
Finished job 22.
26 of 37 steps (70%) done
Select jobs to execute...

[Mon Jun  6 10:15:14 2022]
rule create_annotation_file:
    input: workflows/example_workflow/datasets/kari_example_ec_1_1_1_86/subsets/eukaryotic_kari/csv/kari_example_ec_1_1_1_86_eukaryotic_kari_alignment.csv
    output: workflows/example_workflow/datasets/kari_example_ec_1_1_1_86/subsets/eukaryotic_kari/csv/kari_example_ec_1_1_1_86_eukaryotic_kari_annotations.txt
    jobid: 1
    reason: Missing output files: workflows/example_workflow/datasets/kari_example_ec_1_1_1_86/subsets/eukaryotic_kari/csv/kari_example_ec_1_1_1_86_eukaryotic_kari_annotations.txt; Input files updated by another job: workflows/example_workflow/datasets/kari_example_ec_1_1_1_86/subsets/eukaryotic_kari/csv/kari_example_ec_1_1_1_86_eukaryotic_kari_alignment.csv
    wildcards: dataset=kari_example_ec_1_1_1_86, subset=eukaryotic_kari
    resources: tmpdir=/var/folders/xs/24s9hwqd191f2x7rhdy6_ryc0000gr/T

[Mon Jun  6 10:15:15 2022]
Finished job 1.
27 of 37 steps (73%) done
Select jobs to execute...

[Mon Jun  6 10:15:15 2022]
rule align_seqs:
    input: workflows/example_workflow/datasets/als_example_ec_2_2_1_6/subsets/als_interpro_IPR012782/als_example_ec_2_2_1_6_als_interpro_IPR012782.fasta
    output: workflows/example_workflow/datasets/als_example_ec_2_2_1_6/subsets/als_interpro_IPR012782/als_example_ec_2_2_1_6_als_interpro_IPR012782.aln
    jobid: 15
    reason: Missing output files: workflows/example_workflow/datasets/als_example_ec_2_2_1_6/subsets/als_interpro_IPR012782/als_example_ec_2_2_1_6_als_interpro_IPR012782.aln; Input files updated by another job: workflows/example_workflow/datasets/als_example_ec_2_2_1_6/subsets/als_interpro_IPR012782/als_example_ec_2_2_1_6_als_interpro_IPR012782.fasta
    wildcards: dataset=als_example_ec_2_2_1_6, subset=als_interpro_IPR012782
    resources: tmpdir=/var/folders/xs/24s9hwqd191f2x7rhdy6_ryc0000gr/T

[Mon Jun  6 10:15:15 2022]
Finished job 15.
28 of 37 steps (76%) done
Select jobs to execute...

[Mon Jun  6 10:15:15 2022]
rule add_annotations_from_alignment:
    input: workflows/example_workflow/datasets/als_example_ec_2_2_1_6/subsets/als_interpro_IPR012782/als_example_ec_2_2_1_6_als_interpro_IPR012782.aln, workflows/example_workflow/datasets/als_example_ec_2_2_1_6/subsets/als_interpro_IPR012782/csv/als_example_ec_2_2_1_6_als_interpro_IPR012782.csv
    output: workflows/example_workflow/datasets/als_example_ec_2_2_1_6/subsets/als_interpro_IPR012782/csv/als_example_ec_2_2_1_6_als_interpro_IPR012782_alignment.csv
    jobid: 14
    reason: Missing output files: workflows/example_workflow/datasets/als_example_ec_2_2_1_6/subsets/als_interpro_IPR012782/csv/als_example_ec_2_2_1_6_als_interpro_IPR012782_alignment.csv; Input files updated by another job: workflows/example_workflow/datasets/als_example_ec_2_2_1_6/subsets/als_interpro_IPR012782/als_example_ec_2_2_1_6_als_interpro_IPR012782.aln, workflows/example_workflow/datasets/als_example_ec_2_2_1_6/subsets/als_interpro_IPR012782/csv/als_example_ec_2_2_1_6_als_interpro_IPR012782.csv
    wildcards: dataset=als_example_ec_2_2_1_6, subset=als_interpro_IPR012782
    resources: tmpdir=/var/folders/xs/24s9hwqd191f2x7rhdy6_ryc0000gr/T

[Mon Jun  6 10:15:15 2022]
Finished job 14.
29 of 37 steps (78%) done
Select jobs to execute...

[Mon Jun  6 10:15:15 2022]
rule create_subset_summary:
    input: workflows/example_workflow/datasets/als_example_ec_2_2_1_6/subsets/als_interpro_IPR012782/als_example_ec_2_2_1_6_als_interpro_IPR012782.aln, workflows/example_workflow/datasets/als_example_ec_2_2_1_6/subsets/als_interpro_IPR012782/csv/als_example_ec_2_2_1_6_als_interpro_IPR012782_alignment.csv
    output: workflows/example_workflow/datasets/als_example_ec_2_2_1_6/dataset_summary/als_example_ec_2_2_1_6/subsets/als_interpro_IPR012782/temp/als_interpro_IPR012782_subset_summary.ipynb
    log: workflows/example_workflow/datasets/als_example_ec_2_2_1_6/dataset_summary/als_example_ec_2_2_1_6/subsets/als_interpro_IPR012782/temp/als_interpro_IPR012782_subset_summary.ipynb
    jobid: 36
    reason: Missing output files: workflows/example_workflow/datasets/als_example_ec_2_2_1_6/dataset_summary/als_example_ec_2_2_1_6/subsets/als_interpro_IPR012782/temp/als_interpro_IPR012782_subset_summary.ipynb; Input files updated by another job: workflows/example_workflow/datasets/als_example_ec_2_2_1_6/subsets/als_interpro_IPR012782/als_example_ec_2_2_1_6_als_interpro_IPR012782.aln, workflows/example_workflow/datasets/als_example_ec_2_2_1_6/subsets/als_interpro_IPR012782/csv/als_example_ec_2_2_1_6_als_interpro_IPR012782_alignment.csv
    wildcards: dataset=als_example_ec_2_2_1_6, subset=als_interpro_IPR012782
    resources: tmpdir=/var/folders/xs/24s9hwqd191f2x7rhdy6_ryc0000gr/T

[Mon Jun  6 10:15:41 2022]
Finished job 36.
30 of 37 steps (81%) done
Select jobs to execute...

[Mon Jun  6 10:15:41 2022]
rule clean_subset_summary:
    input: workflows/example_workflow/datasets/als_example_ec_2_2_1_6/dataset_summary/als_example_ec_2_2_1_6/subsets/als_interpro_IPR012782/temp/als_interpro_IPR012782_subset_summary.ipynb
    output: workflows/example_workflow/datasets/als_example_ec_2_2_1_6/dataset_summary/als_example_ec_2_2_1_6/subsets/als_interpro_IPR012782/als_interpro_IPR012782_subset_summary_cleaned.ipynb
    jobid: 35
    reason: Missing output files: workflows/example_workflow/datasets/als_example_ec_2_2_1_6/dataset_summary/als_example_ec_2_2_1_6/subsets/als_interpro_IPR012782/als_interpro_IPR012782_subset_summary_cleaned.ipynb; Input files updated by another job: workflows/example_workflow/datasets/als_example_ec_2_2_1_6/dataset_summary/als_example_ec_2_2_1_6/subsets/als_interpro_IPR012782/temp/als_interpro_IPR012782_subset_summary.ipynb
    wildcards: dataset=als_example_ec_2_2_1_6, subset=als_interpro_IPR012782
    resources: tmpdir=/var/folders/xs/24s9hwqd191f2x7rhdy6_ryc0000gr/T

[Mon Jun  6 10:15:42 2022]
Finished job 35.
31 of 37 steps (84%) done
Select jobs to execute...

[Mon Jun  6 10:15:42 2022]
rule create_subset_document:
    input: workflows/example_workflow/datasets/als_example_ec_2_2_1_6/dataset_summary/als_example_ec_2_2_1_6_summary_cleaned.ipynb, workflows/example_workflow/datasets/als_example_ec_2_2_1_6/dataset_summary/als_example_ec_2_2_1_6/subsets/als_interpro_IPR012782/als_interpro_IPR012782_subset_summary_cleaned.ipynb
    output: workflows/example_workflow/datasets/als_example_ec_2_2_1_6/dataset_summary/als_interpro_IPR012782/_config.yml, workflows/example_workflow/datasets/als_example_ec_2_2_1_6/dataset_summary/als_interpro_IPR012782/_toc.yml
    jobid: 32
    reason: Missing output files: workflows/example_workflow/datasets/als_example_ec_2_2_1_6/dataset_summary/als_interpro_IPR012782/_config.yml; Input files updated by another job: workflows/example_workflow/datasets/als_example_ec_2_2_1_6/dataset_summary/als_example_ec_2_2_1_6_summary_cleaned.ipynb, workflows/example_workflow/datasets/als_example_ec_2_2_1_6/dataset_summary/als_example_ec_2_2_1_6/subsets/als_interpro_IPR012782/als_interpro_IPR012782_subset_summary_cleaned.ipynb
    wildcards: dataset=als_example_ec_2_2_1_6, subset=als_interpro_IPR012782
    resources: tmpdir=/var/folders/xs/24s9hwqd191f2x7rhdy6_ryc0000gr/T

[Mon Jun  6 10:15:42 2022]
Finished job 32.
32 of 37 steps (86%) done
Select jobs to execute...

[Mon Jun  6 10:15:42 2022]
rule create_annotation_file:
    input: workflows/example_workflow/datasets/als_example_ec_2_2_1_6/subsets/als_interpro_IPR012782/csv/als_example_ec_2_2_1_6_als_interpro_IPR012782_alignment.csv
    output: workflows/example_workflow/datasets/als_example_ec_2_2_1_6/subsets/als_interpro_IPR012782/csv/als_example_ec_2_2_1_6_als_interpro_IPR012782_annotations.txt
    jobid: 13
    reason: Missing output files: workflows/example_workflow/datasets/als_example_ec_2_2_1_6/subsets/als_interpro_IPR012782/csv/als_example_ec_2_2_1_6_als_interpro_IPR012782_annotations.txt; Input files updated by another job: workflows/example_workflow/datasets/als_example_ec_2_2_1_6/subsets/als_interpro_IPR012782/csv/als_example_ec_2_2_1_6_als_interpro_IPR012782_alignment.csv
    wildcards: dataset=als_example_ec_2_2_1_6, subset=als_interpro_IPR012782
    resources: tmpdir=/var/folders/xs/24s9hwqd191f2x7rhdy6_ryc0000gr/T

[Mon Jun  6 10:15:43 2022]
Finished job 13.
33 of 37 steps (89%) done
Select jobs to execute...

[Mon Jun  6 10:15:43 2022]
rule compile_summary_document:
    input: workflows/example_workflow/datasets/kari_example_ec_1_1_1_86/dataset_summary/classI_kari/_config.yml
    output: workflows/example_workflow/datasets/kari_example_ec_1_1_1_86/dataset_summary/classI_kari/_build/html/index.html
    jobid: 27
    reason: Missing output files: workflows/example_workflow/datasets/kari_example_ec_1_1_1_86/dataset_summary/classI_kari/_build/html/index.html; Input files updated by another job: workflows/example_workflow/datasets/kari_example_ec_1_1_1_86/dataset_summary/classI_kari/_config.yml
    wildcards: dataset=kari_example_ec_1_1_1_86, subset=classI_kari
    resources: tmpdir=/var/folders/xs/24s9hwqd191f2x7rhdy6_ryc0000gr/T

[Mon Jun  6 10:16:27 2022]
Finished job 27.
34 of 37 steps (92%) done
Select jobs to execute...

[Mon Jun  6 10:16:27 2022]
rule compile_summary_document:
    input: workflows/example_workflow/datasets/kari_example_ec_1_1_1_86/dataset_summary/eukaryotic_kari/_config.yml
    output: workflows/example_workflow/datasets/kari_example_ec_1_1_1_86/dataset_summary/eukaryotic_kari/_build/html/index.html
    jobid: 21
    reason: Missing output files: workflows/example_workflow/datasets/kari_example_ec_1_1_1_86/dataset_summary/eukaryotic_kari/_build/html/index.html; Input files updated by another job: workflows/example_workflow/datasets/kari_example_ec_1_1_1_86/dataset_summary/eukaryotic_kari/_config.yml
    wildcards: dataset=kari_example_ec_1_1_1_86, subset=eukaryotic_kari
    resources: tmpdir=/var/folders/xs/24s9hwqd191f2x7rhdy6_ryc0000gr/T

[Mon Jun  6 10:17:29 2022]
Finished job 21.
35 of 37 steps (95%) done
Select jobs to execute...

[Mon Jun  6 10:17:29 2022]
rule compile_summary_document:
    input: workflows/example_workflow/datasets/als_example_ec_2_2_1_6/dataset_summary/als_interpro_IPR012782/_config.yml
    output: workflows/example_workflow/datasets/als_example_ec_2_2_1_6/dataset_summary/als_interpro_IPR012782/_build/html/index.html
    jobid: 31
    reason: Missing output files: workflows/example_workflow/datasets/als_example_ec_2_2_1_6/dataset_summary/als_interpro_IPR012782/_build/html/index.html; Input files updated by another job: workflows/example_workflow/datasets/als_example_ec_2_2_1_6/dataset_summary/als_interpro_IPR012782/_config.yml
    wildcards: dataset=als_example_ec_2_2_1_6, subset=als_interpro_IPR012782
    resources: tmpdir=/var/folders/xs/24s9hwqd191f2x7rhdy6_ryc0000gr/T

[Mon Jun  6 10:18:31 2022]
Finished job 31.
36 of 37 steps (97%) done
Select jobs to execute...

[Mon Jun  6 10:18:31 2022]
localrule all:
    input: workflows/example_workflow/datasets/kari_example_ec_1_1_1_86/subsets/eukaryotic_kari/csv/kari_example_ec_1_1_1_86_eukaryotic_kari_annotations.txt, workflows/example_workflow/datasets/kari_example_ec_1_1_1_86/subsets/classI_kari/csv/kari_example_ec_1_1_1_86_classI_kari_annotations.txt, workflows/example_workflow/datasets/als_example_ec_2_2_1_6/subsets/als_interpro_IPR012782/csv/als_example_ec_2_2_1_6_als_interpro_IPR012782_annotations.txt, workflows/example_workflow/datasets/kari_example_ec_1_1_1_86/dataset_summary/eukaryotic_kari/_build/html/index.html, workflows/example_workflow/datasets/kari_example_ec_1_1_1_86/dataset_summary/classI_kari/_build/html/index.html, workflows/example_workflow/datasets/als_example_ec_2_2_1_6/dataset_summary/als_interpro_IPR012782/_build/html/index.html
    jobid: 0
    reason: Input files updated by another job: workflows/example_workflow/datasets/als_example_ec_2_2_1_6/subsets/als_interpro_IPR012782/csv/als_example_ec_2_2_1_6_als_interpro_IPR012782_annotations.txt, workflows/example_workflow/datasets/als_example_ec_2_2_1_6/dataset_summary/als_interpro_IPR012782/_build/html/index.html, workflows/example_workflow/datasets/kari_example_ec_1_1_1_86/dataset_summary/classI_kari/_build/html/index.html, workflows/example_workflow/datasets/kari_example_ec_1_1_1_86/subsets/classI_kari/csv/kari_example_ec_1_1_1_86_classI_kari_annotations.txt, workflows/example_workflow/datasets/kari_example_ec_1_1_1_86/subsets/eukaryotic_kari/csv/kari_example_ec_1_1_1_86_eukaryotic_kari_annotations.txt, workflows/example_workflow/datasets/kari_example_ec_1_1_1_86/dataset_summary/eukaryotic_kari/_build/html/index.html
    resources: tmpdir=/var/folders/xs/24s9hwqd191f2x7rhdy6_ryc0000gr/T

[Mon Jun  6 10:18:31 2022]
Finished job 0.
37 of 37 steps (100%) done
Complete log: .snakemake/log/2022-06-06T101116.034916.snakemake.log
