Building DAG of jobs...
Using shell: /bin/bash
Provided cores: 1 (use --cores to define parallelism)
Rules claiming more threads will be scaled down.
Job stats:
job                               count    min threads    max threads
------------------------------  -------  -------------  -------------
add_annotations_from_alignment        3              1              1
add_annotations_from_ancestors        3              1              1
add_custom_annotations                1              1              1
align_seqs                            3              1              1
all                                   1              1              1
clean_subset_summary                  3              1              1
clean_summary_document                2              1              1
compile_summary_document              3              1              1
create_annotation_file                3              1              1
create_annotations                    1              1              1
create_dataset_summary                2              1              1
create_subset_document                3              1              1
create_subset_summary                 3              1              1
create_subsets                        1              1              1
get_brenda_annotations                1              1              1
get_uniprot_annotations               1              1              1
infer_tree                            3              1              1
run_grasp                             3              1              1
total                                40              1              1

Select jobs to execute...

[Wed Jun  1 21:42:19 2022]
rule create_dataset_summary:
    input: workflows/example_workflow/datasets/uniprot_ec_1_1_1_86_filtered_reviewed_yes/csv/custom/uniprot_ec_1_1_1_86_filtered_reviewed_yes_annotated.csv
    output: workflows/example_workflow/datasets/uniprot_ec_1_1_1_86_filtered_reviewed_yes/dataset_summary/temp/uniprot_ec_1_1_1_86_filtered_reviewed_yes_summary.ipynb
    log: workflows/example_workflow/datasets/uniprot_ec_1_1_1_86_filtered_reviewed_yes/dataset_summary/temp/uniprot_ec_1_1_1_86_filtered_reviewed_yes_summary.ipynb
    jobid: 24
    reason: Missing output files: workflows/example_workflow/datasets/uniprot_ec_1_1_1_86_filtered_reviewed_yes/dataset_summary/temp/uniprot_ec_1_1_1_86_filtered_reviewed_yes_summary.ipynb
    wildcards: dataset=uniprot_ec_1_1_1_86_filtered_reviewed_yes
    resources: tmpdir=/var/folders/xs/24s9hwqd191f2x7rhdy6_ryc0000gr/T

[Wed Jun  1 21:42:19 2022]
Error in rule create_dataset_summary:
    jobid: 24
    output: workflows/example_workflow/datasets/uniprot_ec_1_1_1_86_filtered_reviewed_yes/dataset_summary/temp/uniprot_ec_1_1_1_86_filtered_reviewed_yes_summary.ipynb
    log: workflows/example_workflow/datasets/uniprot_ec_1_1_1_86_filtered_reviewed_yes/dataset_summary/temp/uniprot_ec_1_1_1_86_filtered_reviewed_yes_summary.ipynb (check log file(s) for error message)

RuleException:
CalledProcessError in line 297 of /Users/uqgfoley/Documents/asr_curation_moved/asr_curation/Snakefile:
Command 'set -euo pipefail;  jupyter-nbconvert --log-level ERROR --execute --output /Users/uqgfoley/Documents/asr_curation_moved/asr_curation/workflows/example_workflow/datasets/uniprot_ec_1_1_1_86_filtered_reviewed_yes/dataset_summary/temp/uniprot_ec_1_1_1_86_filtered_reviewed_yes_summary.ipynb --to notebook --ExecutePreprocessor.timeout=-1 /Users/uqgfoley/Documents/asr_curation_moved/asr_curation/.snakemake/scripts/tmpkupdtit2.create_summary_document.py.ipynb' returned non-zero exit status 127.
  File "/Users/uqgfoley/Documents/asr_curation_moved/asr_curation/Snakefile", line 297, in __rule_create_dataset_summary
  File "/Users/uqgfoley/opt/miniconda3/envs/asr_curation241/lib/python3.10/concurrent/futures/thread.py", line 58, in run
Removing output files of failed job create_dataset_summary since they might be corrupted:
workflows/example_workflow/datasets/uniprot_ec_1_1_1_86_filtered_reviewed_yes/dataset_summary/temp/uniprot_ec_1_1_1_86_filtered_reviewed_yes_summary.ipynb
Job failed, going on with independent jobs.
Select jobs to execute...

[Wed Jun  1 21:42:19 2022]
rule create_annotations:
    input: workflows/example_workflow/fasta/uniprot_ec_2_2_1_6_AND_reviewed_yes.fasta
    output: workflows/example_workflow/datasets/uniprot_ec_2_2_1_6_AND_reviewed_yes/csv/original/uniprot_ec_2_2_1_6_AND_reviewed_yes_original.csv
    jobid: 20
    reason: Missing output files: workflows/example_workflow/datasets/uniprot_ec_2_2_1_6_AND_reviewed_yes/csv/original/uniprot_ec_2_2_1_6_AND_reviewed_yes_original.csv
    wildcards: dataset=uniprot_ec_2_2_1_6_AND_reviewed_yes
    resources: tmpdir=/var/folders/xs/24s9hwqd191f2x7rhdy6_ryc0000gr/T

[Wed Jun  1 21:42:20 2022]
Finished job 20.
1 of 40 steps (2%) done
Select jobs to execute...

[Wed Jun  1 21:42:20 2022]
rule get_uniprot_annotations:
    input: workflows/example_workflow/datasets/uniprot_ec_2_2_1_6_AND_reviewed_yes/csv/original/uniprot_ec_2_2_1_6_AND_reviewed_yes_original.csv
    output: workflows/example_workflow/datasets/uniprot_ec_2_2_1_6_AND_reviewed_yes/csv/uniprot/uniprot_ec_2_2_1_6_AND_reviewed_yes_uniprot.csv
    jobid: 19
    reason: Missing output files: workflows/example_workflow/datasets/uniprot_ec_2_2_1_6_AND_reviewed_yes/csv/uniprot/uniprot_ec_2_2_1_6_AND_reviewed_yes_uniprot.csv; Input files updated by another job: workflows/example_workflow/datasets/uniprot_ec_2_2_1_6_AND_reviewed_yes/csv/original/uniprot_ec_2_2_1_6_AND_reviewed_yes_original.csv
    wildcards: dataset=uniprot_ec_2_2_1_6_AND_reviewed_yes
    resources: tmpdir=/var/folders/xs/24s9hwqd191f2x7rhdy6_ryc0000gr/T

[Wed Jun  1 21:42:29 2022]
Finished job 19.
2 of 40 steps (5%) done
Select jobs to execute...

[Wed Jun  1 21:42:29 2022]
rule get_brenda_annotations:
    input: workflows/example_workflow/datasets/uniprot_ec_2_2_1_6_AND_reviewed_yes/csv/uniprot/uniprot_ec_2_2_1_6_AND_reviewed_yes_uniprot.csv
    output: workflows/example_workflow/datasets/uniprot_ec_2_2_1_6_AND_reviewed_yes/csv/brenda/uniprot_ec_2_2_1_6_AND_reviewed_yes_brenda.csv
    jobid: 18
    reason: Missing output files: workflows/example_workflow/datasets/uniprot_ec_2_2_1_6_AND_reviewed_yes/csv/brenda/uniprot_ec_2_2_1_6_AND_reviewed_yes_brenda.csv; Input files updated by another job: workflows/example_workflow/datasets/uniprot_ec_2_2_1_6_AND_reviewed_yes/csv/uniprot/uniprot_ec_2_2_1_6_AND_reviewed_yes_uniprot.csv
    wildcards: dataset=uniprot_ec_2_2_1_6_AND_reviewed_yes
    resources: tmpdir=/var/folders/xs/24s9hwqd191f2x7rhdy6_ryc0000gr/T

[Wed Jun  1 21:42:39 2022]
Finished job 18.
3 of 40 steps (8%) done
Select jobs to execute...

[Wed Jun  1 21:42:39 2022]
rule add_custom_annotations:
    input: workflows/example_workflow/datasets/uniprot_ec_2_2_1_6_AND_reviewed_yes/csv/brenda/uniprot_ec_2_2_1_6_AND_reviewed_yes_brenda.csv
    output: workflows/example_workflow/datasets/uniprot_ec_2_2_1_6_AND_reviewed_yes/csv/custom/uniprot_ec_2_2_1_6_AND_reviewed_yes_annotated.csv
    jobid: 17
    reason: Missing output files: workflows/example_workflow/datasets/uniprot_ec_2_2_1_6_AND_reviewed_yes/csv/custom/uniprot_ec_2_2_1_6_AND_reviewed_yes_annotated.csv; Input files updated by another job: workflows/example_workflow/datasets/uniprot_ec_2_2_1_6_AND_reviewed_yes/csv/brenda/uniprot_ec_2_2_1_6_AND_reviewed_yes_brenda.csv
    wildcards: dataset=uniprot_ec_2_2_1_6_AND_reviewed_yes
    resources: tmpdir=/var/folders/xs/24s9hwqd191f2x7rhdy6_ryc0000gr/T

[Wed Jun  1 21:42:39 2022]
Finished job 17.
4 of 40 steps (10%) done
Select jobs to execute...

[Wed Jun  1 21:42:39 2022]
rule create_subsets:
    input: workflows/example_workflow/subset_rules/uniprot_ec_2_2_1_6_AND_reviewed_yes.subset, workflows/example_workflow/datasets/uniprot_ec_2_2_1_6_AND_reviewed_yes/csv/custom/uniprot_ec_2_2_1_6_AND_reviewed_yes_annotated.csv
    output: workflows/example_workflow/datasets/uniprot_ec_2_2_1_6_AND_reviewed_yes/subsets/swissprot/uniprot_ec_2_2_1_6_AND_reviewed_yes_swissprot.fasta, workflows/example_workflow/datasets/uniprot_ec_2_2_1_6_AND_reviewed_yes/subsets/swissprot/csv/uniprot_ec_2_2_1_6_AND_reviewed_yes_swissprot.csv
    jobid: 16
    reason: Missing output files: workflows/example_workflow/datasets/uniprot_ec_2_2_1_6_AND_reviewed_yes/subsets/swissprot/csv/uniprot_ec_2_2_1_6_AND_reviewed_yes_swissprot.csv, workflows/example_workflow/datasets/uniprot_ec_2_2_1_6_AND_reviewed_yes/subsets/swissprot/uniprot_ec_2_2_1_6_AND_reviewed_yes_swissprot.fasta; Input files updated by another job: workflows/example_workflow/datasets/uniprot_ec_2_2_1_6_AND_reviewed_yes/csv/custom/uniprot_ec_2_2_1_6_AND_reviewed_yes_annotated.csv
    wildcards: dataset=uniprot_ec_2_2_1_6_AND_reviewed_yes, subset=swissprot
    resources: tmpdir=/var/folders/xs/24s9hwqd191f2x7rhdy6_ryc0000gr/T

[Wed Jun  1 21:42:40 2022]
Finished job 16.
5 of 40 steps (12%) done
Select jobs to execute...

[Wed Jun  1 21:42:40 2022]
rule create_dataset_summary:
    input: workflows/example_workflow/datasets/uniprot_ec_2_2_1_6_AND_reviewed_yes/csv/custom/uniprot_ec_2_2_1_6_AND_reviewed_yes_annotated.csv
    output: workflows/example_workflow/datasets/uniprot_ec_2_2_1_6_AND_reviewed_yes/dataset_summary/temp/uniprot_ec_2_2_1_6_AND_reviewed_yes_summary.ipynb
    log: workflows/example_workflow/datasets/uniprot_ec_2_2_1_6_AND_reviewed_yes/dataset_summary/temp/uniprot_ec_2_2_1_6_AND_reviewed_yes_summary.ipynb
    jobid: 40
    reason: Missing output files: workflows/example_workflow/datasets/uniprot_ec_2_2_1_6_AND_reviewed_yes/dataset_summary/temp/uniprot_ec_2_2_1_6_AND_reviewed_yes_summary.ipynb; Input files updated by another job: workflows/example_workflow/datasets/uniprot_ec_2_2_1_6_AND_reviewed_yes/csv/custom/uniprot_ec_2_2_1_6_AND_reviewed_yes_annotated.csv
    wildcards: dataset=uniprot_ec_2_2_1_6_AND_reviewed_yes
    resources: tmpdir=/var/folders/xs/24s9hwqd191f2x7rhdy6_ryc0000gr/T

[Wed Jun  1 21:42:40 2022]
Error in rule create_dataset_summary:
    jobid: 40
    output: workflows/example_workflow/datasets/uniprot_ec_2_2_1_6_AND_reviewed_yes/dataset_summary/temp/uniprot_ec_2_2_1_6_AND_reviewed_yes_summary.ipynb
    log: workflows/example_workflow/datasets/uniprot_ec_2_2_1_6_AND_reviewed_yes/dataset_summary/temp/uniprot_ec_2_2_1_6_AND_reviewed_yes_summary.ipynb (check log file(s) for error message)

RuleException:
CalledProcessError in line 297 of /Users/uqgfoley/Documents/asr_curation_moved/asr_curation/Snakefile:
Command 'set -euo pipefail;  jupyter-nbconvert --log-level ERROR --execute --output /Users/uqgfoley/Documents/asr_curation_moved/asr_curation/workflows/example_workflow/datasets/uniprot_ec_2_2_1_6_AND_reviewed_yes/dataset_summary/temp/uniprot_ec_2_2_1_6_AND_reviewed_yes_summary.ipynb --to notebook --ExecutePreprocessor.timeout=-1 /Users/uqgfoley/Documents/asr_curation_moved/asr_curation/.snakemake/scripts/tmpw3ghoaa1.create_summary_document.py.ipynb' returned non-zero exit status 127.
  File "/Users/uqgfoley/Documents/asr_curation_moved/asr_curation/Snakefile", line 297, in __rule_create_dataset_summary
  File "/Users/uqgfoley/opt/miniconda3/envs/asr_curation241/lib/python3.10/concurrent/futures/thread.py", line 58, in run
Removing output files of failed job create_dataset_summary since they might be corrupted:
workflows/example_workflow/datasets/uniprot_ec_2_2_1_6_AND_reviewed_yes/dataset_summary/temp/uniprot_ec_2_2_1_6_AND_reviewed_yes_summary.ipynb
Job failed, going on with independent jobs.
Select jobs to execute...

[Wed Jun  1 21:42:40 2022]
rule align_seqs:
    input: workflows/example_workflow/datasets/uniprot_ec_2_2_1_6_AND_reviewed_yes/subsets/swissprot/uniprot_ec_2_2_1_6_AND_reviewed_yes_swissprot.fasta
    output: workflows/example_workflow/datasets/uniprot_ec_2_2_1_6_AND_reviewed_yes/subsets/swissprot/uniprot_ec_2_2_1_6_AND_reviewed_yes_swissprot.aln
    jobid: 15
    reason: Missing output files: workflows/example_workflow/datasets/uniprot_ec_2_2_1_6_AND_reviewed_yes/subsets/swissprot/uniprot_ec_2_2_1_6_AND_reviewed_yes_swissprot.aln; Input files updated by another job: workflows/example_workflow/datasets/uniprot_ec_2_2_1_6_AND_reviewed_yes/subsets/swissprot/uniprot_ec_2_2_1_6_AND_reviewed_yes_swissprot.fasta
    wildcards: dataset=uniprot_ec_2_2_1_6_AND_reviewed_yes, subset=swissprot
    resources: tmpdir=/var/folders/xs/24s9hwqd191f2x7rhdy6_ryc0000gr/T

[Wed Jun  1 21:42:40 2022]
Error in rule align_seqs:
    jobid: 15
    output: workflows/example_workflow/datasets/uniprot_ec_2_2_1_6_AND_reviewed_yes/subsets/swissprot/uniprot_ec_2_2_1_6_AND_reviewed_yes_swissprot.aln
    shell:
        mafft --reorder workflows/example_workflow/datasets/uniprot_ec_2_2_1_6_AND_reviewed_yes/subsets/swissprot/uniprot_ec_2_2_1_6_AND_reviewed_yes_swissprot.fasta > workflows/example_workflow/datasets/uniprot_ec_2_2_1_6_AND_reviewed_yes/subsets/swissprot/uniprot_ec_2_2_1_6_AND_reviewed_yes_swissprot.aln
        (one of the commands exited with non-zero exit code; note that snakemake uses bash strict mode!)

Removing output files of failed job align_seqs since they might be corrupted:
workflows/example_workflow/datasets/uniprot_ec_2_2_1_6_AND_reviewed_yes/subsets/swissprot/uniprot_ec_2_2_1_6_AND_reviewed_yes_swissprot.aln
Job failed, going on with independent jobs.
Select jobs to execute...

[Wed Jun  1 21:42:40 2022]
rule align_seqs:
    input: workflows/example_workflow/datasets/uniprot_ec_1_1_1_86_filtered_reviewed_yes/subsets/4loop/uniprot_ec_1_1_1_86_filtered_reviewed_yes_4loop.fasta
    output: workflows/example_workflow/datasets/uniprot_ec_1_1_1_86_filtered_reviewed_yes/subsets/4loop/uniprot_ec_1_1_1_86_filtered_reviewed_yes_4loop.aln
    jobid: 3
    reason: Missing output files: workflows/example_workflow/datasets/uniprot_ec_1_1_1_86_filtered_reviewed_yes/subsets/4loop/uniprot_ec_1_1_1_86_filtered_reviewed_yes_4loop.aln
    wildcards: dataset=uniprot_ec_1_1_1_86_filtered_reviewed_yes, subset=4loop
    resources: tmpdir=/var/folders/xs/24s9hwqd191f2x7rhdy6_ryc0000gr/T

[Wed Jun  1 21:42:40 2022]
Error in rule align_seqs:
    jobid: 3
    output: workflows/example_workflow/datasets/uniprot_ec_1_1_1_86_filtered_reviewed_yes/subsets/4loop/uniprot_ec_1_1_1_86_filtered_reviewed_yes_4loop.aln
    shell:
        mafft --reorder workflows/example_workflow/datasets/uniprot_ec_1_1_1_86_filtered_reviewed_yes/subsets/4loop/uniprot_ec_1_1_1_86_filtered_reviewed_yes_4loop.fasta > workflows/example_workflow/datasets/uniprot_ec_1_1_1_86_filtered_reviewed_yes/subsets/4loop/uniprot_ec_1_1_1_86_filtered_reviewed_yes_4loop.aln
        (one of the commands exited with non-zero exit code; note that snakemake uses bash strict mode!)

Removing output files of failed job align_seqs since they might be corrupted:
workflows/example_workflow/datasets/uniprot_ec_1_1_1_86_filtered_reviewed_yes/subsets/4loop/uniprot_ec_1_1_1_86_filtered_reviewed_yes_4loop.aln
Job failed, going on with independent jobs.
Select jobs to execute...

[Wed Jun  1 21:42:40 2022]
rule align_seqs:
    input: workflows/example_workflow/datasets/uniprot_ec_1_1_1_86_filtered_reviewed_yes/subsets/7loop/uniprot_ec_1_1_1_86_filtered_reviewed_yes_7loop.fasta
    output: workflows/example_workflow/datasets/uniprot_ec_1_1_1_86_filtered_reviewed_yes/subsets/7loop/uniprot_ec_1_1_1_86_filtered_reviewed_yes_7loop.aln
    jobid: 11
    reason: Missing output files: workflows/example_workflow/datasets/uniprot_ec_1_1_1_86_filtered_reviewed_yes/subsets/7loop/uniprot_ec_1_1_1_86_filtered_reviewed_yes_7loop.aln
    wildcards: dataset=uniprot_ec_1_1_1_86_filtered_reviewed_yes, subset=7loop
    resources: tmpdir=/var/folders/xs/24s9hwqd191f2x7rhdy6_ryc0000gr/T

[Wed Jun  1 21:42:40 2022]
Error in rule align_seqs:
    jobid: 11
    output: workflows/example_workflow/datasets/uniprot_ec_1_1_1_86_filtered_reviewed_yes/subsets/7loop/uniprot_ec_1_1_1_86_filtered_reviewed_yes_7loop.aln
    shell:
        mafft --reorder workflows/example_workflow/datasets/uniprot_ec_1_1_1_86_filtered_reviewed_yes/subsets/7loop/uniprot_ec_1_1_1_86_filtered_reviewed_yes_7loop.fasta > workflows/example_workflow/datasets/uniprot_ec_1_1_1_86_filtered_reviewed_yes/subsets/7loop/uniprot_ec_1_1_1_86_filtered_reviewed_yes_7loop.aln
        (one of the commands exited with non-zero exit code; note that snakemake uses bash strict mode!)

Removing output files of failed job align_seqs since they might be corrupted:
workflows/example_workflow/datasets/uniprot_ec_1_1_1_86_filtered_reviewed_yes/subsets/7loop/uniprot_ec_1_1_1_86_filtered_reviewed_yes_7loop.aln
Job failed, going on with independent jobs.
Exiting because a job execution failed. Look above for error message
BUG: Out of jobs ready to be started, but not all files built yet. Please check https://github.com/snakemake/snakemake/issues/823 for more information.
Remaining jobs:
 - clean_subset_summary: workflows/example_workflow/datasets/uniprot_ec_2_2_1_6_AND_reviewed_yes/dataset_summary/uniprot_ec_2_2_1_6_AND_reviewed_yes/subsets/swissprot/swissprot_subset_summary_cleaned.ipynb
 - create_subset_summary: workflows/example_workflow/datasets/uniprot_ec_1_1_1_86_filtered_reviewed_yes/dataset_summary/uniprot_ec_1_1_1_86_filtered_reviewed_yes/subsets/4loop/temp/4loop_subset_summary.ipynb
 - align_seqs: workflows/example_workflow/datasets/uniprot_ec_1_1_1_86_filtered_reviewed_yes/subsets/7loop/uniprot_ec_1_1_1_86_filtered_reviewed_yes_7loop.aln
 - add_annotations_from_ancestors: workflows/example_workflow/datasets/uniprot_ec_1_1_1_86_filtered_reviewed_yes/subsets/7loop/csv/uniprot_ec_1_1_1_86_filtered_reviewed_yes_7loop_ancestors.csv
 - create_subset_summary: workflows/example_workflow/datasets/uniprot_ec_2_2_1_6_AND_reviewed_yes/dataset_summary/uniprot_ec_2_2_1_6_AND_reviewed_yes/subsets/swissprot/temp/swissprot_subset_summary.ipynb
 - add_annotations_from_ancestors: workflows/example_workflow/datasets/uniprot_ec_1_1_1_86_filtered_reviewed_yes/subsets/4loop/csv/uniprot_ec_1_1_1_86_filtered_reviewed_yes_4loop_ancestors.csv
 - run_grasp: workflows/example_workflow/datasets/uniprot_ec_1_1_1_86_filtered_reviewed_yes/subsets/7loop/grasp_results, workflows/example_workflow/datasets/uniprot_ec_1_1_1_86_filtered_reviewed_yes/subsets/7loop/grasp_results/GRASP_ancestors.fasta, workflows/example_workflow/datasets/uniprot_ec_1_1_1_86_filtered_reviewed_yes/subsets/7loop/grasp_results/GRASP_ancestors.nwk
 - add_annotations_from_ancestors: workflows/example_workflow/datasets/uniprot_ec_2_2_1_6_AND_reviewed_yes/subsets/swissprot/csv/uniprot_ec_2_2_1_6_AND_reviewed_yes_swissprot_ancestors.csv
 - run_grasp: workflows/example_workflow/datasets/uniprot_ec_1_1_1_86_filtered_reviewed_yes/subsets/4loop/grasp_results, workflows/example_workflow/datasets/uniprot_ec_1_1_1_86_filtered_reviewed_yes/subsets/4loop/grasp_results/GRASP_ancestors.fasta, workflows/example_workflow/datasets/uniprot_ec_1_1_1_86_filtered_reviewed_yes/subsets/4loop/grasp_results/GRASP_ancestors.nwk
 - create_annotation_file: workflows/example_workflow/datasets/uniprot_ec_2_2_1_6_AND_reviewed_yes/subsets/swissprot/csv/uniprot_ec_2_2_1_6_AND_reviewed_yes_swissprot_annotations.txt
 - all: 
 - infer_tree: workflows/example_workflow/datasets/uniprot_ec_1_1_1_86_filtered_reviewed_yes/subsets/7loop/uniprot_ec_1_1_1_86_filtered_reviewed_yes_7loop.nwk
 - compile_summary_document: workflows/example_workflow/datasets/uniprot_ec_1_1_1_86_filtered_reviewed_yes/dataset_summary/4loop/_build/html/index.html
 - run_grasp: workflows/example_workflow/datasets/uniprot_ec_2_2_1_6_AND_reviewed_yes/subsets/swissprot/grasp_results, workflows/example_workflow/datasets/uniprot_ec_2_2_1_6_AND_reviewed_yes/subsets/swissprot/grasp_results/GRASP_ancestors.fasta, workflows/example_workflow/datasets/uniprot_ec_2_2_1_6_AND_reviewed_yes/subsets/swissprot/grasp_results/GRASP_ancestors.nwk
 - infer_tree: workflows/example_workflow/datasets/uniprot_ec_1_1_1_86_filtered_reviewed_yes/subsets/4loop/uniprot_ec_1_1_1_86_filtered_reviewed_yes_4loop.nwk
 - add_annotations_from_alignment: workflows/example_workflow/datasets/uniprot_ec_2_2_1_6_AND_reviewed_yes/subsets/swissprot/csv/uniprot_ec_2_2_1_6_AND_reviewed_yes_swissprot_alignment.csv
 - compile_summary_document: workflows/example_workflow/datasets/uniprot_ec_2_2_1_6_AND_reviewed_yes/dataset_summary/swissprot/_build/html/index.html
 - create_subset_document: workflows/example_workflow/datasets/uniprot_ec_1_1_1_86_filtered_reviewed_yes/dataset_summary/4loop/_config.yml, workflows/example_workflow/datasets/uniprot_ec_1_1_1_86_filtered_reviewed_yes/dataset_summary/4loop/_toc.yml
 - infer_tree: workflows/example_workflow/datasets/uniprot_ec_2_2_1_6_AND_reviewed_yes/subsets/swissprot/uniprot_ec_2_2_1_6_AND_reviewed_yes_swissprot.nwk
 - compile_summary_document: workflows/example_workflow/datasets/uniprot_ec_1_1_1_86_filtered_reviewed_yes/dataset_summary/7loop/_build/html/index.html
 - align_seqs: workflows/example_workflow/datasets/uniprot_ec_2_2_1_6_AND_reviewed_yes/subsets/swissprot/uniprot_ec_2_2_1_6_AND_reviewed_yes_swissprot.aln
 - create_subset_document: workflows/example_workflow/datasets/uniprot_ec_2_2_1_6_AND_reviewed_yes/dataset_summary/swissprot/_config.yml, workflows/example_workflow/datasets/uniprot_ec_2_2_1_6_AND_reviewed_yes/dataset_summary/swissprot/_toc.yml
 - clean_summary_document: workflows/example_workflow/datasets/uniprot_ec_1_1_1_86_filtered_reviewed_yes/dataset_summary/uniprot_ec_1_1_1_86_filtered_reviewed_yes_summary_cleaned.ipynb
 - create_subset_document: workflows/example_workflow/datasets/uniprot_ec_1_1_1_86_filtered_reviewed_yes/dataset_summary/7loop/_config.yml, workflows/example_workflow/datasets/uniprot_ec_1_1_1_86_filtered_reviewed_yes/dataset_summary/7loop/_toc.yml
 - create_annotation_file: workflows/example_workflow/datasets/uniprot_ec_1_1_1_86_filtered_reviewed_yes/subsets/4loop/csv/uniprot_ec_1_1_1_86_filtered_reviewed_yes_4loop_annotations.txt
 - clean_summary_document: workflows/example_workflow/datasets/uniprot_ec_2_2_1_6_AND_reviewed_yes/dataset_summary/uniprot_ec_2_2_1_6_AND_reviewed_yes_summary_cleaned.ipynb
 - create_dataset_summary: workflows/example_workflow/datasets/uniprot_ec_1_1_1_86_filtered_reviewed_yes/dataset_summary/temp/uniprot_ec_1_1_1_86_filtered_reviewed_yes_summary.ipynb
 - create_annotation_file: workflows/example_workflow/datasets/uniprot_ec_1_1_1_86_filtered_reviewed_yes/subsets/7loop/csv/uniprot_ec_1_1_1_86_filtered_reviewed_yes_7loop_annotations.txt
 - clean_subset_summary: workflows/example_workflow/datasets/uniprot_ec_1_1_1_86_filtered_reviewed_yes/dataset_summary/uniprot_ec_1_1_1_86_filtered_reviewed_yes/subsets/7loop/7loop_subset_summary_cleaned.ipynb
 - add_annotations_from_alignment: workflows/example_workflow/datasets/uniprot_ec_1_1_1_86_filtered_reviewed_yes/subsets/4loop/csv/uniprot_ec_1_1_1_86_filtered_reviewed_yes_4loop_alignment.csv
 - create_dataset_summary: workflows/example_workflow/datasets/uniprot_ec_2_2_1_6_AND_reviewed_yes/dataset_summary/temp/uniprot_ec_2_2_1_6_AND_reviewed_yes_summary.ipynb
 - clean_subset_summary: workflows/example_workflow/datasets/uniprot_ec_1_1_1_86_filtered_reviewed_yes/dataset_summary/uniprot_ec_1_1_1_86_filtered_reviewed_yes/subsets/4loop/4loop_subset_summary_cleaned.ipynb
 - add_annotations_from_alignment: workflows/example_workflow/datasets/uniprot_ec_1_1_1_86_filtered_reviewed_yes/subsets/7loop/csv/uniprot_ec_1_1_1_86_filtered_reviewed_yes_7loop_alignment.csv
 - create_subset_summary: workflows/example_workflow/datasets/uniprot_ec_1_1_1_86_filtered_reviewed_yes/dataset_summary/uniprot_ec_1_1_1_86_filtered_reviewed_yes/subsets/7loop/temp/7loop_subset_summary.ipynb
 - align_seqs: workflows/example_workflow/datasets/uniprot_ec_1_1_1_86_filtered_reviewed_yes/subsets/4loop/uniprot_ec_1_1_1_86_filtered_reviewed_yes_4loop.aln
Complete log: .snakemake/log/2022-06-01T214219.627470.snakemake.log
