Building DAG of jobs...
Using shell: /bin/bash
Provided cores: 1 (use --cores to define parallelism)
Rules claiming more threads will be scaled down.
Job stats:
job                               count    min threads    max threads
------------------------------  -------  -------------  -------------
add_annotations_from_alignment        3              1              1
add_custom_annotations                2              1              1
align_seqs                            3              1              1
all                                   1              1              1
clean_subset_summary                  3              1              1
clean_summary_document                2              1              1
compile_summary_document              3              1              1
create_annotation_file                3              1              1
create_annotations                    2              1              1
create_dataset_summary                2              1              1
create_subset_document                3              1              1
create_subset_summary                 3              1              1
create_subsets                        3              1              1
get_brenda_annotations                2              1              1
get_uniprot_annotations               2              1              1
total                                37              1              1

Select jobs to execute...

[Mon Jun  6 09:44:34 2022]
rule create_annotations:
    input: workflows/example_workflow/fasta/kari_example.fasta
    output: workflows/example_workflow/datasets/kari_example/csv/original/kari_example_original.csv
    jobid: 8
    reason: Missing output files: workflows/example_workflow/datasets/kari_example/csv/original/kari_example_original.csv
    wildcards: dataset=kari_example
    resources: tmpdir=/var/folders/xs/24s9hwqd191f2x7rhdy6_ryc0000gr/T

[Mon Jun  6 09:44:35 2022]
Finished job 8.
1 of 37 steps (3%) done
Select jobs to execute...

[Mon Jun  6 09:44:35 2022]
rule get_uniprot_annotations:
    input: workflows/example_workflow/datasets/kari_example/csv/original/kari_example_original.csv
    output: workflows/example_workflow/datasets/kari_example/csv/uniprot/kari_example_uniprot.csv
    jobid: 7
    reason: Missing output files: workflows/example_workflow/datasets/kari_example/csv/uniprot/kari_example_uniprot.csv; Input files updated by another job: workflows/example_workflow/datasets/kari_example/csv/original/kari_example_original.csv
    wildcards: dataset=kari_example
    resources: tmpdir=/var/folders/xs/24s9hwqd191f2x7rhdy6_ryc0000gr/T

[Mon Jun  6 09:44:42 2022]
Finished job 7.
2 of 37 steps (5%) done
Select jobs to execute...

[Mon Jun  6 09:44:42 2022]
rule get_brenda_annotations:
    input: workflows/example_workflow/datasets/kari_example/csv/uniprot/kari_example_uniprot.csv
    output: workflows/example_workflow/datasets/kari_example/csv/brenda/kari_example_brenda.csv
    jobid: 6
    reason: Missing output files: workflows/example_workflow/datasets/kari_example/csv/brenda/kari_example_brenda.csv; Input files updated by another job: workflows/example_workflow/datasets/kari_example/csv/uniprot/kari_example_uniprot.csv
    wildcards: dataset=kari_example
    resources: tmpdir=/var/folders/xs/24s9hwqd191f2x7rhdy6_ryc0000gr/T

[Mon Jun  6 09:44:48 2022]
Finished job 6.
3 of 37 steps (8%) done
Select jobs to execute...

[Mon Jun  6 09:44:48 2022]
rule add_custom_annotations:
    input: workflows/example_workflow/datasets/kari_example/csv/brenda/kari_example_brenda.csv
    output: workflows/example_workflow/datasets/kari_example/csv/custom/kari_example_annotated.csv
    jobid: 5
    reason: Missing output files: workflows/example_workflow/datasets/kari_example/csv/custom/kari_example_annotated.csv; Input files updated by another job: workflows/example_workflow/datasets/kari_example/csv/brenda/kari_example_brenda.csv
    wildcards: dataset=kari_example
    resources: tmpdir=/var/folders/xs/24s9hwqd191f2x7rhdy6_ryc0000gr/T

[Mon Jun  6 09:44:49 2022]
Finished job 5.
4 of 37 steps (11%) done
Select jobs to execute...

[Mon Jun  6 09:44:49 2022]
rule create_subsets:
    input: workflows/example_workflow/subset_rules/kari_example.subset, workflows/example_workflow/datasets/kari_example/csv/custom/kari_example_annotated.csv
    output: workflows/example_workflow/datasets/kari_example/subsets/eukaryotic_kari/kari_example_eukaryotic_kari.fasta, workflows/example_workflow/datasets/kari_example/subsets/eukaryotic_kari/csv/kari_example_eukaryotic_kari.csv
    jobid: 4
    reason: Missing output files: workflows/example_workflow/datasets/kari_example/subsets/eukaryotic_kari/kari_example_eukaryotic_kari.fasta, workflows/example_workflow/datasets/kari_example/subsets/eukaryotic_kari/csv/kari_example_eukaryotic_kari.csv; Input files updated by another job: workflows/example_workflow/datasets/kari_example/csv/custom/kari_example_annotated.csv
    wildcards: dataset=kari_example, subset=eukaryotic_kari
    resources: tmpdir=/var/folders/xs/24s9hwqd191f2x7rhdy6_ryc0000gr/T

[Mon Jun  6 09:44:49 2022]
Finished job 4.
5 of 37 steps (14%) done
Select jobs to execute...

[Mon Jun  6 09:44:49 2022]
rule create_subsets:
    input: workflows/example_workflow/subset_rules/kari_example.subset, workflows/example_workflow/datasets/kari_example/csv/custom/kari_example_annotated.csv
    output: workflows/example_workflow/datasets/kari_example/subsets/classI_kari/kari_example_classI_kari.fasta, workflows/example_workflow/datasets/kari_example/subsets/classI_kari/csv/kari_example_classI_kari.csv
    jobid: 12
    reason: Missing output files: workflows/example_workflow/datasets/kari_example/subsets/classI_kari/csv/kari_example_classI_kari.csv, workflows/example_workflow/datasets/kari_example/subsets/classI_kari/kari_example_classI_kari.fasta; Input files updated by another job: workflows/example_workflow/datasets/kari_example/csv/custom/kari_example_annotated.csv
    wildcards: dataset=kari_example, subset=classI_kari
    resources: tmpdir=/var/folders/xs/24s9hwqd191f2x7rhdy6_ryc0000gr/T

[Mon Jun  6 09:44:50 2022]
Error in rule create_subsets:
    jobid: 12
    output: workflows/example_workflow/datasets/kari_example/subsets/classI_kari/kari_example_classI_kari.fasta, workflows/example_workflow/datasets/kari_example/subsets/classI_kari/csv/kari_example_classI_kari.csv

RuleException:
CalledProcessError in line 204 of /Users/uqgfoley/Documents/asr_curation_moved/asr_curation/Snakefile:
Command 'set -euo pipefail;  /Users/uqgfoley/opt/miniconda3/envs/cleanrepo/bin/python /Users/uqgfoley/Documents/asr_curation_moved/asr_curation/.snakemake/scripts/tmpamn7l2qd.create_subsets.py' returned non-zero exit status 1.
  File "/Users/uqgfoley/Documents/asr_curation_moved/asr_curation/Snakefile", line 204, in __rule_create_subsets
  File "/Users/uqgfoley/opt/miniconda3/envs/cleanrepo/lib/python3.10/concurrent/futures/thread.py", line 58, in run
Shutting down, this might take some time.
Exiting because a job execution failed. Look above for error message
Complete log: .snakemake/log/2022-06-06T094434.111136.snakemake.log
