Building DAG of jobs...
Using shell: /bin/bash
Provided cores: 1 (use --cores to define parallelism)
Rules claiming more threads will be scaled down.
Job stats:
job                               count    min threads    max threads
------------------------------  -------  -------------  -------------
add_annotations_from_alignment        1              1              1
add_annotations_from_ancestors        1              1              1
add_custom_annotations                1              1              1
align_seqs                            1              1              1
all                                   1              1              1
clean_subset_summary                  1              1              1
clean_summary_document                1              1              1
compile_summary_document              1              1              1
create_annotation_file                1              1              1
create_annotations                    1              1              1
create_dataset_summary                1              1              1
create_subset_document                1              1              1
create_subset_summary                 1              1              1
create_subsets                        1              1              1
get_brenda_annotations                1              1              1
get_uniprot_annotations               1              1              1
infer_tree                            1              1              1
run_grasp                             1              1              1
total                                18              1              1

Select jobs to execute...

[Thu Jun  2 08:07:42 2022]
rule create_annotations:
    input: workflows/example_workflow/fasta/uniprot_ec_2_2_1_6_AND_reviewed_yes.fasta
    output: workflows/example_workflow/datasets/uniprot_ec_2_2_1_6_AND_reviewed_yes/csv/original/uniprot_ec_2_2_1_6_AND_reviewed_yes_original.csv
    jobid: 8
    reason: Missing output files: workflows/example_workflow/datasets/uniprot_ec_2_2_1_6_AND_reviewed_yes/csv/original/uniprot_ec_2_2_1_6_AND_reviewed_yes_original.csv
    wildcards: dataset=uniprot_ec_2_2_1_6_AND_reviewed_yes
    resources: tmpdir=/var/folders/xs/24s9hwqd191f2x7rhdy6_ryc0000gr/T

[Thu Jun  2 08:07:43 2022]
Finished job 8.
1 of 18 steps (6%) done
Select jobs to execute...

[Thu Jun  2 08:07:43 2022]
rule get_uniprot_annotations:
    input: workflows/example_workflow/datasets/uniprot_ec_2_2_1_6_AND_reviewed_yes/csv/original/uniprot_ec_2_2_1_6_AND_reviewed_yes_original.csv
    output: workflows/example_workflow/datasets/uniprot_ec_2_2_1_6_AND_reviewed_yes/csv/uniprot/uniprot_ec_2_2_1_6_AND_reviewed_yes_uniprot.csv
    jobid: 7
    reason: Missing output files: workflows/example_workflow/datasets/uniprot_ec_2_2_1_6_AND_reviewed_yes/csv/uniprot/uniprot_ec_2_2_1_6_AND_reviewed_yes_uniprot.csv; Input files updated by another job: workflows/example_workflow/datasets/uniprot_ec_2_2_1_6_AND_reviewed_yes/csv/original/uniprot_ec_2_2_1_6_AND_reviewed_yes_original.csv
    wildcards: dataset=uniprot_ec_2_2_1_6_AND_reviewed_yes
    resources: tmpdir=/var/folders/xs/24s9hwqd191f2x7rhdy6_ryc0000gr/T

[Thu Jun  2 08:07:54 2022]
Finished job 7.
2 of 18 steps (11%) done
Select jobs to execute...

[Thu Jun  2 08:07:54 2022]
rule get_brenda_annotations:
    input: workflows/example_workflow/datasets/uniprot_ec_2_2_1_6_AND_reviewed_yes/csv/uniprot/uniprot_ec_2_2_1_6_AND_reviewed_yes_uniprot.csv
    output: workflows/example_workflow/datasets/uniprot_ec_2_2_1_6_AND_reviewed_yes/csv/brenda/uniprot_ec_2_2_1_6_AND_reviewed_yes_brenda.csv
    jobid: 6
    reason: Missing output files: workflows/example_workflow/datasets/uniprot_ec_2_2_1_6_AND_reviewed_yes/csv/brenda/uniprot_ec_2_2_1_6_AND_reviewed_yes_brenda.csv; Input files updated by another job: workflows/example_workflow/datasets/uniprot_ec_2_2_1_6_AND_reviewed_yes/csv/uniprot/uniprot_ec_2_2_1_6_AND_reviewed_yes_uniprot.csv
    wildcards: dataset=uniprot_ec_2_2_1_6_AND_reviewed_yes
    resources: tmpdir=/var/folders/xs/24s9hwqd191f2x7rhdy6_ryc0000gr/T

[Thu Jun  2 08:08:03 2022]
Finished job 6.
3 of 18 steps (17%) done
Select jobs to execute...

[Thu Jun  2 08:08:03 2022]
rule add_custom_annotations:
    input: workflows/example_workflow/datasets/uniprot_ec_2_2_1_6_AND_reviewed_yes/csv/brenda/uniprot_ec_2_2_1_6_AND_reviewed_yes_brenda.csv
    output: workflows/example_workflow/datasets/uniprot_ec_2_2_1_6_AND_reviewed_yes/csv/custom/uniprot_ec_2_2_1_6_AND_reviewed_yes_annotated.csv
    jobid: 5
    reason: Missing output files: workflows/example_workflow/datasets/uniprot_ec_2_2_1_6_AND_reviewed_yes/csv/custom/uniprot_ec_2_2_1_6_AND_reviewed_yes_annotated.csv; Input files updated by another job: workflows/example_workflow/datasets/uniprot_ec_2_2_1_6_AND_reviewed_yes/csv/brenda/uniprot_ec_2_2_1_6_AND_reviewed_yes_brenda.csv
    wildcards: dataset=uniprot_ec_2_2_1_6_AND_reviewed_yes
    resources: tmpdir=/var/folders/xs/24s9hwqd191f2x7rhdy6_ryc0000gr/T

[Thu Jun  2 08:08:04 2022]
Finished job 5.
4 of 18 steps (22%) done
Select jobs to execute...

[Thu Jun  2 08:08:04 2022]
rule create_subsets:
    input: workflows/example_workflow/subset_rules/uniprot_ec_2_2_1_6_AND_reviewed_yes.subset, workflows/example_workflow/datasets/uniprot_ec_2_2_1_6_AND_reviewed_yes/csv/custom/uniprot_ec_2_2_1_6_AND_reviewed_yes_annotated.csv
    output: workflows/example_workflow/datasets/uniprot_ec_2_2_1_6_AND_reviewed_yes/subsets/swissprot/uniprot_ec_2_2_1_6_AND_reviewed_yes_swissprot.fasta, workflows/example_workflow/datasets/uniprot_ec_2_2_1_6_AND_reviewed_yes/subsets/swissprot/csv/uniprot_ec_2_2_1_6_AND_reviewed_yes_swissprot.csv
    jobid: 4
    reason: Missing output files: workflows/example_workflow/datasets/uniprot_ec_2_2_1_6_AND_reviewed_yes/subsets/swissprot/uniprot_ec_2_2_1_6_AND_reviewed_yes_swissprot.fasta, workflows/example_workflow/datasets/uniprot_ec_2_2_1_6_AND_reviewed_yes/subsets/swissprot/csv/uniprot_ec_2_2_1_6_AND_reviewed_yes_swissprot.csv; Input files updated by another job: workflows/example_workflow/datasets/uniprot_ec_2_2_1_6_AND_reviewed_yes/csv/custom/uniprot_ec_2_2_1_6_AND_reviewed_yes_annotated.csv
    wildcards: dataset=uniprot_ec_2_2_1_6_AND_reviewed_yes, subset=swissprot
    resources: tmpdir=/var/folders/xs/24s9hwqd191f2x7rhdy6_ryc0000gr/T

[Thu Jun  2 08:08:04 2022]
Finished job 4.
5 of 18 steps (28%) done
Select jobs to execute...

[Thu Jun  2 08:08:04 2022]
rule create_dataset_summary:
    input: workflows/example_workflow/datasets/uniprot_ec_2_2_1_6_AND_reviewed_yes/csv/custom/uniprot_ec_2_2_1_6_AND_reviewed_yes_annotated.csv
    output: workflows/example_workflow/datasets/uniprot_ec_2_2_1_6_AND_reviewed_yes/dataset_summary/temp/uniprot_ec_2_2_1_6_AND_reviewed_yes_summary.ipynb
    log: workflows/example_workflow/datasets/uniprot_ec_2_2_1_6_AND_reviewed_yes/dataset_summary/temp/uniprot_ec_2_2_1_6_AND_reviewed_yes_summary.ipynb
    jobid: 12
    reason: Missing output files: workflows/example_workflow/datasets/uniprot_ec_2_2_1_6_AND_reviewed_yes/dataset_summary/temp/uniprot_ec_2_2_1_6_AND_reviewed_yes_summary.ipynb; Input files updated by another job: workflows/example_workflow/datasets/uniprot_ec_2_2_1_6_AND_reviewed_yes/csv/custom/uniprot_ec_2_2_1_6_AND_reviewed_yes_annotated.csv
    wildcards: dataset=uniprot_ec_2_2_1_6_AND_reviewed_yes
    resources: tmpdir=/var/folders/xs/24s9hwqd191f2x7rhdy6_ryc0000gr/T

Terminating processes on user request, this might take some time.
[Thu Jun  2 08:09:33 2022]
Error in rule create_dataset_summary:
    jobid: 12
    output: workflows/example_workflow/datasets/uniprot_ec_2_2_1_6_AND_reviewed_yes/dataset_summary/temp/uniprot_ec_2_2_1_6_AND_reviewed_yes_summary.ipynb
    log: workflows/example_workflow/datasets/uniprot_ec_2_2_1_6_AND_reviewed_yes/dataset_summary/temp/uniprot_ec_2_2_1_6_AND_reviewed_yes_summary.ipynb (check log file(s) for error message)

RuleException:
CalledProcessError in line 297 of /Users/uqgfoley/Documents/asr_curation_moved/asr_curation/Snakefile:
Command 'set -euo pipefail;  jupyter-nbconvert --log-level ERROR --execute --output /Users/uqgfoley/Documents/asr_curation_moved/asr_curation/workflows/example_workflow/datasets/uniprot_ec_2_2_1_6_AND_reviewed_yes/dataset_summary/temp/uniprot_ec_2_2_1_6_AND_reviewed_yes_summary.ipynb --to notebook --ExecutePreprocessor.timeout=-1 /Users/uqgfoley/Documents/asr_curation_moved/asr_curation/.snakemake/scripts/tmpvgi7knfs.create_summary_document.py.ipynb' died with <Signals.SIGINT: 2>.
  File "/Users/uqgfoley/Documents/asr_curation_moved/asr_curation/Snakefile", line 297, in __rule_create_dataset_summary
  File "/Users/uqgfoley/opt/miniconda3/envs/asr_curation241/lib/python3.10/concurrent/futures/thread.py", line 58, in run
Complete log: .snakemake/log/2022-06-02T080742.891486.snakemake.log
